This file contains any messages produced by compilers while
running configure, to aid debugging if configure makes a mistake.

It was created by configure, which was
generated by GNU Autoconf 2.68.  Invocation command line was

  $ ../../../../../newlib-cygwin/libgloss/arm/configure --disable-option-checking --prefix=/usr/local --with-multisubdir=fpu --with-multisrctop= --with-newlib --enable-multilib --with-cross-host=x86_64-apple-darwin15.6.0 --with-cpu=cortex-m4 --with-fpu=fpv4-sp-d16 --with-float=hard --with-mode=thumb --with-gnu-as --with-gnu-ld --disable-nls --disable-newlib-supplied-syscalls --program-transform-name=s&^&arm-none-eabi-& --with-target-subdir=arm-none-eabi --build=x86_64-apple-darwin15.6.0 --host=arm-none-eabi --target=arm-none-eabi build_alias=x86_64-apple-darwin15.6.0 host_alias=arm-none-eabi target_alias=arm-none-eabi CC=arm-none-eabi-gcc -B/Users/justinng/Documents/Github/roborodentia2017/newlib_arm-none-eabi/arm-none-eabi/fpu/newlib/ -isystem /Users/justinng/Documents/Github/roborodentia2017/newlib_arm-none-eabi/arm-none-eabi/fpu/newlib/targ-include -isystem /Users/justinng/Documents/Github/roborodentia2017/newlib-cygwin/newlib/libc/include -B/Users/justinng/Documents/Github/roborodentia2017/newlib_arm-none-eabi/arm-none-eabi/fpu/libgloss/arm -L/Users/justinng/Documents/Github/roborodentia2017/newlib_arm-none-eabi/arm-none-eabi/fpu/libgloss/libnosys -L/Users/justinng/Documents/Github/roborodentia2017/newlib-cygwin/libgloss/arm  -mfloat-abi=hard CXX=arm-none-eabi-c++ -B/Users/justinng/Documents/Github/roborodentia2017/newlib_arm-none-eabi/arm-none-eabi/fpu/newlib/ -isystem /Users/justinng/Documents/Github/roborodentia2017/newlib_arm-none-eabi/arm-none-eabi/fpu/newlib/targ-include -isystem /Users/justinng/Documents/Github/roborodentia2017/newlib-cygwin/newlib/libc/include -B/Users/justinng/Documents/Github/roborodentia2017/newlib_arm-none-eabi/arm-none-eabi/fpu/libgloss/arm -L/Users/justinng/Documents/Github/roborodentia2017/newlib_arm-none-eabi/arm-none-eabi/fpu/libgloss/libnosys -L/Users/justinng/Documents/Github/roborodentia2017/newlib-cygwin/libgloss/arm  -mfloat-abi=hard F77= -mfloat-abi=hard GCJ=arm-none-eabi-gcj -B/Users/justinng/Documents/Github/roborodentia2017/newlib_arm-none-eabi/arm-none-eabi/fpu/newlib/ -isystem /Users/justinng/Documents/Github/roborodentia2017/newlib_arm-none-eabi/arm-none-eabi/fpu/newlib/targ-include -isystem /Users/justinng/Documents/Github/roborodentia2017/newlib-cygwin/newlib/libc/include -B/Users/justinng/Documents/Github/roborodentia2017/newlib_arm-none-eabi/arm-none-eabi/fpu/libgloss/arm -L/Users/justinng/Documents/Github/roborodentia2017/newlib_arm-none-eabi/arm-none-eabi/fpu/libgloss/libnosys -L/Users/justinng/Documents/Github/roborodentia2017/newlib-cygwin/libgloss/arm  -mfloat-abi=hard GFORTRAN=arm-none-eabi-gfortran -B/Users/justinng/Documents/Github/roborodentia2017/newlib_arm-none-eabi/arm-none-eabi/fpu/newlib/ -isystem /Users/justinng/Documents/Github/roborodentia2017/newlib_arm-none-eabi/arm-none-eabi/fpu/newlib/targ-include -isystem /Users/justinng/Documents/Github/roborodentia2017/newlib-cygwin/newlib/libc/include -B/Users/justinng/Documents/Github/roborodentia2017/newlib_arm-none-eabi/arm-none-eabi/fpu/libgloss/arm -L/Users/justinng/Documents/Github/roborodentia2017/newlib_arm-none-eabi/arm-none-eabi/fpu/libgloss/libnosys -L/Users/justinng/Documents/Github/roborodentia2017/newlib-cygwin/libgloss/arm  -mfloat-abi=hard GOC=arm-none-eabi-gccgo -B/Users/justinng/Documents/Github/roborodentia2017/newlib_arm-none-eabi/arm-none-eabi/fpu/newlib/ -isystem /Users/justinng/Documents/Github/roborodentia2017/newlib_arm-none-eabi/arm-none-eabi/fpu/newlib/targ-include -isystem /Users/justinng/Documents/Github/roborodentia2017/newlib-cygwin/newlib/libc/include -B/Users/justinng/Documents/Github/roborodentia2017/newlib_arm-none-eabi/arm-none-eabi/fpu/libgloss/arm -L/Users/justinng/Documents/Github/roborodentia2017/newlib_arm-none-eabi/arm-none-eabi/fpu/libgloss/libnosys -L/Users/justinng/Documents/Github/roborodentia2017/newlib-cygwin/libgloss/arm  -mfloat-abi=hard --cache-file=.././config.cache --srcdir=../../../../../newlib-cygwin/libgloss/arm

## --------- ##
## Platform. ##
## --------- ##

hostname = pcp142923pcs.wireless.calpoly.edu
uname -m = x86_64
uname -r = 15.6.0
uname -s = Darwin
uname -v = Darwin Kernel Version 15.6.0: Wed Nov  2 20:30:56 PDT 2016; root:xnu-3248.60.11.1.2~2/RELEASE_X86_64

/usr/bin/uname -p = i386
/bin/uname -X     = unknown

/bin/arch              = unknown
/usr/bin/arch -k       = unknown
/usr/convex/getsysinfo = unknown
/usr/bin/hostinfo      = Mach kernel version:
	 Darwin Kernel Version 15.6.0: Wed Nov  2 20:30:56 PDT 2016; root:xnu-3248.60.11.1.2~2/RELEASE_X86_64
Kernel configured for up to 4 processors.
2 processors are physically available.
4 processors are logically available.
Processor type: x86_64h (Intel x86-64h Haswell)
Processors active: 0 1 2 3
Primary memory available: 8.00 gigabytes
Default processor set: 289 tasks, 1439 threads, 4 processors
Load average: 4.07, Mach factor: 0.88
/bin/machine           = unknown
/usr/bin/oslevel       = unknown
/bin/universe          = unknown

PATH: /usr/local/bin
PATH: /usr/local/bin
PATH: /usr/bin
PATH: /bin
PATH: /usr/sbin
PATH: /sbin


## ----------- ##
## Core tests. ##
## ----------- ##

configure:1668: loading cache .././config.cache
configure:1815: checking build system type
configure:1829: result: x86_64-apple-darwin15.6.0
configure:1849: checking host system type
configure:1862: result: arm-none-eabi
configure:1882: checking target system type
configure:1895: result: arm-none-eabi
configure:1947: checking for a BSD-compatible install
configure:2015: result: /usr/local/bin/ginstall -c
configure:2048: checking for style of include used by /Library/Developer/CommandLineTools/usr/bin/make
configure:2076: result: GNU
configure:2103: checking for gcc
configure:2130: result: arm-none-eabi-gcc -B/Users/justinng/Documents/Github/roborodentia2017/newlib_arm-none-eabi/arm-none-eabi/fpu/newlib/ -isystem /Users/justinng/Documents/Github/roborodentia2017/newlib_arm-none-eabi/arm-none-eabi/fpu/newlib/targ-include -isystem /Users/justinng/Documents/Github/roborodentia2017/newlib-cygwin/newlib/libc/include -B/Users/justinng/Documents/Github/roborodentia2017/newlib_arm-none-eabi/arm-none-eabi/fpu/libgloss/arm -L/Users/justinng/Documents/Github/roborodentia2017/newlib_arm-none-eabi/arm-none-eabi/fpu/libgloss/libnosys -L/Users/justinng/Documents/Github/roborodentia2017/newlib-cygwin/libgloss/arm  -mfloat-abi=hard
configure:2141: checking dependency style of arm-none-eabi-gcc -B/Users/justinng/Documents/Github/roborodentia2017/newlib_arm-none-eabi/arm-none-eabi/fpu/newlib/ -isystem /Users/justinng/Documents/Github/roborodentia2017/newlib_arm-none-eabi/arm-none-eabi/fpu/newlib/targ-include -isystem /Users/justinng/Documents/Github/roborodentia2017/newlib-cygwin/newlib/libc/include -B/Users/justinng/Documents/Github/roborodentia2017/newlib_arm-none-eabi/arm-none-eabi/fpu/libgloss/arm -L/Users/justinng/Documents/Github/roborodentia2017/newlib_arm-none-eabi/arm-none-eabi/fpu/libgloss/libnosys -L/Users/justinng/Documents/Github/roborodentia2017/newlib-cygwin/libgloss/arm  -mfloat-abi=hard
configure:2231: result: gcc3
configure:2306: checking whether we are using GNU C
configure:2327: result: yes
configure:2337: checking whether arm-none-eabi-gcc -B/Users/justinng/Documents/Github/roborodentia2017/newlib_arm-none-eabi/arm-none-eabi/fpu/newlib/ -isystem /Users/justinng/Documents/Github/roborodentia2017/newlib_arm-none-eabi/arm-none-eabi/fpu/newlib/targ-include -isystem /Users/justinng/Documents/Github/roborodentia2017/newlib-cygwin/newlib/libc/include -B/Users/justinng/Documents/Github/roborodentia2017/newlib_arm-none-eabi/arm-none-eabi/fpu/libgloss/arm -L/Users/justinng/Documents/Github/roborodentia2017/newlib_arm-none-eabi/arm-none-eabi/fpu/libgloss/libnosys -L/Users/justinng/Documents/Github/roborodentia2017/newlib-cygwin/libgloss/arm  -mfloat-abi=hard accepts -g
configure:2398: result: no
configure:2436: checking for arm-none-eabi-ranlib
configure:2463: result: arm-none-eabi-ranlib
configure:2718: creating ./config.status

## ---------------------- ##
## Running config.status. ##
## ---------------------- ##

This file was extended by config.status, which was
generated by GNU Autoconf 2.68.  Invocation command line was

  CONFIG_FILES    = 
  CONFIG_HEADERS  = 
  CONFIG_LINKS    = 
  CONFIG_COMMANDS = 
  $ ./config.status 

on pcp142923pcs.wireless.calpoly.edu

config.status:821: creating cpu-init/Makefile
config.status:821: creating Makefile
config.status:977: executing depfiles commands

## ---------------- ##
## Cache variables. ##
## ---------------- ##

ac_cv_build=x86_64-apple-darwin15.6.0
ac_cv_c_compiler_gnu=yes
ac_cv_env_CCASFLAGS_set=
ac_cv_env_CCASFLAGS_value=
ac_cv_env_CCAS_set=
ac_cv_env_CCAS_value=
ac_cv_env_build_alias_set=set
ac_cv_env_build_alias_value=x86_64-apple-darwin15.6.0
ac_cv_env_host_alias_set=set
ac_cv_env_host_alias_value=arm-none-eabi
ac_cv_env_target_alias_set=set
ac_cv_env_target_alias_value=arm-none-eabi
ac_cv_host=arm-none-eabi
ac_cv_prog_AR=arm-none-eabi-ar
ac_cv_prog_AWK=awk
ac_cv_prog_CC='arm-none-eabi-gcc -B/Users/justinng/Documents/Github/roborodentia2017/newlib_arm-none-eabi/arm-none-eabi/fpu/newlib/ -isystem /Users/justinng/Documents/Github/roborodentia2017/newlib_arm-none-eabi/arm-none-eabi/fpu/newlib/targ-include -isystem /Users/justinng/Documents/Github/roborodentia2017/newlib-cygwin/newlib/libc/include -B/Users/justinng/Documents/Github/roborodentia2017/newlib_arm-none-eabi/arm-none-eabi/fpu/libgloss/arm -L/Users/justinng/Documents/Github/roborodentia2017/newlib_arm-none-eabi/arm-none-eabi/fpu/libgloss/libnosys -L/Users/justinng/Documents/Github/roborodentia2017/newlib-cygwin/libgloss/arm  -mfloat-abi=hard'
ac_cv_prog_RANLIB=arm-none-eabi-ranlib
ac_cv_prog_STRIP=arm-none-eabi-strip
ac_cv_prog_cc_g=no
ac_cv_prog_make__Library_Developer_CommandLineTools_usr_bin_make_set=yes
ac_cv_target=arm-none-eabi
am_cv_CC_dependencies_compiler_type=gcc3

## ----------------- ##
## Output variables. ##
## ----------------- ##

AMDEPBACKSLASH='\'
AMDEP_FALSE='#'
AMDEP_TRUE=''
AR='arm-none-eabi-ar'
AS='arm-none-eabi-as'
BUILD_CRT0_FALSE='#'
BUILD_CRT0_TRUE=''
CC='arm-none-eabi-gcc -B/Users/justinng/Documents/Github/roborodentia2017/newlib_arm-none-eabi/arm-none-eabi/fpu/newlib/ -isystem /Users/justinng/Documents/Github/roborodentia2017/newlib_arm-none-eabi/arm-none-eabi/fpu/newlib/targ-include -isystem /Users/justinng/Documents/Github/roborodentia2017/newlib-cygwin/newlib/libc/include -B/Users/justinng/Documents/Github/roborodentia2017/newlib_arm-none-eabi/arm-none-eabi/fpu/libgloss/arm -L/Users/justinng/Documents/Github/roborodentia2017/newlib_arm-none-eabi/arm-none-eabi/fpu/libgloss/libnosys -L/Users/justinng/Documents/Github/roborodentia2017/newlib-cygwin/libgloss/arm  -mfloat-abi=hard'
CCAS='arm-none-eabi-gcc -B/Users/justinng/Documents/Github/roborodentia2017/newlib_arm-none-eabi/arm-none-eabi/fpu/newlib/ -isystem /Users/justinng/Documents/Github/roborodentia2017/newlib_arm-none-eabi/arm-none-eabi/fpu/newlib/targ-include -isystem /Users/justinng/Documents/Github/roborodentia2017/newlib-cygwin/newlib/libc/include -B/Users/justinng/Documents/Github/roborodentia2017/newlib_arm-none-eabi/arm-none-eabi/fpu/libgloss/arm -L/Users/justinng/Documents/Github/roborodentia2017/newlib_arm-none-eabi/arm-none-eabi/fpu/libgloss/libnosys -L/Users/justinng/Documents/Github/roborodentia2017/newlib-cygwin/libgloss/arm  -mfloat-abi=hard'
CCASFLAGS=''
CCDEPMODE='depmode=gcc3'
DEFS='-DPACKAGE_NAME=\"\" -DPACKAGE_TARNAME=\"\" -DPACKAGE_VERSION=\"\" -DPACKAGE_STRING=\"\" -DPACKAGE_BUGREPORT=\"\" -DPACKAGE_URL=\"\"'
DEPDIR='.deps'
ECHO_C='\c'
ECHO_N=''
ECHO_T=''
INSTALL_DATA='/usr/local/bin/ginstall -c -m 644'
INSTALL_PROGRAM='/usr/local/bin/ginstall -c'
INSTALL_SCRIPT='/usr/local/bin/ginstall -c'
LD='arm-none-eabi-ld'
LIBOBJS=''
LIBS=''
LTLIBOBJS=''
PACKAGE_BUGREPORT=''
PACKAGE_NAME=''
PACKAGE_STRING=''
PACKAGE_TARNAME=''
PACKAGE_URL=''
PACKAGE_VERSION=''
PATH_SEPARATOR=':'
RANLIB='arm-none-eabi-ranlib'
SHELL='/bin/sh'
am__fastdepCC_FALSE='#'
am__fastdepCC_TRUE=''
am__include='include'
am__leading_dot='.'
am__quote=''
bindir='${exec_prefix}/bin'
build='x86_64-apple-darwin15.6.0'
build_alias='x86_64-apple-darwin15.6.0'
build_cpu='x86_64'
build_os='darwin15.6.0'
build_vendor='apple'
datadir='${datarootdir}'
datarootdir='${prefix}/share'
docdir='${datarootdir}/doc/${PACKAGE}'
dvidir='${docdir}'
exec_prefix='${prefix}'
host='arm-none-eabi'
host_alias='arm-none-eabi'
host_cpu='arm'
host_makefile_frag_path='/Users/justinng/Documents/Github/roborodentia2017/newlib-cygwin/libgloss/config/default.mh'
host_os='eabi'
host_vendor='none'
htmldir='${docdir}'
includedir='${prefix}/include'
infodir='${datarootdir}/info'
libdir='${exec_prefix}/lib'
libexecdir='${exec_prefix}/libexec'
localedir='${datarootdir}/locale'
localstatedir='${prefix}/var'
mandir='${datarootdir}/man'
objtype='elf-'
oldincludedir='/usr/include'
pdfdir='${docdir}'
prefix='/usr/local'
program_transform_name='s&^&arm-none-eabi-&'
psdir='${docdir}'
sbindir='${exec_prefix}/sbin'
sharedstatedir='${prefix}/com'
subdirs=' cpu-init'
sysconfdir='${prefix}/etc'
target='arm-none-eabi'
target_alias='arm-none-eabi'
target_cpu='arm'
target_os='eabi'
target_vendor='none'

## ------------------- ##
## File substitutions. ##
## ------------------- ##

host_makefile_frag='/Users/justinng/Documents/Github/roborodentia2017/newlib-cygwin/libgloss/config/default.mh'

## ----------- ##
## confdefs.h. ##
## ----------- ##

/* confdefs.h */
#define PACKAGE_NAME ""
#define PACKAGE_TARNAME ""
#define PACKAGE_VERSION ""
#define PACKAGE_STRING ""
#define PACKAGE_BUGREPORT ""
#define PACKAGE_URL ""

configure: exit 0
