This file contains any messages produced by compilers while
running configure, to aid debugging if configure makes a mistake.

It was created by newlib configure 2.4.0, which was
generated by GNU Autoconf 2.68.  Invocation command line was

  $ ../../../../../../../newlib-cygwin/newlib/libc/configure --disable-option-checking --prefix=/usr/local --with-multisubdir=armv7-ar/thumb/fpu --with-multisrctop= --with-newlib --enable-multilib --with-cross-host=x86_64-apple-darwin15.6.0 --with-cpu=cortex-m4 --with-fpu=fpv4-sp-d16 --with-float=hard --with-mode=thumb --with-gnu-as --with-gnu-ld --disable-nls --disable-newlib-supplied-syscalls --program-transform-name=s&^&arm-none-eabi-& --with-target-subdir=arm-none-eabi --build=x86_64-apple-darwin15.6.0 --host=arm-none-eabi --target=arm-none-eabi build_alias=x86_64-apple-darwin15.6.0 host_alias=arm-none-eabi target_alias=arm-none-eabi CC=arm-none-eabi-gcc -B/Users/justinng/Documents/Github/roborodentia2017/newlib_arm-none-eabi/arm-none-eabi/newlib/ -isystem /Users/justinng/Documents/Github/roborodentia2017/newlib_arm-none-eabi/arm-none-eabi/newlib/targ-include -isystem /Users/justinng/Documents/Github/roborodentia2017/newlib-cygwin/newlib/libc/include -B/Users/justinng/Documents/Github/roborodentia2017/newlib_arm-none-eabi/arm-none-eabi/libgloss/arm -L/Users/justinng/Documents/Github/roborodentia2017/newlib_arm-none-eabi/arm-none-eabi/libgloss/libnosys -L/Users/justinng/Documents/Github/roborodentia2017/newlib-cygwin/libgloss/arm    CFLAGS=-g -O2 LDFLAGS= CPPFLAGS= CC=arm-none-eabi-gcc -B/Users/justinng/Documents/Github/roborodentia2017/newlib_arm-none-eabi/arm-none-eabi/armv7-ar/thumb/fpu/newlib/ -isystem /Users/justinng/Documents/Github/roborodentia2017/newlib_arm-none-eabi/arm-none-eabi/armv7-ar/thumb/fpu/newlib/targ-include -isystem /Users/justinng/Documents/Github/roborodentia2017/newlib-cygwin/newlib/libc/include -B/Users/justinng/Documents/Github/roborodentia2017/newlib_arm-none-eabi/arm-none-eabi/armv7-ar/thumb/fpu/libgloss/arm -L/Users/justinng/Documents/Github/roborodentia2017/newlib_arm-none-eabi/arm-none-eabi/armv7-ar/thumb/fpu/libgloss/libnosys -L/Users/justinng/Documents/Github/roborodentia2017/newlib-cygwin/libgloss/arm  -mthumb -march=armv7 -mfloat-abi=hard -mfpu=vfpv3-d16 CXX=arm-none-eabi-c++ -B/Users/justinng/Documents/Github/roborodentia2017/newlib_arm-none-eabi/arm-none-eabi/armv7-ar/thumb/fpu/newlib/ -isystem /Users/justinng/Documents/Github/roborodentia2017/newlib_arm-none-eabi/arm-none-eabi/armv7-ar/thumb/fpu/newlib/targ-include -isystem /Users/justinng/Documents/Github/roborodentia2017/newlib-cygwin/newlib/libc/include -B/Users/justinng/Documents/Github/roborodentia2017/newlib_arm-none-eabi/arm-none-eabi/armv7-ar/thumb/fpu/libgloss/arm -L/Users/justinng/Documents/Github/roborodentia2017/newlib_arm-none-eabi/arm-none-eabi/armv7-ar/thumb/fpu/libgloss/libnosys -L/Users/justinng/Documents/Github/roborodentia2017/newlib-cygwin/libgloss/arm  -mthumb -march=armv7 -mfloat-abi=hard -mfpu=vfpv3-d16 F77= -mthumb -march=armv7 -mfloat-abi=hard -mfpu=vfpv3-d16 GCJ=arm-none-eabi-gcj -B/Users/justinng/Documents/Github/roborodentia2017/newlib_arm-none-eabi/arm-none-eabi/armv7-ar/thumb/fpu/newlib/ -isystem /Users/justinng/Documents/Github/roborodentia2017/newlib_arm-none-eabi/arm-none-eabi/armv7-ar/thumb/fpu/newlib/targ-include -isystem /Users/justinng/Documents/Github/roborodentia2017/newlib-cygwin/newlib/libc/include -B/Users/justinng/Documents/Github/roborodentia2017/newlib_arm-none-eabi/arm-none-eabi/armv7-ar/thumb/fpu/libgloss/arm -L/Users/justinng/Documents/Github/roborodentia2017/newlib_arm-none-eabi/arm-none-eabi/armv7-ar/thumb/fpu/libgloss/libnosys -L/Users/justinng/Documents/Github/roborodentia2017/newlib-cygwin/libgloss/arm  -mthumb -march=armv7 -mfloat-abi=hard -mfpu=vfpv3-d16 GFORTRAN=arm-none-eabi-gfortran -B/Users/justinng/Documents/Github/roborodentia2017/newlib_arm-none-eabi/arm-none-eabi/armv7-ar/thumb/fpu/newlib/ -isystem /Users/justinng/Documents/Github/roborodentia2017/newlib_arm-none-eabi/arm-none-eabi/armv7-ar/thumb/fpu/newlib/targ-include -isystem /Users/justinng/Documents/Github/roborodentia2017/newlib-cygwin/newlib/libc/include -B/Users/justinng/Documents/Github/roborodentia2017/newlib_arm-none-eabi/arm-none-eabi/armv7-ar/thumb/fpu/libgloss/arm -L/Users/justinng/Documents/Github/roborodentia2017/newlib_arm-none-eabi/arm-none-eabi/armv7-ar/thumb/fpu/libgloss/libnosys -L/Users/justinng/Documents/Github/roborodentia2017/newlib-cygwin/libgloss/arm  -mthumb -march=armv7 -mfloat-abi=hard -mfpu=vfpv3-d16 GOC=arm-none-eabi-gccgo -B/Users/justinng/Documents/Github/roborodentia2017/newlib_arm-none-eabi/arm-none-eabi/armv7-ar/thumb/fpu/newlib/ -isystem /Users/justinng/Documents/Github/roborodentia2017/newlib_arm-none-eabi/arm-none-eabi/armv7-ar/thumb/fpu/newlib/targ-include -isystem /Users/justinng/Documents/Github/roborodentia2017/newlib-cygwin/newlib/libc/include -B/Users/justinng/Documents/Github/roborodentia2017/newlib_arm-none-eabi/arm-none-eabi/armv7-ar/thumb/fpu/libgloss/arm -L/Users/justinng/Documents/Github/roborodentia2017/newlib_arm-none-eabi/arm-none-eabi/armv7-ar/thumb/fpu/libgloss/libnosys -L/Users/justinng/Documents/Github/roborodentia2017/newlib-cygwin/libgloss/arm  -mthumb -march=armv7 -mfloat-abi=hard -mfpu=vfpv3-d16 --cache-file=.././config.cache --srcdir=../../../../../../../newlib-cygwin/newlib/libc

## --------- ##
## Platform. ##
## --------- ##

hostname = pcp142923pcs.wireless.calpoly.edu
uname -m = x86_64
uname -r = 15.6.0
uname -s = Darwin
uname -v = Darwin Kernel Version 15.6.0: Wed Nov  2 20:30:56 PDT 2016; root:xnu-3248.60.11.1.2~2/RELEASE_X86_64

/usr/bin/uname -p = i386
/bin/uname -X     = unknown

/bin/arch              = unknown
/usr/bin/arch -k       = unknown
/usr/convex/getsysinfo = unknown
/usr/bin/hostinfo      = Mach kernel version:
	 Darwin Kernel Version 15.6.0: Wed Nov  2 20:30:56 PDT 2016; root:xnu-3248.60.11.1.2~2/RELEASE_X86_64
Kernel configured for up to 4 processors.
2 processors are physically available.
4 processors are logically available.
Processor type: x86_64h (Intel x86-64h Haswell)
Processors active: 0 1 2 3
Primary memory available: 8.00 gigabytes
Default processor set: 284 tasks, 1365 threads, 4 processors
Load average: 2.32, Mach factor: 1.71
/bin/machine           = unknown
/usr/bin/oslevel       = unknown
/bin/universe          = unknown

PATH: /usr/local/bin
PATH: /usr/local/bin
PATH: /usr/bin
PATH: /bin
PATH: /usr/sbin
PATH: /sbin


## ----------- ##
## Core tests. ##
## ----------- ##

configure:2099: loading cache .././config.cache
configure:2260: checking build system type
configure:2274: result: x86_64-apple-darwin15.6.0
configure:2294: checking host system type
configure:2307: result: arm-none-eabi
configure:2343: checking for a BSD-compatible install
configure:2411: result: /usr/local/bin/ginstall -c
configure:2422: checking whether build environment is sane
configure:2472: result: yes
configure:2521: checking for arm-none-eabi-strip
configure:2548: result: arm-none-eabi-strip
configure:2613: checking for a thread-safe mkdir -p
configure:2652: result: /usr/local/bin/gmkdir -p
configure:2665: checking for gawk
configure:2692: result: awk
configure:2703: checking whether /Library/Developer/CommandLineTools/usr/bin/make sets $(MAKE)
configure:2725: result: yes
configure:2755: checking for style of include used by /Library/Developer/CommandLineTools/usr/bin/make
configure:2783: result: GNU
configure:2993: checking for gcc
configure:3020: result: arm-none-eabi-gcc -B/Users/justinng/Documents/Github/roborodentia2017/newlib_arm-none-eabi/arm-none-eabi/armv7-ar/thumb/fpu/newlib/ -isystem /Users/justinng/Documents/Github/roborodentia2017/newlib_arm-none-eabi/arm-none-eabi/armv7-ar/thumb/fpu/newlib/targ-include -isystem /Users/justinng/Documents/Github/roborodentia2017/newlib-cygwin/newlib/libc/include -B/Users/justinng/Documents/Github/roborodentia2017/newlib_arm-none-eabi/arm-none-eabi/armv7-ar/thumb/fpu/libgloss/arm -L/Users/justinng/Documents/Github/roborodentia2017/newlib_arm-none-eabi/arm-none-eabi/armv7-ar/thumb/fpu/libgloss/libnosys -L/Users/justinng/Documents/Github/roborodentia2017/newlib-cygwin/libgloss/arm  -mthumb -march=armv7 -mfloat-abi=hard -mfpu=vfpv3-d16
configure:3031: checking dependency style of arm-none-eabi-gcc -B/Users/justinng/Documents/Github/roborodentia2017/newlib_arm-none-eabi/arm-none-eabi/armv7-ar/thumb/fpu/newlib/ -isystem /Users/justinng/Documents/Github/roborodentia2017/newlib_arm-none-eabi/arm-none-eabi/armv7-ar/thumb/fpu/newlib/targ-include -isystem /Users/justinng/Documents/Github/roborodentia2017/newlib-cygwin/newlib/libc/include -B/Users/justinng/Documents/Github/roborodentia2017/newlib_arm-none-eabi/arm-none-eabi/armv7-ar/thumb/fpu/libgloss/arm -L/Users/justinng/Documents/Github/roborodentia2017/newlib_arm-none-eabi/arm-none-eabi/armv7-ar/thumb/fpu/libgloss/libnosys -L/Users/justinng/Documents/Github/roborodentia2017/newlib-cygwin/libgloss/arm  -mthumb -march=armv7 -mfloat-abi=hard -mfpu=vfpv3-d16
configure:3142: result: gcc3
configure:3215: checking whether we are using GNU C
configure:3236: result: yes
configure:3245: checking whether arm-none-eabi-gcc -B/Users/justinng/Documents/Github/roborodentia2017/newlib_arm-none-eabi/arm-none-eabi/armv7-ar/thumb/fpu/newlib/ -isystem /Users/justinng/Documents/Github/roborodentia2017/newlib_arm-none-eabi/arm-none-eabi/armv7-ar/thumb/fpu/newlib/targ-include -isystem /Users/justinng/Documents/Github/roborodentia2017/newlib-cygwin/newlib/libc/include -B/Users/justinng/Documents/Github/roborodentia2017/newlib_arm-none-eabi/arm-none-eabi/armv7-ar/thumb/fpu/libgloss/arm -L/Users/justinng/Documents/Github/roborodentia2017/newlib_arm-none-eabi/arm-none-eabi/armv7-ar/thumb/fpu/libgloss/libnosys -L/Users/justinng/Documents/Github/roborodentia2017/newlib-cygwin/libgloss/arm  -mthumb -march=armv7 -mfloat-abi=hard -mfpu=vfpv3-d16 accepts -g
configure:3306: result: no
configure:3339: checking for arm-none-eabi-as
configure:3366: result: arm-none-eabi-as
configure:3431: checking for arm-none-eabi-ar
configure:3458: result: arm-none-eabi-ar
configure:3523: checking for arm-none-eabi-ranlib
configure:3550: result: arm-none-eabi-ranlib
configure:3615: checking for arm-none-eabi-readelf
configure:3642: result: arm-none-eabi-readelf
configure:3711: checking whether to enable maintainer-specific portions of Makefiles
configure:3720: result: no
configure:3839: checking for a sed that does not truncate output
configure:3903: result: /usr/bin/sed
configure:3925: checking how to print strings
configure:3952: result: printf
configure:12046: checking Checking long double support
configure:12070: result: yes
configure:12348: creating ./config.status

## ---------------------- ##
## Running config.status. ##
## ---------------------- ##

This file was extended by newlib config.status 2.4.0, which was
generated by GNU Autoconf 2.68.  Invocation command line was

  CONFIG_FILES    = 
  CONFIG_HEADERS  = 
  CONFIG_LINKS    = 
  CONFIG_COMMANDS = 
  $ ./config.status 

on pcp142923pcs.wireless.calpoly.edu

config.status:1097: creating Makefile
config.status:1097: creating argz/Makefile
config.status:1097: creating ctype/Makefile
config.status:1097: creating errno/Makefile
config.status:1097: creating locale/Makefile
config.status:1097: creating misc/Makefile
config.status:1097: creating reent/Makefile
config.status:1097: creating search/Makefile
config.status:1097: creating stdio/Makefile
config.status:1097: creating stdio64/Makefile
config.status:1097: creating stdlib/Makefile
config.status:1097: creating string/Makefile
config.status:1097: creating time/Makefile
config.status:1097: creating posix/Makefile
config.status:1097: creating signal/Makefile
config.status:1097: creating syscalls/Makefile
config.status:1097: creating unix/Makefile
config.status:1097: creating iconv/Makefile
config.status:1097: creating iconv/ces/Makefile
config.status:1097: creating iconv/ccs/Makefile
config.status:1097: creating iconv/ccs/binary/Makefile
config.status:1097: creating iconv/lib/Makefile
config.status:1097: creating xdr/Makefile
config.status:1254: executing depfiles commands
configure:14489: === configuring in machine (/Users/justinng/Documents/Github/roborodentia2017/newlib_arm-none-eabi/arm-none-eabi/armv7-ar/thumb/fpu/newlib/libc/machine)
configure:14552: running /bin/sh ../../../../../../../../newlib-cygwin/newlib/libc/machine/configure --disable-option-checking '--prefix=/usr/local'  '--with-multisubdir=armv7-ar/thumb/fpu' '--with-multisrctop=' '--with-newlib' '--enable-multilib' '--with-cross-host=x86_64-apple-darwin15.6.0' '--with-cpu=cortex-m4' '--with-fpu=fpv4-sp-d16' '--with-float=hard' '--with-mode=thumb' '--with-gnu-as' '--with-gnu-ld' '--disable-nls' '--disable-newlib-supplied-syscalls' '--program-transform-name=s&^&arm-none-eabi-&' '--with-target-subdir=arm-none-eabi' '--build=x86_64-apple-darwin15.6.0' '--host=arm-none-eabi' '--target=arm-none-eabi' 'build_alias=x86_64-apple-darwin15.6.0' 'host_alias=arm-none-eabi' 'target_alias=arm-none-eabi' 'CC=arm-none-eabi-gcc -B/Users/justinng/Documents/Github/roborodentia2017/newlib_arm-none-eabi/arm-none-eabi/newlib/ -isystem /Users/justinng/Documents/Github/roborodentia2017/newlib_arm-none-eabi/arm-none-eabi/newlib/targ-include -isystem /Users/justinng/Documents/Github/roborodentia2017/newlib-cygwin/newlib/libc/include -B/Users/justinng/Documents/Github/roborodentia2017/newlib_arm-none-eabi/arm-none-eabi/libgloss/arm -L/Users/justinng/Documents/Github/roborodentia2017/newlib_arm-none-eabi/arm-none-eabi/libgloss/libnosys -L/Users/justinng/Documents/Github/roborodentia2017/newlib-cygwin/libgloss/arm   ' 'CFLAGS=-g -O2' 'LDFLAGS=' 'CPPFLAGS=' 'CC=arm-none-eabi-gcc -B/Users/justinng/Documents/Github/roborodentia2017/newlib_arm-none-eabi/arm-none-eabi/armv7-ar/thumb/fpu/newlib/ -isystem /Users/justinng/Documents/Github/roborodentia2017/newlib_arm-none-eabi/arm-none-eabi/armv7-ar/thumb/fpu/newlib/targ-include -isystem /Users/justinng/Documents/Github/roborodentia2017/newlib-cygwin/newlib/libc/include -B/Users/justinng/Documents/Github/roborodentia2017/newlib_arm-none-eabi/arm-none-eabi/armv7-ar/thumb/fpu/libgloss/arm -L/Users/justinng/Documents/Github/roborodentia2017/newlib_arm-none-eabi/arm-none-eabi/armv7-ar/thumb/fpu/libgloss/libnosys -L/Users/justinng/Documents/Github/roborodentia2017/newlib-cygwin/libgloss/arm  -mthumb -march=armv7 -mfloat-abi=hard -mfpu=vfpv3-d16' 'CXX=arm-none-eabi-c++ -B/Users/justinng/Documents/Github/roborodentia2017/newlib_arm-none-eabi/arm-none-eabi/armv7-ar/thumb/fpu/newlib/ -isystem /Users/justinng/Documents/Github/roborodentia2017/newlib_arm-none-eabi/arm-none-eabi/armv7-ar/thumb/fpu/newlib/targ-include -isystem /Users/justinng/Documents/Github/roborodentia2017/newlib-cygwin/newlib/libc/include -B/Users/justinng/Documents/Github/roborodentia2017/newlib_arm-none-eabi/arm-none-eabi/armv7-ar/thumb/fpu/libgloss/arm -L/Users/justinng/Documents/Github/roborodentia2017/newlib_arm-none-eabi/arm-none-eabi/armv7-ar/thumb/fpu/libgloss/libnosys -L/Users/justinng/Documents/Github/roborodentia2017/newlib-cygwin/libgloss/arm  -mthumb -march=armv7 -mfloat-abi=hard -mfpu=vfpv3-d16' 'F77= -mthumb -march=armv7 -mfloat-abi=hard -mfpu=vfpv3-d16' 'GCJ=arm-none-eabi-gcj -B/Users/justinng/Documents/Github/roborodentia2017/newlib_arm-none-eabi/arm-none-eabi/armv7-ar/thumb/fpu/newlib/ -isystem /Users/justinng/Documents/Github/roborodentia2017/newlib_arm-none-eabi/arm-none-eabi/armv7-ar/thumb/fpu/newlib/targ-include -isystem /Users/justinng/Documents/Github/roborodentia2017/newlib-cygwin/newlib/libc/include -B/Users/justinng/Documents/Github/roborodentia2017/newlib_arm-none-eabi/arm-none-eabi/armv7-ar/thumb/fpu/libgloss/arm -L/Users/justinng/Documents/Github/roborodentia2017/newlib_arm-none-eabi/arm-none-eabi/armv7-ar/thumb/fpu/libgloss/libnosys -L/Users/justinng/Documents/Github/roborodentia2017/newlib-cygwin/libgloss/arm  -mthumb -march=armv7 -mfloat-abi=hard -mfpu=vfpv3-d16' 'GFORTRAN=arm-none-eabi-gfortran -B/Users/justinng/Documents/Github/roborodentia2017/newlib_arm-none-eabi/arm-none-eabi/armv7-ar/thumb/fpu/newlib/ -isystem /Users/justinng/Documents/Github/roborodentia2017/newlib_arm-none-eabi/arm-none-eabi/armv7-ar/thumb/fpu/newlib/targ-include -isystem /Users/justinng/Documents/Github/roborodentia2017/newlib-cygwin/newlib/libc/include -B/Users/justinng/Documents/Github/roborodentia2017/newlib_arm-none-eabi/arm-none-eabi/armv7-ar/thumb/fpu/libgloss/arm -L/Users/justinng/Documents/Github/roborodentia2017/newlib_arm-none-eabi/arm-none-eabi/armv7-ar/thumb/fpu/libgloss/libnosys -L/Users/justinng/Documents/Github/roborodentia2017/newlib-cygwin/libgloss/arm  -mthumb -march=armv7 -mfloat-abi=hard -mfpu=vfpv3-d16' 'GOC=arm-none-eabi-gccgo -B/Users/justinng/Documents/Github/roborodentia2017/newlib_arm-none-eabi/arm-none-eabi/armv7-ar/thumb/fpu/newlib/ -isystem /Users/justinng/Documents/Github/roborodentia2017/newlib_arm-none-eabi/arm-none-eabi/armv7-ar/thumb/fpu/newlib/targ-include -isystem /Users/justinng/Documents/Github/roborodentia2017/newlib-cygwin/newlib/libc/include -B/Users/justinng/Documents/Github/roborodentia2017/newlib_arm-none-eabi/arm-none-eabi/armv7-ar/thumb/fpu/libgloss/arm -L/Users/justinng/Documents/Github/roborodentia2017/newlib_arm-none-eabi/arm-none-eabi/armv7-ar/thumb/fpu/libgloss/libnosys -L/Users/justinng/Documents/Github/roborodentia2017/newlib-cygwin/libgloss/arm  -mthumb -march=armv7 -mfloat-abi=hard -mfpu=vfpv3-d16' --cache-file=../.././config.cache --srcdir=../../../../../../../../newlib-cygwin/newlib/libc/machine
configure:14489: === configuring in sys (/Users/justinng/Documents/Github/roborodentia2017/newlib_arm-none-eabi/arm-none-eabi/armv7-ar/thumb/fpu/newlib/libc/sys)
configure:14552: running /bin/sh ../../../../../../../../newlib-cygwin/newlib/libc/sys/configure --disable-option-checking '--prefix=/usr/local'  '--with-multisubdir=armv7-ar/thumb/fpu' '--with-multisrctop=' '--with-newlib' '--enable-multilib' '--with-cross-host=x86_64-apple-darwin15.6.0' '--with-cpu=cortex-m4' '--with-fpu=fpv4-sp-d16' '--with-float=hard' '--with-mode=thumb' '--with-gnu-as' '--with-gnu-ld' '--disable-nls' '--disable-newlib-supplied-syscalls' '--program-transform-name=s&^&arm-none-eabi-&' '--with-target-subdir=arm-none-eabi' '--build=x86_64-apple-darwin15.6.0' '--host=arm-none-eabi' '--target=arm-none-eabi' 'build_alias=x86_64-apple-darwin15.6.0' 'host_alias=arm-none-eabi' 'target_alias=arm-none-eabi' 'CC=arm-none-eabi-gcc -B/Users/justinng/Documents/Github/roborodentia2017/newlib_arm-none-eabi/arm-none-eabi/newlib/ -isystem /Users/justinng/Documents/Github/roborodentia2017/newlib_arm-none-eabi/arm-none-eabi/newlib/targ-include -isystem /Users/justinng/Documents/Github/roborodentia2017/newlib-cygwin/newlib/libc/include -B/Users/justinng/Documents/Github/roborodentia2017/newlib_arm-none-eabi/arm-none-eabi/libgloss/arm -L/Users/justinng/Documents/Github/roborodentia2017/newlib_arm-none-eabi/arm-none-eabi/libgloss/libnosys -L/Users/justinng/Documents/Github/roborodentia2017/newlib-cygwin/libgloss/arm   ' 'CFLAGS=-g -O2' 'LDFLAGS=' 'CPPFLAGS=' 'CC=arm-none-eabi-gcc -B/Users/justinng/Documents/Github/roborodentia2017/newlib_arm-none-eabi/arm-none-eabi/armv7-ar/thumb/fpu/newlib/ -isystem /Users/justinng/Documents/Github/roborodentia2017/newlib_arm-none-eabi/arm-none-eabi/armv7-ar/thumb/fpu/newlib/targ-include -isystem /Users/justinng/Documents/Github/roborodentia2017/newlib-cygwin/newlib/libc/include -B/Users/justinng/Documents/Github/roborodentia2017/newlib_arm-none-eabi/arm-none-eabi/armv7-ar/thumb/fpu/libgloss/arm -L/Users/justinng/Documents/Github/roborodentia2017/newlib_arm-none-eabi/arm-none-eabi/armv7-ar/thumb/fpu/libgloss/libnosys -L/Users/justinng/Documents/Github/roborodentia2017/newlib-cygwin/libgloss/arm  -mthumb -march=armv7 -mfloat-abi=hard -mfpu=vfpv3-d16' 'CXX=arm-none-eabi-c++ -B/Users/justinng/Documents/Github/roborodentia2017/newlib_arm-none-eabi/arm-none-eabi/armv7-ar/thumb/fpu/newlib/ -isystem /Users/justinng/Documents/Github/roborodentia2017/newlib_arm-none-eabi/arm-none-eabi/armv7-ar/thumb/fpu/newlib/targ-include -isystem /Users/justinng/Documents/Github/roborodentia2017/newlib-cygwin/newlib/libc/include -B/Users/justinng/Documents/Github/roborodentia2017/newlib_arm-none-eabi/arm-none-eabi/armv7-ar/thumb/fpu/libgloss/arm -L/Users/justinng/Documents/Github/roborodentia2017/newlib_arm-none-eabi/arm-none-eabi/armv7-ar/thumb/fpu/libgloss/libnosys -L/Users/justinng/Documents/Github/roborodentia2017/newlib-cygwin/libgloss/arm  -mthumb -march=armv7 -mfloat-abi=hard -mfpu=vfpv3-d16' 'F77= -mthumb -march=armv7 -mfloat-abi=hard -mfpu=vfpv3-d16' 'GCJ=arm-none-eabi-gcj -B/Users/justinng/Documents/Github/roborodentia2017/newlib_arm-none-eabi/arm-none-eabi/armv7-ar/thumb/fpu/newlib/ -isystem /Users/justinng/Documents/Github/roborodentia2017/newlib_arm-none-eabi/arm-none-eabi/armv7-ar/thumb/fpu/newlib/targ-include -isystem /Users/justinng/Documents/Github/roborodentia2017/newlib-cygwin/newlib/libc/include -B/Users/justinng/Documents/Github/roborodentia2017/newlib_arm-none-eabi/arm-none-eabi/armv7-ar/thumb/fpu/libgloss/arm -L/Users/justinng/Documents/Github/roborodentia2017/newlib_arm-none-eabi/arm-none-eabi/armv7-ar/thumb/fpu/libgloss/libnosys -L/Users/justinng/Documents/Github/roborodentia2017/newlib-cygwin/libgloss/arm  -mthumb -march=armv7 -mfloat-abi=hard -mfpu=vfpv3-d16' 'GFORTRAN=arm-none-eabi-gfortran -B/Users/justinng/Documents/Github/roborodentia2017/newlib_arm-none-eabi/arm-none-eabi/armv7-ar/thumb/fpu/newlib/ -isystem /Users/justinng/Documents/Github/roborodentia2017/newlib_arm-none-eabi/arm-none-eabi/armv7-ar/thumb/fpu/newlib/targ-include -isystem /Users/justinng/Documents/Github/roborodentia2017/newlib-cygwin/newlib/libc/include -B/Users/justinng/Documents/Github/roborodentia2017/newlib_arm-none-eabi/arm-none-eabi/armv7-ar/thumb/fpu/libgloss/arm -L/Users/justinng/Documents/Github/roborodentia2017/newlib_arm-none-eabi/arm-none-eabi/armv7-ar/thumb/fpu/libgloss/libnosys -L/Users/justinng/Documents/Github/roborodentia2017/newlib-cygwin/libgloss/arm  -mthumb -march=armv7 -mfloat-abi=hard -mfpu=vfpv3-d16' 'GOC=arm-none-eabi-gccgo -B/Users/justinng/Documents/Github/roborodentia2017/newlib_arm-none-eabi/arm-none-eabi/armv7-ar/thumb/fpu/newlib/ -isystem /Users/justinng/Documents/Github/roborodentia2017/newlib_arm-none-eabi/arm-none-eabi/armv7-ar/thumb/fpu/newlib/targ-include -isystem /Users/justinng/Documents/Github/roborodentia2017/newlib-cygwin/newlib/libc/include -B/Users/justinng/Documents/Github/roborodentia2017/newlib_arm-none-eabi/arm-none-eabi/armv7-ar/thumb/fpu/libgloss/arm -L/Users/justinng/Documents/Github/roborodentia2017/newlib_arm-none-eabi/arm-none-eabi/armv7-ar/thumb/fpu/libgloss/libnosys -L/Users/justinng/Documents/Github/roborodentia2017/newlib-cygwin/libgloss/arm  -mthumb -march=armv7 -mfloat-abi=hard -mfpu=vfpv3-d16' --cache-file=../.././config.cache --srcdir=../../../../../../../../newlib-cygwin/newlib/libc/sys

## ---------------- ##
## Cache variables. ##
## ---------------- ##

ac_cv_build=x86_64-apple-darwin15.6.0
ac_cv_c_compiler_gnu=yes
ac_cv_env_CCASFLAGS_set=
ac_cv_env_CCASFLAGS_value=
ac_cv_env_CCAS_set=
ac_cv_env_CCAS_value=
ac_cv_env_CC_set=set
ac_cv_env_CC_value='arm-none-eabi-gcc -B/Users/justinng/Documents/Github/roborodentia2017/newlib_arm-none-eabi/arm-none-eabi/armv7-ar/thumb/fpu/newlib/ -isystem /Users/justinng/Documents/Github/roborodentia2017/newlib_arm-none-eabi/arm-none-eabi/armv7-ar/thumb/fpu/newlib/targ-include -isystem /Users/justinng/Documents/Github/roborodentia2017/newlib-cygwin/newlib/libc/include -B/Users/justinng/Documents/Github/roborodentia2017/newlib_arm-none-eabi/arm-none-eabi/armv7-ar/thumb/fpu/libgloss/arm -L/Users/justinng/Documents/Github/roborodentia2017/newlib_arm-none-eabi/arm-none-eabi/armv7-ar/thumb/fpu/libgloss/libnosys -L/Users/justinng/Documents/Github/roborodentia2017/newlib-cygwin/libgloss/arm  -mthumb -march=armv7 -mfloat-abi=hard -mfpu=vfpv3-d16'
ac_cv_env_CFLAGS_set=set
ac_cv_env_CFLAGS_value='-g -O2'
ac_cv_env_CPPFLAGS_set=set
ac_cv_env_CPPFLAGS_value=
ac_cv_env_CPP_set=
ac_cv_env_CPP_value=
ac_cv_env_LDFLAGS_set=set
ac_cv_env_LDFLAGS_value=
ac_cv_env_LIBS_set=
ac_cv_env_LIBS_value=
ac_cv_env_build_alias_set=set
ac_cv_env_build_alias_value=x86_64-apple-darwin15.6.0
ac_cv_env_host_alias_set=set
ac_cv_env_host_alias_value=arm-none-eabi
ac_cv_env_target_alias_set=set
ac_cv_env_target_alias_value=arm-none-eabi
ac_cv_host=arm-none-eabi
ac_cv_path_SED=/usr/bin/sed
ac_cv_path_mkdir=/usr/local/bin/gmkdir
ac_cv_prog_AR=arm-none-eabi-ar
ac_cv_prog_AS=arm-none-eabi-as
ac_cv_prog_AWK=awk
ac_cv_prog_CC='arm-none-eabi-gcc -B/Users/justinng/Documents/Github/roborodentia2017/newlib_arm-none-eabi/arm-none-eabi/armv7-ar/thumb/fpu/newlib/ -isystem /Users/justinng/Documents/Github/roborodentia2017/newlib_arm-none-eabi/arm-none-eabi/armv7-ar/thumb/fpu/newlib/targ-include -isystem /Users/justinng/Documents/Github/roborodentia2017/newlib-cygwin/newlib/libc/include -B/Users/justinng/Documents/Github/roborodentia2017/newlib_arm-none-eabi/arm-none-eabi/armv7-ar/thumb/fpu/libgloss/arm -L/Users/justinng/Documents/Github/roborodentia2017/newlib_arm-none-eabi/arm-none-eabi/armv7-ar/thumb/fpu/libgloss/libnosys -L/Users/justinng/Documents/Github/roborodentia2017/newlib-cygwin/libgloss/arm  -mthumb -march=armv7 -mfloat-abi=hard -mfpu=vfpv3-d16'
ac_cv_prog_RANLIB=arm-none-eabi-ranlib
ac_cv_prog_READELF=arm-none-eabi-readelf
ac_cv_prog_STRIP=arm-none-eabi-strip
ac_cv_prog_cc_g=no
ac_cv_prog_make__Library_Developer_CommandLineTools_usr_bin_make_set=yes
acnewlib_cv_type_long_double=yes
am_cv_CC_dependencies_compiler_type=gcc3
libc_cv_cc_loop_to_function=yes
libc_cv_initfinit_array=yes
newlib_cv_ldbl_eq_dbl=yes

## ----------------- ##
## Output variables. ##
## ----------------- ##

ACLOCAL='${SHELL} /Users/justinng/Documents/Github/roborodentia2017/newlib-cygwin/missing --run aclocal-1.11'
AMDEPBACKSLASH='\'
AMDEP_FALSE='#'
AMDEP_TRUE=''
AMTAR='$${TAR-tar}'
AR='arm-none-eabi-ar'
AS='arm-none-eabi-as'
AUTOCONF='${SHELL} /Users/justinng/Documents/Github/roborodentia2017/newlib-cygwin/missing --run autoconf'
AUTOHEADER='${SHELL} /Users/justinng/Documents/Github/roborodentia2017/newlib-cygwin/missing --run autoheader'
AUTOMAKE='${SHELL} /Users/justinng/Documents/Github/roborodentia2017/newlib-cygwin/missing --run automake-1.11'
AWK='awk'
CC='arm-none-eabi-gcc -B/Users/justinng/Documents/Github/roborodentia2017/newlib_arm-none-eabi/arm-none-eabi/armv7-ar/thumb/fpu/newlib/ -isystem /Users/justinng/Documents/Github/roborodentia2017/newlib_arm-none-eabi/arm-none-eabi/armv7-ar/thumb/fpu/newlib/targ-include -isystem /Users/justinng/Documents/Github/roborodentia2017/newlib-cygwin/newlib/libc/include -B/Users/justinng/Documents/Github/roborodentia2017/newlib_arm-none-eabi/arm-none-eabi/armv7-ar/thumb/fpu/libgloss/arm -L/Users/justinng/Documents/Github/roborodentia2017/newlib_arm-none-eabi/arm-none-eabi/armv7-ar/thumb/fpu/libgloss/libnosys -L/Users/justinng/Documents/Github/roborodentia2017/newlib-cygwin/libgloss/arm  -mthumb -march=armv7 -mfloat-abi=hard -mfpu=vfpv3-d16'
CCAS='arm-none-eabi-gcc -B/Users/justinng/Documents/Github/roborodentia2017/newlib_arm-none-eabi/arm-none-eabi/armv7-ar/thumb/fpu/newlib/ -isystem /Users/justinng/Documents/Github/roborodentia2017/newlib_arm-none-eabi/arm-none-eabi/armv7-ar/thumb/fpu/newlib/targ-include -isystem /Users/justinng/Documents/Github/roborodentia2017/newlib-cygwin/newlib/libc/include -B/Users/justinng/Documents/Github/roborodentia2017/newlib_arm-none-eabi/arm-none-eabi/armv7-ar/thumb/fpu/libgloss/arm -L/Users/justinng/Documents/Github/roborodentia2017/newlib_arm-none-eabi/arm-none-eabi/armv7-ar/thumb/fpu/libgloss/libnosys -L/Users/justinng/Documents/Github/roborodentia2017/newlib-cygwin/libgloss/arm  -mthumb -march=armv7 -mfloat-abi=hard -mfpu=vfpv3-d16'
CCASFLAGS='-g -O2'
CCDEPMODE='depmode=gcc3'
CFLAGS='-g -O2'
CPP=''
CPPFLAGS=''
CRT0=''
CYGPATH_W='echo'
DEFS='-DPACKAGE_NAME=\"newlib\" -DPACKAGE_TARNAME=\"newlib\" -DPACKAGE_VERSION=\"2.4.0\" -DPACKAGE_STRING=\"newlib\ 2.4.0\" -DPACKAGE_BUGREPORT=\"\" -DPACKAGE_URL=\"\"'
DEPDIR='.deps'
DLLTOOL='arm-none-eabi-dlltool'
DSYMUTIL=''
DUMPBIN=''
ECHO_C='\c'
ECHO_N=''
ECHO_T=''
EGREP=''
ELIX_LEVEL_0_FALSE='#'
ELIX_LEVEL_0_TRUE=''
ELIX_LEVEL_1_FALSE=''
ELIX_LEVEL_1_TRUE='#'
ELIX_LEVEL_2_FALSE=''
ELIX_LEVEL_2_TRUE='#'
ELIX_LEVEL_3_FALSE=''
ELIX_LEVEL_3_TRUE='#'
ELIX_LEVEL_4_FALSE=''
ELIX_LEVEL_4_TRUE='#'
ENABLE_NEWLIB_ICONV_FALSE=''
ENABLE_NEWLIB_ICONV_TRUE='#'
EXEEXT=''
FGREP=''
GREP=''
HAVE_LONG_DOUBLE_FALSE='#'
HAVE_LONG_DOUBLE_TRUE=''
HAVE_POSIX_DIR_FALSE=''
HAVE_POSIX_DIR_TRUE='#'
HAVE_SIGNAL_DIR_FALSE='#'
HAVE_SIGNAL_DIR_TRUE=''
HAVE_STDIO64_DIR_FALSE=''
HAVE_STDIO64_DIR_TRUE='#'
HAVE_STDIO_DIR_FALSE='#'
HAVE_STDIO_DIR_TRUE=''
HAVE_SYSCALL_DIR_FALSE='#'
HAVE_SYSCALL_DIR_TRUE=''
HAVE_UNIX_DIR_FALSE=''
HAVE_UNIX_DIR_TRUE='#'
HAVE_XDR_DIR_FALSE=''
HAVE_XDR_DIR_TRUE='#'
INSTALL_DATA='/usr/local/bin/ginstall -c -m 644'
INSTALL_PROGRAM='/usr/local/bin/ginstall -c'
INSTALL_SCRIPT='/usr/local/bin/ginstall -c'
INSTALL_STRIP_PROGRAM='$(install_sh) -c -s'
LD='arm-none-eabi-ld'
LDFLAGS=''
LIBC_EXTRA_DEF=''
LIBC_EXTRA_LIB=''
LIBC_MACHINE_LIB='machine/lib.a'
LIBC_POSIX_DEF=''
LIBC_POSIX_LIB=''
LIBC_SIGNAL_DEF='signal/stmp-def'
LIBC_SIGNAL_LIB='signal/lib.a'
LIBC_STDIO64_DEF=''
LIBC_STDIO64_LIB=''
LIBC_STDIO_DEF='stdio/stmp-def'
LIBC_STDIO_LIB='stdio/lib.a'
LIBC_SYSCALL_LIB='syscalls/lib.a'
LIBC_SYS_LIB='sys/lib.a'
LIBC_UNIX_LIB=''
LIBC_XDR_DEF=''
LIBC_XDR_LIB=''
LIBOBJS=''
LIBS=''
LIBTOOL=''
LIPO='arm-none-eabi-lipo'
LN_S=''
LTLIBOBJS=''
MAINT='#'
MAINTAINER_MODE_FALSE=''
MAINTAINER_MODE_TRUE='#'
MAKEINFO='makeinfo --split-size=5000000'
MAY_SUPPLY_SYSCALLS_FALSE=''
MAY_SUPPLY_SYSCALLS_TRUE='#'
MKDIR_P='/usr/local/bin/gmkdir -p'
NEWLIB_CFLAGS=' -D__NO_SYSCALLS__ -fno-builtin'
NEWLIB_NANO_FORMATTED_IO_FALSE=''
NEWLIB_NANO_FORMATTED_IO_TRUE='#'
NEWLIB_NANO_MALLOC_FALSE=''
NEWLIB_NANO_MALLOC_TRUE='#'
NM='arm-none-eabi-nm'
NMEDIT=''
NO_INCLUDE_LIST=' rpc/types.h rpc/xdr.h'
OBJDUMP='arm-none-eabi-objdump'
OBJEXT='o'
OTOOL64=''
OTOOL=''
PACKAGE='newlib'
PACKAGE_BUGREPORT=''
PACKAGE_NAME='newlib'
PACKAGE_STRING='newlib 2.4.0'
PACKAGE_TARNAME='newlib'
PACKAGE_URL=''
PACKAGE_VERSION='2.4.0'
PATH_SEPARATOR=':'
RANLIB='arm-none-eabi-ranlib'
READELF='arm-none-eabi-readelf'
SED='/usr/bin/sed'
SET_MAKE=''
SHELL='/bin/sh'
STRIP='arm-none-eabi-strip'
USE_LIBTOOL_FALSE=''
USE_LIBTOOL_TRUE='#'
VERSION='2.4.0'
ac_ct_CC=''
ac_ct_DUMPBIN=''
aext='a'
am__EXEEXT_FALSE=''
am__EXEEXT_TRUE='#'
am__fastdepCC_FALSE='#'
am__fastdepCC_TRUE=''
am__include='include'
am__isrc=' -I$(srcdir)'
am__leading_dot='.'
am__nodep='_no'
am__quote=''
am__tar='$${TAR-tar} chof - "$$tardir"'
am__untar='$${TAR-tar} xf -'
bindir='${exec_prefix}/bin'
build='x86_64-apple-darwin15.6.0'
build_alias='x86_64-apple-darwin15.6.0'
build_cpu='x86_64'
build_os='darwin15.6.0'
build_vendor='apple'
datadir='${datarootdir}'
datarootdir='${prefix}/share'
docdir='${datarootdir}/doc/${PACKAGE_TARNAME}'
dvidir='${docdir}'
exec_prefix='${prefix}'
extra_dir=''
host='arm-none-eabi'
host_alias='arm-none-eabi'
host_cpu='arm'
host_os='eabi'
host_vendor='none'
htmldir='${docdir}'
includedir='${prefix}/include'
infodir='${datarootdir}/info'
install_sh='${SHELL} /Users/justinng/Documents/Github/roborodentia2017/newlib-cygwin/install-sh'
libdir='${exec_prefix}/lib'
libexecdir='${exec_prefix}/libexec'
libm_machine_dir='arm'
localedir='${datarootdir}/locale'
localstatedir='${prefix}/var'
lpfx='lib_a-'
machine_dir='arm'
mandir='${datarootdir}/man'
mkdir_p='/usr/local/bin/gmkdir -p'
newlib_basedir='../../../../../../../newlib-cygwin/newlib/libc/..'
oext='o'
oldincludedir='/usr/include'
pdfdir='${docdir}'
prefix='/usr/local'
program_transform_name='s&^&arm-none-eabi-&'
psdir='${docdir}'
sbindir='${exec_prefix}/sbin'
sharedstatedir='${prefix}/com'
subdirs=' machine sys'
sys_dir='arm'
sysconfdir='${prefix}/etc'
target_alias='arm-none-eabi'

## ----------- ##
## confdefs.h. ##
## ----------- ##

/* confdefs.h */
#define PACKAGE_NAME "newlib"
#define PACKAGE_TARNAME "newlib"
#define PACKAGE_VERSION "2.4.0"
#define PACKAGE_STRING "newlib 2.4.0"
#define PACKAGE_BUGREPORT ""
#define PACKAGE_URL ""

configure: exit 0
