ARM GAS  /var/folders/gg/1prykzgd72385vwcgrq9wzdr0000gn/T//ccUnZ5AU.s 			page 1


   1              		.syntax unified
   2              		.cpu cortex-m4
   3              		.eabi_attribute 27, 3
   4              		.eabi_attribute 28, 1
   5              		.fpu fpv4-sp-d16
   6              		.eabi_attribute 20, 1
   7              		.eabi_attribute 21, 1
   8              		.eabi_attribute 23, 3
   9              		.eabi_attribute 24, 1
  10              		.eabi_attribute 25, 1
  11              		.eabi_attribute 26, 1
  12              		.eabi_attribute 30, 1
  13              		.eabi_attribute 34, 1
  14              		.eabi_attribute 18, 4
  15              		.thumb
  16              		.file	"dma.c"
  17              		.text
  18              	.Ltext0:
  19              		.cfi_sections	.debug_frame
  20              		.section	.text.MX_DMA_Init,"ax",%progbits
  21              		.align	2
  22              		.global	MX_DMA_Init
  23              		.thumb
  24              		.thumb_func
  26              	MX_DMA_Init:
  27              	.LFB123:
  28              		.file 1 "Src/dma.c"
   1:Src/dma.c     **** /**
   2:Src/dma.c     ****   ******************************************************************************
   3:Src/dma.c     ****   * File Name          : dma.c
   4:Src/dma.c     ****   * Description        : This file provides code for the configuration
   5:Src/dma.c     ****   *                      of all the requested memory to memory DMA transfers.
   6:Src/dma.c     ****   ******************************************************************************
   7:Src/dma.c     ****   ** This notice applies to any and all portions of this file
   8:Src/dma.c     ****   * that are not between comment pairs USER CODE BEGIN and
   9:Src/dma.c     ****   * USER CODE END. Other portions of this file, whether 
  10:Src/dma.c     ****   * inserted by the user or by software development tools
  11:Src/dma.c     ****   * are owned by their respective copyright owners.
  12:Src/dma.c     ****   *
  13:Src/dma.c     ****   * COPYRIGHT(c) 2018 STMicroelectronics
  14:Src/dma.c     ****   *
  15:Src/dma.c     ****   * Redistribution and use in source and binary forms, with or without modification,
  16:Src/dma.c     ****   * are permitted provided that the following conditions are met:
  17:Src/dma.c     ****   *   1. Redistributions of source code must retain the above copyright notice,
  18:Src/dma.c     ****   *      this list of conditions and the following disclaimer.
  19:Src/dma.c     ****   *   2. Redistributions in binary form must reproduce the above copyright notice,
  20:Src/dma.c     ****   *      this list of conditions and the following disclaimer in the documentation
  21:Src/dma.c     ****   *      and/or other materials provided with the distribution.
  22:Src/dma.c     ****   *   3. Neither the name of STMicroelectronics nor the names of its contributors
  23:Src/dma.c     ****   *      may be used to endorse or promote products derived from this software
  24:Src/dma.c     ****   *      without specific prior written permission.
  25:Src/dma.c     ****   *
  26:Src/dma.c     ****   * THIS SOFTWARE IS PROVIDED BY THE COPYRIGHT HOLDERS AND CONTRIBUTORS "AS IS"
  27:Src/dma.c     ****   * AND ANY EXPRESS OR IMPLIED WARRANTIES, INCLUDING, BUT NOT LIMITED TO, THE
  28:Src/dma.c     ****   * IMPLIED WARRANTIES OF MERCHANTABILITY AND FITNESS FOR A PARTICULAR PURPOSE ARE
  29:Src/dma.c     ****   * DISCLAIMED. IN NO EVENT SHALL THE COPYRIGHT HOLDER OR CONTRIBUTORS BE LIABLE
  30:Src/dma.c     ****   * FOR ANY DIRECT, INDIRECT, INCIDENTAL, SPECIAL, EXEMPLARY, OR CONSEQUENTIAL
ARM GAS  /var/folders/gg/1prykzgd72385vwcgrq9wzdr0000gn/T//ccUnZ5AU.s 			page 2


  31:Src/dma.c     ****   * DAMAGES (INCLUDING, BUT NOT LIMITED TO, PROCUREMENT OF SUBSTITUTE GOODS OR
  32:Src/dma.c     ****   * SERVICES; LOSS OF USE, DATA, OR PROFITS; OR BUSINESS INTERRUPTION) HOWEVER
  33:Src/dma.c     ****   * CAUSED AND ON ANY THEORY OF LIABILITY, WHETHER IN CONTRACT, STRICT LIABILITY,
  34:Src/dma.c     ****   * OR TORT (INCLUDING NEGLIGENCE OR OTHERWISE) ARISING IN ANY WAY OUT OF THE USE
  35:Src/dma.c     ****   * OF THIS SOFTWARE, EVEN IF ADVISED OF THE POSSIBILITY OF SUCH DAMAGE.
  36:Src/dma.c     ****   *
  37:Src/dma.c     ****   ******************************************************************************
  38:Src/dma.c     ****   */
  39:Src/dma.c     **** /* Includes ------------------------------------------------------------------*/
  40:Src/dma.c     **** #include "dma.h"
  41:Src/dma.c     **** 
  42:Src/dma.c     **** /* USER CODE BEGIN 0 */
  43:Src/dma.c     **** 
  44:Src/dma.c     **** /* USER CODE END 0 */
  45:Src/dma.c     **** 
  46:Src/dma.c     **** /*----------------------------------------------------------------------------*/
  47:Src/dma.c     **** /* Configure DMA                                                              */
  48:Src/dma.c     **** /*----------------------------------------------------------------------------*/
  49:Src/dma.c     **** 
  50:Src/dma.c     **** /* USER CODE BEGIN 1 */
  51:Src/dma.c     **** 
  52:Src/dma.c     **** /* USER CODE END 1 */
  53:Src/dma.c     **** 
  54:Src/dma.c     **** /** 
  55:Src/dma.c     ****   * Enable DMA controller clock
  56:Src/dma.c     ****   */
  57:Src/dma.c     **** void MX_DMA_Init(void) 
  58:Src/dma.c     **** {
  29              		.loc 1 58 0
  30              		.cfi_startproc
  31              		@ args = 0, pretend = 0, frame = 8
  32              		@ frame_needed = 0, uses_anonymous_args = 0
  33 0000 10B5     		push	{r4, lr}
  34              	.LCFI0:
  35              		.cfi_def_cfa_offset 8
  36              		.cfi_offset 4, -8
  37              		.cfi_offset 14, -4
  38 0002 82B0     		sub	sp, sp, #8
  39              	.LCFI1:
  40              		.cfi_def_cfa_offset 16
  41              	.LBB2:
  59:Src/dma.c     ****   /* DMA controller clock enable */
  60:Src/dma.c     ****   __HAL_RCC_DMA1_CLK_ENABLE();
  42              		.loc 1 60 0
  43 0004 0024     		movs	r4, #0
  44 0006 0194     		str	r4, [sp, #4]
  45 0008 1D4B     		ldr	r3, .L3
  46 000a 1A6B     		ldr	r2, [r3, #48]
  47 000c 42F40012 		orr	r2, r2, #2097152
  48 0010 1A63     		str	r2, [r3, #48]
  49 0012 1B6B     		ldr	r3, [r3, #48]
  50 0014 03F40013 		and	r3, r3, #2097152
  51 0018 0193     		str	r3, [sp, #4]
  52 001a 019B     		ldr	r3, [sp, #4]
  53              	.LBE2:
  61:Src/dma.c     **** 
  62:Src/dma.c     ****   /* DMA interrupt init */
ARM GAS  /var/folders/gg/1prykzgd72385vwcgrq9wzdr0000gn/T//ccUnZ5AU.s 			page 3


  63:Src/dma.c     ****   /* DMA1_Stream1_IRQn interrupt configuration */
  64:Src/dma.c     ****   HAL_NVIC_SetPriority(DMA1_Stream1_IRQn, 0, 0);
  54              		.loc 1 64 0
  55 001c 0C20     		movs	r0, #12
  56 001e 2146     		mov	r1, r4
  57 0020 2246     		mov	r2, r4
  58 0022 FFF7FEFF 		bl	HAL_NVIC_SetPriority
  59              	.LVL0:
  65:Src/dma.c     ****   HAL_NVIC_EnableIRQ(DMA1_Stream1_IRQn);
  60              		.loc 1 65 0
  61 0026 0C20     		movs	r0, #12
  62 0028 FFF7FEFF 		bl	HAL_NVIC_EnableIRQ
  63              	.LVL1:
  66:Src/dma.c     ****   /* DMA1_Stream2_IRQn interrupt configuration */
  67:Src/dma.c     ****   HAL_NVIC_SetPriority(DMA1_Stream2_IRQn, 0, 0);
  64              		.loc 1 67 0
  65 002c 0D20     		movs	r0, #13
  66 002e 2146     		mov	r1, r4
  67 0030 2246     		mov	r2, r4
  68 0032 FFF7FEFF 		bl	HAL_NVIC_SetPriority
  69              	.LVL2:
  68:Src/dma.c     ****   HAL_NVIC_EnableIRQ(DMA1_Stream2_IRQn);
  70              		.loc 1 68 0
  71 0036 0D20     		movs	r0, #13
  72 0038 FFF7FEFF 		bl	HAL_NVIC_EnableIRQ
  73              	.LVL3:
  69:Src/dma.c     ****   /* DMA1_Stream4_IRQn interrupt configuration */
  70:Src/dma.c     ****   HAL_NVIC_SetPriority(DMA1_Stream4_IRQn, 0, 0);
  74              		.loc 1 70 0
  75 003c 0F20     		movs	r0, #15
  76 003e 2146     		mov	r1, r4
  77 0040 2246     		mov	r2, r4
  78 0042 FFF7FEFF 		bl	HAL_NVIC_SetPriority
  79              	.LVL4:
  71:Src/dma.c     ****   HAL_NVIC_EnableIRQ(DMA1_Stream4_IRQn);
  80              		.loc 1 71 0
  81 0046 0F20     		movs	r0, #15
  82 0048 FFF7FEFF 		bl	HAL_NVIC_EnableIRQ
  83              	.LVL5:
  72:Src/dma.c     ****   /* DMA1_Stream5_IRQn interrupt configuration */
  73:Src/dma.c     ****   HAL_NVIC_SetPriority(DMA1_Stream5_IRQn, 0, 0);
  84              		.loc 1 73 0
  85 004c 1020     		movs	r0, #16
  86 004e 2146     		mov	r1, r4
  87 0050 2246     		mov	r2, r4
  88 0052 FFF7FEFF 		bl	HAL_NVIC_SetPriority
  89              	.LVL6:
  74:Src/dma.c     ****   HAL_NVIC_EnableIRQ(DMA1_Stream5_IRQn);
  90              		.loc 1 74 0
  91 0056 1020     		movs	r0, #16
  92 0058 FFF7FEFF 		bl	HAL_NVIC_EnableIRQ
  93              	.LVL7:
  75:Src/dma.c     ****   /* DMA1_Stream6_IRQn interrupt configuration */
  76:Src/dma.c     ****   HAL_NVIC_SetPriority(DMA1_Stream6_IRQn, 0, 0);
  94              		.loc 1 76 0
  95 005c 1120     		movs	r0, #17
  96 005e 2146     		mov	r1, r4
ARM GAS  /var/folders/gg/1prykzgd72385vwcgrq9wzdr0000gn/T//ccUnZ5AU.s 			page 4


  97 0060 2246     		mov	r2, r4
  98 0062 FFF7FEFF 		bl	HAL_NVIC_SetPriority
  99              	.LVL8:
  77:Src/dma.c     ****   HAL_NVIC_EnableIRQ(DMA1_Stream6_IRQn);
 100              		.loc 1 77 0
 101 0066 1120     		movs	r0, #17
 102 0068 FFF7FEFF 		bl	HAL_NVIC_EnableIRQ
 103              	.LVL9:
  78:Src/dma.c     ****   /* DMA1_Stream7_IRQn interrupt configuration */
  79:Src/dma.c     ****   HAL_NVIC_SetPriority(DMA1_Stream7_IRQn, 0, 0);
 104              		.loc 1 79 0
 105 006c 2F20     		movs	r0, #47
 106 006e 2146     		mov	r1, r4
 107 0070 2246     		mov	r2, r4
 108 0072 FFF7FEFF 		bl	HAL_NVIC_SetPriority
 109              	.LVL10:
  80:Src/dma.c     ****   HAL_NVIC_EnableIRQ(DMA1_Stream7_IRQn);
 110              		.loc 1 80 0
 111 0076 2F20     		movs	r0, #47
 112 0078 FFF7FEFF 		bl	HAL_NVIC_EnableIRQ
 113              	.LVL11:
  81:Src/dma.c     **** 
  82:Src/dma.c     **** }
 114              		.loc 1 82 0
 115 007c 02B0     		add	sp, sp, #8
 116              	.LCFI2:
 117              		.cfi_def_cfa_offset 8
 118              		@ sp needed
 119 007e 10BD     		pop	{r4, pc}
 120              	.L4:
 121              		.align	2
 122              	.L3:
 123 0080 00380240 		.word	1073887232
 124              		.cfi_endproc
 125              	.LFE123:
 127              		.text
 128              	.Letext0:
 129              		.file 2 "Drivers/CMSIS/Device/ST/STM32F4xx/Include/stm32f446xx.h"
 130              		.file 3 "/Users/justinng/Documents/Github/roborodentia2017/arm/arm-none-eabi/include/machine/_defa
 131              		.file 4 "/Users/justinng/Documents/Github/roborodentia2017/arm/arm-none-eabi/include/stdint.h"
 132              		.file 5 "Drivers/CMSIS/Include/core_cm4.h"
 133              		.file 6 "Drivers/STM32F4xx_HAL_Driver/Inc/stm32f4xx_hal_cortex.h"
ARM GAS  /var/folders/gg/1prykzgd72385vwcgrq9wzdr0000gn/T//ccUnZ5AU.s 			page 5


DEFINED SYMBOLS
                            *ABS*:0000000000000000 dma.c
/var/folders/gg/1prykzgd72385vwcgrq9wzdr0000gn/T//ccUnZ5AU.s:21     .text.MX_DMA_Init:0000000000000000 $t
/var/folders/gg/1prykzgd72385vwcgrq9wzdr0000gn/T//ccUnZ5AU.s:26     .text.MX_DMA_Init:0000000000000000 MX_DMA_Init
/var/folders/gg/1prykzgd72385vwcgrq9wzdr0000gn/T//ccUnZ5AU.s:123    .text.MX_DMA_Init:0000000000000080 $d
                     .debug_frame:0000000000000010 $d

UNDEFINED SYMBOLS
HAL_NVIC_SetPriority
HAL_NVIC_EnableIRQ
