ARM GAS  /var/folders/gg/1prykzgd72385vwcgrq9wzdr0000gn/T//ccdviYkr.s 			page 1


   1              		.syntax unified
   2              		.cpu cortex-m4
   3              		.eabi_attribute 27, 3
   4              		.eabi_attribute 28, 1
   5              		.fpu fpv4-sp-d16
   6              		.eabi_attribute 20, 1
   7              		.eabi_attribute 21, 1
   8              		.eabi_attribute 23, 3
   9              		.eabi_attribute 24, 1
  10              		.eabi_attribute 25, 1
  11              		.eabi_attribute 26, 1
  12              		.eabi_attribute 30, 1
  13              		.eabi_attribute 34, 1
  14              		.eabi_attribute 18, 4
  15              		.thumb
  16              		.file	"gpio.c"
  17              		.text
  18              	.Ltext0:
  19              		.cfi_sections	.debug_frame
  20              		.section	.text.MX_GPIO_Init,"ax",%progbits
  21              		.align	2
  22              		.global	MX_GPIO_Init
  23              		.thumb
  24              		.thumb_func
  26              	MX_GPIO_Init:
  27              	.LFB123:
  28              		.file 1 "Src/gpio.c"
   1:Src/gpio.c    **** /**
   2:Src/gpio.c    ****   ******************************************************************************
   3:Src/gpio.c    ****   * File Name          : gpio.c
   4:Src/gpio.c    ****   * Description        : This file provides code for the configuration
   5:Src/gpio.c    ****   *                      of all used GPIO pins.
   6:Src/gpio.c    ****   ******************************************************************************
   7:Src/gpio.c    ****   ** This notice applies to any and all portions of this file
   8:Src/gpio.c    ****   * that are not between comment pairs USER CODE BEGIN and
   9:Src/gpio.c    ****   * USER CODE END. Other portions of this file, whether 
  10:Src/gpio.c    ****   * inserted by the user or by software development tools
  11:Src/gpio.c    ****   * are owned by their respective copyright owners.
  12:Src/gpio.c    ****   *
  13:Src/gpio.c    ****   * COPYRIGHT(c) 2018 STMicroelectronics
  14:Src/gpio.c    ****   *
  15:Src/gpio.c    ****   * Redistribution and use in source and binary forms, with or without modification,
  16:Src/gpio.c    ****   * are permitted provided that the following conditions are met:
  17:Src/gpio.c    ****   *   1. Redistributions of source code must retain the above copyright notice,
  18:Src/gpio.c    ****   *      this list of conditions and the following disclaimer.
  19:Src/gpio.c    ****   *   2. Redistributions in binary form must reproduce the above copyright notice,
  20:Src/gpio.c    ****   *      this list of conditions and the following disclaimer in the documentation
  21:Src/gpio.c    ****   *      and/or other materials provided with the distribution.
  22:Src/gpio.c    ****   *   3. Neither the name of STMicroelectronics nor the names of its contributors
  23:Src/gpio.c    ****   *      may be used to endorse or promote products derived from this software
  24:Src/gpio.c    ****   *      without specific prior written permission.
  25:Src/gpio.c    ****   *
  26:Src/gpio.c    ****   * THIS SOFTWARE IS PROVIDED BY THE COPYRIGHT HOLDERS AND CONTRIBUTORS "AS IS"
  27:Src/gpio.c    ****   * AND ANY EXPRESS OR IMPLIED WARRANTIES, INCLUDING, BUT NOT LIMITED TO, THE
  28:Src/gpio.c    ****   * IMPLIED WARRANTIES OF MERCHANTABILITY AND FITNESS FOR A PARTICULAR PURPOSE ARE
  29:Src/gpio.c    ****   * DISCLAIMED. IN NO EVENT SHALL THE COPYRIGHT HOLDER OR CONTRIBUTORS BE LIABLE
  30:Src/gpio.c    ****   * FOR ANY DIRECT, INDIRECT, INCIDENTAL, SPECIAL, EXEMPLARY, OR CONSEQUENTIAL
ARM GAS  /var/folders/gg/1prykzgd72385vwcgrq9wzdr0000gn/T//ccdviYkr.s 			page 2


  31:Src/gpio.c    ****   * DAMAGES (INCLUDING, BUT NOT LIMITED TO, PROCUREMENT OF SUBSTITUTE GOODS OR
  32:Src/gpio.c    ****   * SERVICES; LOSS OF USE, DATA, OR PROFITS; OR BUSINESS INTERRUPTION) HOWEVER
  33:Src/gpio.c    ****   * CAUSED AND ON ANY THEORY OF LIABILITY, WHETHER IN CONTRACT, STRICT LIABILITY,
  34:Src/gpio.c    ****   * OR TORT (INCLUDING NEGLIGENCE OR OTHERWISE) ARISING IN ANY WAY OUT OF THE USE
  35:Src/gpio.c    ****   * OF THIS SOFTWARE, EVEN IF ADVISED OF THE POSSIBILITY OF SUCH DAMAGE.
  36:Src/gpio.c    ****   *
  37:Src/gpio.c    ****   ******************************************************************************
  38:Src/gpio.c    ****   */
  39:Src/gpio.c    **** 
  40:Src/gpio.c    **** /* Includes ------------------------------------------------------------------*/
  41:Src/gpio.c    **** #include "gpio.h"
  42:Src/gpio.c    **** /* USER CODE BEGIN 0 */
  43:Src/gpio.c    **** 
  44:Src/gpio.c    **** /* USER CODE END 0 */
  45:Src/gpio.c    **** 
  46:Src/gpio.c    **** /*----------------------------------------------------------------------------*/
  47:Src/gpio.c    **** /* Configure GPIO                                                             */
  48:Src/gpio.c    **** /*----------------------------------------------------------------------------*/
  49:Src/gpio.c    **** /* USER CODE BEGIN 1 */
  50:Src/gpio.c    **** 
  51:Src/gpio.c    **** /* USER CODE END 1 */
  52:Src/gpio.c    **** 
  53:Src/gpio.c    **** /** Configure pins as 
  54:Src/gpio.c    ****         * Analog 
  55:Src/gpio.c    ****         * Input 
  56:Src/gpio.c    ****         * Output
  57:Src/gpio.c    ****         * EVENT_OUT
  58:Src/gpio.c    ****         * EXTI
  59:Src/gpio.c    **** */
  60:Src/gpio.c    **** void MX_GPIO_Init(void)
  61:Src/gpio.c    **** {
  29              		.loc 1 61 0
  30              		.cfi_startproc
  31              		@ args = 0, pretend = 0, frame = 40
  32              		@ frame_needed = 0, uses_anonymous_args = 0
  33 0000 2DE9F041 		push	{r4, r5, r6, r7, r8, lr}
  34              	.LCFI0:
  35              		.cfi_def_cfa_offset 24
  36              		.cfi_offset 4, -24
  37              		.cfi_offset 5, -20
  38              		.cfi_offset 6, -16
  39              		.cfi_offset 7, -12
  40              		.cfi_offset 8, -8
  41              		.cfi_offset 14, -4
  42 0004 8AB0     		sub	sp, sp, #40
  43              	.LCFI1:
  44              		.cfi_def_cfa_offset 64
  45              	.LBB2:
  62:Src/gpio.c    **** 
  63:Src/gpio.c    ****   GPIO_InitTypeDef GPIO_InitStruct;
  64:Src/gpio.c    **** 
  65:Src/gpio.c    ****   /* GPIO Ports Clock Enable */
  66:Src/gpio.c    ****   __HAL_RCC_GPIOC_CLK_ENABLE();
  46              		.loc 1 66 0
  47 0006 0024     		movs	r4, #0
  48 0008 0194     		str	r4, [sp, #4]
  49 000a 394B     		ldr	r3, .L3
ARM GAS  /var/folders/gg/1prykzgd72385vwcgrq9wzdr0000gn/T//ccdviYkr.s 			page 3


  50 000c 1A6B     		ldr	r2, [r3, #48]
  51 000e 42F00402 		orr	r2, r2, #4
  52 0012 1A63     		str	r2, [r3, #48]
  53 0014 1A6B     		ldr	r2, [r3, #48]
  54 0016 02F00402 		and	r2, r2, #4
  55 001a 0192     		str	r2, [sp, #4]
  56 001c 019A     		ldr	r2, [sp, #4]
  57              	.LBE2:
  58              	.LBB3:
  67:Src/gpio.c    ****   __HAL_RCC_GPIOH_CLK_ENABLE();
  59              		.loc 1 67 0
  60 001e 0294     		str	r4, [sp, #8]
  61 0020 1A6B     		ldr	r2, [r3, #48]
  62 0022 42F08002 		orr	r2, r2, #128
  63 0026 1A63     		str	r2, [r3, #48]
  64 0028 1A6B     		ldr	r2, [r3, #48]
  65 002a 02F08002 		and	r2, r2, #128
  66 002e 0292     		str	r2, [sp, #8]
  67 0030 029A     		ldr	r2, [sp, #8]
  68              	.LBE3:
  69              	.LBB4:
  68:Src/gpio.c    ****   __HAL_RCC_GPIOA_CLK_ENABLE();
  70              		.loc 1 68 0
  71 0032 0394     		str	r4, [sp, #12]
  72 0034 1A6B     		ldr	r2, [r3, #48]
  73 0036 42F00102 		orr	r2, r2, #1
  74 003a 1A63     		str	r2, [r3, #48]
  75 003c 1A6B     		ldr	r2, [r3, #48]
  76 003e 02F00102 		and	r2, r2, #1
  77 0042 0392     		str	r2, [sp, #12]
  78 0044 039A     		ldr	r2, [sp, #12]
  79              	.LBE4:
  80              	.LBB5:
  69:Src/gpio.c    ****   __HAL_RCC_GPIOB_CLK_ENABLE();
  81              		.loc 1 69 0
  82 0046 0494     		str	r4, [sp, #16]
  83 0048 1A6B     		ldr	r2, [r3, #48]
  84 004a 42F00202 		orr	r2, r2, #2
  85 004e 1A63     		str	r2, [r3, #48]
  86 0050 1B6B     		ldr	r3, [r3, #48]
  87 0052 03F00203 		and	r3, r3, #2
  88 0056 0493     		str	r3, [sp, #16]
  89 0058 049B     		ldr	r3, [sp, #16]
  90              	.LBE5:
  70:Src/gpio.c    **** 
  71:Src/gpio.c    ****   /*Configure GPIO pin Output Level */
  72:Src/gpio.c    ****   HAL_GPIO_WritePin(GPIOC, RF1_G_Pin|RF2_G_Pin|M3_2_Pin|M1_4_Pin 
  91              		.loc 1 72 0
  92 005a 264D     		ldr	r5, .L3+4
  93 005c 2846     		mov	r0, r5
  94 005e 40F69341 		movw	r1, #3219
  95 0062 2246     		mov	r2, r4
  96 0064 FFF7FEFF 		bl	HAL_GPIO_WritePin
  97              	.LVL0:
  73:Src/gpio.c    ****                           |LED_DBG2_Pin|RF6_G_Pin, GPIO_PIN_RESET);
  74:Src/gpio.c    **** 
  75:Src/gpio.c    ****   /*Configure GPIO pin Output Level */
ARM GAS  /var/folders/gg/1prykzgd72385vwcgrq9wzdr0000gn/T//ccdviYkr.s 			page 4


  76:Src/gpio.c    ****   HAL_GPIO_WritePin(GPIOA, LD2_Pin|M2_2_Pin|RF4_G_Pin|RF5_G_Pin, GPIO_PIN_RESET);
  98              		.loc 1 76 0
  99 0068 DFF89480 		ldr	r8, .L3+16
 100 006c 4046     		mov	r0, r8
 101 006e 4FF4E151 		mov	r1, #7200
 102 0072 2246     		mov	r2, r4
 103 0074 FFF7FEFF 		bl	HAL_GPIO_WritePin
 104              	.LVL1:
  77:Src/gpio.c    **** 
  78:Src/gpio.c    ****   /*Configure GPIO pin Output Level */
  79:Src/gpio.c    ****   HAL_GPIO_WritePin(GPIOB, RF3_G_Pin|LED_DBG1_Pin|M1_2_Pin|M3_4_Pin 
 105              		.loc 1 79 0
 106 0078 1F4F     		ldr	r7, .L3+8
 107 007a 3846     		mov	r0, r7
 108 007c 42F22701 		movw	r1, #8231
 109 0080 2246     		mov	r2, r4
 110 0082 FFF7FEFF 		bl	HAL_GPIO_WritePin
 111              	.LVL2:
  80:Src/gpio.c    ****                           |M2_4_Pin, GPIO_PIN_RESET);
  81:Src/gpio.c    **** 
  82:Src/gpio.c    ****   /*Configure GPIO pin : PtPin */
  83:Src/gpio.c    ****   GPIO_InitStruct.Pin = B1_Pin;
 112              		.loc 1 83 0
 113 0086 4FF40053 		mov	r3, #8192
 114 008a 0593     		str	r3, [sp, #20]
  84:Src/gpio.c    ****   GPIO_InitStruct.Mode = GPIO_MODE_IT_FALLING;
 115              		.loc 1 84 0
 116 008c 1B4B     		ldr	r3, .L3+12
 117 008e 0693     		str	r3, [sp, #24]
  85:Src/gpio.c    ****   GPIO_InitStruct.Pull = GPIO_NOPULL;
 118              		.loc 1 85 0
 119 0090 0794     		str	r4, [sp, #28]
  86:Src/gpio.c    ****   HAL_GPIO_Init(B1_GPIO_Port, &GPIO_InitStruct);
 120              		.loc 1 86 0
 121 0092 2846     		mov	r0, r5
 122 0094 05A9     		add	r1, sp, #20
 123 0096 FFF7FEFF 		bl	HAL_GPIO_Init
 124              	.LVL3:
  87:Src/gpio.c    **** 
  88:Src/gpio.c    ****   /*Configure GPIO pins : PCPin PCPin PCPin PCPin 
  89:Src/gpio.c    ****                            PCPin PCPin */
  90:Src/gpio.c    ****   GPIO_InitStruct.Pin = RF1_G_Pin|RF2_G_Pin|M3_2_Pin|M1_4_Pin 
 125              		.loc 1 90 0
 126 009a 40F69343 		movw	r3, #3219
 127 009e 0593     		str	r3, [sp, #20]
  91:Src/gpio.c    ****                           |LED_DBG2_Pin|RF6_G_Pin;
  92:Src/gpio.c    ****   GPIO_InitStruct.Mode = GPIO_MODE_OUTPUT_PP;
 128              		.loc 1 92 0
 129 00a0 0126     		movs	r6, #1
 130 00a2 0696     		str	r6, [sp, #24]
  93:Src/gpio.c    ****   GPIO_InitStruct.Pull = GPIO_NOPULL;
 131              		.loc 1 93 0
 132 00a4 0794     		str	r4, [sp, #28]
  94:Src/gpio.c    ****   GPIO_InitStruct.Speed = GPIO_SPEED_FREQ_LOW;
 133              		.loc 1 94 0
 134 00a6 0894     		str	r4, [sp, #32]
  95:Src/gpio.c    ****   HAL_GPIO_Init(GPIOC, &GPIO_InitStruct);
ARM GAS  /var/folders/gg/1prykzgd72385vwcgrq9wzdr0000gn/T//ccdviYkr.s 			page 5


 135              		.loc 1 95 0
 136 00a8 2846     		mov	r0, r5
 137 00aa 05A9     		add	r1, sp, #20
 138 00ac FFF7FEFF 		bl	HAL_GPIO_Init
 139              	.LVL4:
  96:Src/gpio.c    **** 
  97:Src/gpio.c    ****   /*Configure GPIO pins : PCPin PCPin PCPin PCPin */
  98:Src/gpio.c    ****   GPIO_InitStruct.Pin = SW1_Pin|SW3_Pin|SW2_Pin|SW4_Pin;
 140              		.loc 1 98 0
 141 00b0 6C23     		movs	r3, #108
 142 00b2 0593     		str	r3, [sp, #20]
  99:Src/gpio.c    ****   GPIO_InitStruct.Mode = GPIO_MODE_INPUT;
 143              		.loc 1 99 0
 144 00b4 0694     		str	r4, [sp, #24]
 100:Src/gpio.c    ****   GPIO_InitStruct.Pull = GPIO_NOPULL;
 145              		.loc 1 100 0
 146 00b6 0794     		str	r4, [sp, #28]
 101:Src/gpio.c    ****   HAL_GPIO_Init(GPIOC, &GPIO_InitStruct);
 147              		.loc 1 101 0
 148 00b8 2846     		mov	r0, r5
 149 00ba 05A9     		add	r1, sp, #20
 150 00bc FFF7FEFF 		bl	HAL_GPIO_Init
 151              	.LVL5:
 102:Src/gpio.c    **** 
 103:Src/gpio.c    ****   /*Configure GPIO pins : PAPin PAPin PAPin PAPin */
 104:Src/gpio.c    ****   GPIO_InitStruct.Pin = LD2_Pin|M2_2_Pin|RF4_G_Pin|RF5_G_Pin;
 152              		.loc 1 104 0
 153 00c0 4FF4E153 		mov	r3, #7200
 154 00c4 0593     		str	r3, [sp, #20]
 105:Src/gpio.c    ****   GPIO_InitStruct.Mode = GPIO_MODE_OUTPUT_PP;
 155              		.loc 1 105 0
 156 00c6 0696     		str	r6, [sp, #24]
 106:Src/gpio.c    ****   GPIO_InitStruct.Pull = GPIO_NOPULL;
 157              		.loc 1 106 0
 158 00c8 0794     		str	r4, [sp, #28]
 107:Src/gpio.c    ****   GPIO_InitStruct.Speed = GPIO_SPEED_FREQ_LOW;
 159              		.loc 1 107 0
 160 00ca 0894     		str	r4, [sp, #32]
 108:Src/gpio.c    ****   HAL_GPIO_Init(GPIOA, &GPIO_InitStruct);
 161              		.loc 1 108 0
 162 00cc 4046     		mov	r0, r8
 163 00ce 05A9     		add	r1, sp, #20
 164 00d0 FFF7FEFF 		bl	HAL_GPIO_Init
 165              	.LVL6:
 109:Src/gpio.c    **** 
 110:Src/gpio.c    ****   /*Configure GPIO pins : PBPin PBPin PBPin PBPin 
 111:Src/gpio.c    ****                            PBPin */
 112:Src/gpio.c    ****   GPIO_InitStruct.Pin = RF3_G_Pin|LED_DBG1_Pin|M1_2_Pin|M3_4_Pin 
 166              		.loc 1 112 0
 167 00d4 42F22703 		movw	r3, #8231
 168 00d8 0593     		str	r3, [sp, #20]
 113:Src/gpio.c    ****                           |M2_4_Pin;
 114:Src/gpio.c    ****   GPIO_InitStruct.Mode = GPIO_MODE_OUTPUT_PP;
 169              		.loc 1 114 0
 170 00da 0696     		str	r6, [sp, #24]
 115:Src/gpio.c    ****   GPIO_InitStruct.Pull = GPIO_NOPULL;
 171              		.loc 1 115 0
ARM GAS  /var/folders/gg/1prykzgd72385vwcgrq9wzdr0000gn/T//ccdviYkr.s 			page 6


 172 00dc 0794     		str	r4, [sp, #28]
 116:Src/gpio.c    ****   GPIO_InitStruct.Speed = GPIO_SPEED_FREQ_LOW;
 173              		.loc 1 116 0
 174 00de 0894     		str	r4, [sp, #32]
 117:Src/gpio.c    ****   HAL_GPIO_Init(GPIOB, &GPIO_InitStruct);
 175              		.loc 1 117 0
 176 00e0 3846     		mov	r0, r7
 177 00e2 05A9     		add	r1, sp, #20
 178 00e4 FFF7FEFF 		bl	HAL_GPIO_Init
 179              	.LVL7:
 118:Src/gpio.c    **** 
 119:Src/gpio.c    **** }
 180              		.loc 1 119 0
 181 00e8 0AB0     		add	sp, sp, #40
 182              	.LCFI2:
 183              		.cfi_def_cfa_offset 24
 184              		@ sp needed
 185 00ea BDE8F081 		pop	{r4, r5, r6, r7, r8, pc}
 186              	.L4:
 187 00ee 00BF     		.align	2
 188              	.L3:
 189 00f0 00380240 		.word	1073887232
 190 00f4 00080240 		.word	1073874944
 191 00f8 00040240 		.word	1073873920
 192 00fc 00002110 		.word	270598144
 193 0100 00000240 		.word	1073872896
 194              		.cfi_endproc
 195              	.LFE123:
 197              		.text
 198              	.Letext0:
 199              		.file 2 "/Users/justinng/Documents/Github/roborodentia2017/arm/arm-none-eabi/include/machine/_defa
 200              		.file 3 "/Users/justinng/Documents/Github/roborodentia2017/arm/arm-none-eabi/include/stdint.h"
 201              		.file 4 "Drivers/CMSIS/Device/ST/STM32F4xx/Include/stm32f446xx.h"
 202              		.file 5 "Drivers/STM32F4xx_HAL_Driver/Inc/stm32f4xx_hal_gpio.h"
 203              		.file 6 "Drivers/CMSIS/Include/core_cm4.h"
ARM GAS  /var/folders/gg/1prykzgd72385vwcgrq9wzdr0000gn/T//ccdviYkr.s 			page 7


DEFINED SYMBOLS
                            *ABS*:0000000000000000 gpio.c
/var/folders/gg/1prykzgd72385vwcgrq9wzdr0000gn/T//ccdviYkr.s:21     .text.MX_GPIO_Init:0000000000000000 $t
/var/folders/gg/1prykzgd72385vwcgrq9wzdr0000gn/T//ccdviYkr.s:26     .text.MX_GPIO_Init:0000000000000000 MX_GPIO_Init
/var/folders/gg/1prykzgd72385vwcgrq9wzdr0000gn/T//ccdviYkr.s:189    .text.MX_GPIO_Init:00000000000000f0 $d
                     .debug_frame:0000000000000010 $d

UNDEFINED SYMBOLS
HAL_GPIO_WritePin
HAL_GPIO_Init
