ARM GAS  /var/folders/gg/1prykzgd72385vwcgrq9wzdr0000gn/T//ccpmgenL.s 			page 1


   1              		.syntax unified
   2              		.cpu cortex-m4
   3              		.eabi_attribute 27, 3
   4              		.eabi_attribute 28, 1
   5              		.fpu fpv4-sp-d16
   6              		.eabi_attribute 20, 1
   7              		.eabi_attribute 21, 1
   8              		.eabi_attribute 23, 3
   9              		.eabi_attribute 24, 1
  10              		.eabi_attribute 25, 1
  11              		.eabi_attribute 26, 1
  12              		.eabi_attribute 30, 1
  13              		.eabi_attribute 34, 1
  14              		.eabi_attribute 18, 4
  15              		.thumb
  16              		.file	"stm32f4xx_it.c"
  17              		.text
  18              	.Ltext0:
  19              		.cfi_sections	.debug_frame
  20              		.section	.text.SVC_Handler,"ax",%progbits
  21              		.align	2
  22              		.global	SVC_Handler
  23              		.thumb
  24              		.thumb_func
  26              	SVC_Handler:
  27              	.LFB123:
  28              		.file 1 "Src/stm32f4xx_it.c"
   1:Src/stm32f4xx_it.c **** /**
   2:Src/stm32f4xx_it.c ****   ******************************************************************************
   3:Src/stm32f4xx_it.c ****   * @file    stm32f4xx_it.c
   4:Src/stm32f4xx_it.c ****   * @brief   Interrupt Service Routines.
   5:Src/stm32f4xx_it.c ****   ******************************************************************************
   6:Src/stm32f4xx_it.c ****   *
   7:Src/stm32f4xx_it.c ****   * COPYRIGHT(c) 2018 STMicroelectronics
   8:Src/stm32f4xx_it.c ****   *
   9:Src/stm32f4xx_it.c ****   * Redistribution and use in source and binary forms, with or without modification,
  10:Src/stm32f4xx_it.c ****   * are permitted provided that the following conditions are met:
  11:Src/stm32f4xx_it.c ****   *   1. Redistributions of source code must retain the above copyright notice,
  12:Src/stm32f4xx_it.c ****   *      this list of conditions and the following disclaimer.
  13:Src/stm32f4xx_it.c ****   *   2. Redistributions in binary form must reproduce the above copyright notice,
  14:Src/stm32f4xx_it.c ****   *      this list of conditions and the following disclaimer in the documentation
  15:Src/stm32f4xx_it.c ****   *      and/or other materials provided with the distribution.
  16:Src/stm32f4xx_it.c ****   *   3. Neither the name of STMicroelectronics nor the names of its contributors
  17:Src/stm32f4xx_it.c ****   *      may be used to endorse or promote products derived from this software
  18:Src/stm32f4xx_it.c ****   *      without specific prior written permission.
  19:Src/stm32f4xx_it.c ****   *
  20:Src/stm32f4xx_it.c ****   * THIS SOFTWARE IS PROVIDED BY THE COPYRIGHT HOLDERS AND CONTRIBUTORS "AS IS"
  21:Src/stm32f4xx_it.c ****   * AND ANY EXPRESS OR IMPLIED WARRANTIES, INCLUDING, BUT NOT LIMITED TO, THE
  22:Src/stm32f4xx_it.c ****   * IMPLIED WARRANTIES OF MERCHANTABILITY AND FITNESS FOR A PARTICULAR PURPOSE ARE
  23:Src/stm32f4xx_it.c ****   * DISCLAIMED. IN NO EVENT SHALL THE COPYRIGHT HOLDER OR CONTRIBUTORS BE LIABLE
  24:Src/stm32f4xx_it.c ****   * FOR ANY DIRECT, INDIRECT, INCIDENTAL, SPECIAL, EXEMPLARY, OR CONSEQUENTIAL
  25:Src/stm32f4xx_it.c ****   * DAMAGES (INCLUDING, BUT NOT LIMITED TO, PROCUREMENT OF SUBSTITUTE GOODS OR
  26:Src/stm32f4xx_it.c ****   * SERVICES; LOSS OF USE, DATA, OR PROFITS; OR BUSINESS INTERRUPTION) HOWEVER
  27:Src/stm32f4xx_it.c ****   * CAUSED AND ON ANY THEORY OF LIABILITY, WHETHER IN CONTRACT, STRICT LIABILITY,
  28:Src/stm32f4xx_it.c ****   * OR TORT (INCLUDING NEGLIGENCE OR OTHERWISE) ARISING IN ANY WAY OUT OF THE USE
  29:Src/stm32f4xx_it.c ****   * OF THIS SOFTWARE, EVEN IF ADVISED OF THE POSSIBILITY OF SUCH DAMAGE.
  30:Src/stm32f4xx_it.c ****   *
ARM GAS  /var/folders/gg/1prykzgd72385vwcgrq9wzdr0000gn/T//ccpmgenL.s 			page 2


  31:Src/stm32f4xx_it.c ****   ******************************************************************************
  32:Src/stm32f4xx_it.c ****   */
  33:Src/stm32f4xx_it.c **** /* Includes ------------------------------------------------------------------*/
  34:Src/stm32f4xx_it.c **** #include "stm32f4xx_hal.h"
  35:Src/stm32f4xx_it.c **** #include "stm32f4xx.h"
  36:Src/stm32f4xx_it.c **** #include "stm32f4xx_it.h"
  37:Src/stm32f4xx_it.c **** 
  38:Src/stm32f4xx_it.c **** /* USER CODE BEGIN 0 */
  39:Src/stm32f4xx_it.c **** 
  40:Src/stm32f4xx_it.c **** /* USER CODE END 0 */
  41:Src/stm32f4xx_it.c **** 
  42:Src/stm32f4xx_it.c **** /* External variables --------------------------------------------------------*/
  43:Src/stm32f4xx_it.c **** extern DMA_HandleTypeDef hdma_i2c2_rx;
  44:Src/stm32f4xx_it.c **** extern DMA_HandleTypeDef hdma_i2c2_tx;
  45:Src/stm32f4xx_it.c **** extern DMA_HandleTypeDef hdma_i2c3_rx;
  46:Src/stm32f4xx_it.c **** extern DMA_HandleTypeDef hdma_i2c3_tx;
  47:Src/stm32f4xx_it.c **** extern DMA_HandleTypeDef hdma_usart2_rx;
  48:Src/stm32f4xx_it.c **** extern DMA_HandleTypeDef hdma_usart2_tx;
  49:Src/stm32f4xx_it.c **** 
  50:Src/stm32f4xx_it.c **** /******************************************************************************/
  51:Src/stm32f4xx_it.c **** /*            Cortex-M4 Processor Interruption and Exception Handlers         */ 
  52:Src/stm32f4xx_it.c **** /******************************************************************************/
  53:Src/stm32f4xx_it.c **** 
  54:Src/stm32f4xx_it.c **** /**
  55:Src/stm32f4xx_it.c **** * @brief This function handles System service call via SWI instruction.
  56:Src/stm32f4xx_it.c **** */
  57:Src/stm32f4xx_it.c **** void SVC_Handler(void)
  58:Src/stm32f4xx_it.c **** {
  29              		.loc 1 58 0
  30              		.cfi_startproc
  31              		@ args = 0, pretend = 0, frame = 0
  32              		@ frame_needed = 0, uses_anonymous_args = 0
  33              		@ link register save eliminated.
  34 0000 7047     		bx	lr
  35              		.cfi_endproc
  36              	.LFE123:
  38 0002 00BF     		.section	.text.PendSV_Handler,"ax",%progbits
  39              		.align	2
  40              		.global	PendSV_Handler
  41              		.thumb
  42              		.thumb_func
  44              	PendSV_Handler:
  45              	.LFB124:
  59:Src/stm32f4xx_it.c ****   /* USER CODE BEGIN SVCall_IRQn 0 */
  60:Src/stm32f4xx_it.c **** 
  61:Src/stm32f4xx_it.c ****   /* USER CODE END SVCall_IRQn 0 */
  62:Src/stm32f4xx_it.c ****   /* USER CODE BEGIN SVCall_IRQn 1 */
  63:Src/stm32f4xx_it.c **** 
  64:Src/stm32f4xx_it.c ****   /* USER CODE END SVCall_IRQn 1 */
  65:Src/stm32f4xx_it.c **** }
  66:Src/stm32f4xx_it.c **** 
  67:Src/stm32f4xx_it.c **** /**
  68:Src/stm32f4xx_it.c **** * @brief This function handles Pendable request for system service.
  69:Src/stm32f4xx_it.c **** */
  70:Src/stm32f4xx_it.c **** void PendSV_Handler(void)
  71:Src/stm32f4xx_it.c **** {
  46              		.loc 1 71 0
ARM GAS  /var/folders/gg/1prykzgd72385vwcgrq9wzdr0000gn/T//ccpmgenL.s 			page 3


  47              		.cfi_startproc
  48              		@ args = 0, pretend = 0, frame = 0
  49              		@ frame_needed = 0, uses_anonymous_args = 0
  50              		@ link register save eliminated.
  51 0000 7047     		bx	lr
  52              		.cfi_endproc
  53              	.LFE124:
  55 0002 00BF     		.section	.text.SysTick_Handler,"ax",%progbits
  56              		.align	2
  57              		.global	SysTick_Handler
  58              		.thumb
  59              		.thumb_func
  61              	SysTick_Handler:
  62              	.LFB125:
  72:Src/stm32f4xx_it.c ****   /* USER CODE BEGIN PendSV_IRQn 0 */
  73:Src/stm32f4xx_it.c **** 
  74:Src/stm32f4xx_it.c ****   /* USER CODE END PendSV_IRQn 0 */
  75:Src/stm32f4xx_it.c ****   /* USER CODE BEGIN PendSV_IRQn 1 */
  76:Src/stm32f4xx_it.c **** 
  77:Src/stm32f4xx_it.c ****   /* USER CODE END PendSV_IRQn 1 */
  78:Src/stm32f4xx_it.c **** }
  79:Src/stm32f4xx_it.c **** 
  80:Src/stm32f4xx_it.c **** /**
  81:Src/stm32f4xx_it.c **** * @brief This function handles System tick timer.
  82:Src/stm32f4xx_it.c **** */
  83:Src/stm32f4xx_it.c **** void SysTick_Handler(void)
  84:Src/stm32f4xx_it.c **** {
  63              		.loc 1 84 0
  64              		.cfi_startproc
  65              		@ args = 0, pretend = 0, frame = 0
  66              		@ frame_needed = 0, uses_anonymous_args = 0
  67              		.loc 1 84 0
  68 0000 08B5     		push	{r3, lr}
  69              	.LCFI0:
  70              		.cfi_def_cfa_offset 8
  71              		.cfi_offset 3, -8
  72              		.cfi_offset 14, -4
  85:Src/stm32f4xx_it.c ****   /* USER CODE BEGIN SysTick_IRQn 0 */
  86:Src/stm32f4xx_it.c **** 
  87:Src/stm32f4xx_it.c ****   /* USER CODE END SysTick_IRQn 0 */
  88:Src/stm32f4xx_it.c ****   HAL_IncTick();
  73              		.loc 1 88 0
  74 0002 FFF7FEFF 		bl	HAL_IncTick
  75              	.LVL0:
  89:Src/stm32f4xx_it.c ****   HAL_SYSTICK_IRQHandler();
  76              		.loc 1 89 0
  77 0006 FFF7FEFF 		bl	HAL_SYSTICK_IRQHandler
  78              	.LVL1:
  79 000a 08BD     		pop	{r3, pc}
  80              		.cfi_endproc
  81              	.LFE125:
  83              		.section	.text.DMA1_Stream1_IRQHandler,"ax",%progbits
  84              		.align	2
  85              		.global	DMA1_Stream1_IRQHandler
  86              		.thumb
  87              		.thumb_func
  89              	DMA1_Stream1_IRQHandler:
ARM GAS  /var/folders/gg/1prykzgd72385vwcgrq9wzdr0000gn/T//ccpmgenL.s 			page 4


  90              	.LFB126:
  90:Src/stm32f4xx_it.c ****   /* USER CODE BEGIN SysTick_IRQn 1 */
  91:Src/stm32f4xx_it.c **** 
  92:Src/stm32f4xx_it.c ****   /* USER CODE END SysTick_IRQn 1 */
  93:Src/stm32f4xx_it.c **** }
  94:Src/stm32f4xx_it.c **** 
  95:Src/stm32f4xx_it.c **** /******************************************************************************/
  96:Src/stm32f4xx_it.c **** /* STM32F4xx Peripheral Interrupt Handlers                                    */
  97:Src/stm32f4xx_it.c **** /* Add here the Interrupt Handlers for the used peripherals.                  */
  98:Src/stm32f4xx_it.c **** /* For the available peripheral interrupt handler names,                      */
  99:Src/stm32f4xx_it.c **** /* please refer to the startup file (startup_stm32f4xx.s).                    */
 100:Src/stm32f4xx_it.c **** /******************************************************************************/
 101:Src/stm32f4xx_it.c **** 
 102:Src/stm32f4xx_it.c **** /**
 103:Src/stm32f4xx_it.c **** * @brief This function handles DMA1 stream1 global interrupt.
 104:Src/stm32f4xx_it.c **** */
 105:Src/stm32f4xx_it.c **** void DMA1_Stream1_IRQHandler(void)
 106:Src/stm32f4xx_it.c **** {
  91              		.loc 1 106 0
  92              		.cfi_startproc
  93              		@ args = 0, pretend = 0, frame = 0
  94              		@ frame_needed = 0, uses_anonymous_args = 0
  95 0000 08B5     		push	{r3, lr}
  96              	.LCFI1:
  97              		.cfi_def_cfa_offset 8
  98              		.cfi_offset 3, -8
  99              		.cfi_offset 14, -4
 107:Src/stm32f4xx_it.c ****   /* USER CODE BEGIN DMA1_Stream1_IRQn 0 */
 108:Src/stm32f4xx_it.c **** 
 109:Src/stm32f4xx_it.c ****   /* USER CODE END DMA1_Stream1_IRQn 0 */
 110:Src/stm32f4xx_it.c ****   HAL_DMA_IRQHandler(&hdma_i2c3_rx);
 100              		.loc 1 110 0
 101 0002 0248     		ldr	r0, .L7
 102 0004 FFF7FEFF 		bl	HAL_DMA_IRQHandler
 103              	.LVL2:
 104 0008 08BD     		pop	{r3, pc}
 105              	.L8:
 106 000a 00BF     		.align	2
 107              	.L7:
 108 000c 00000000 		.word	hdma_i2c3_rx
 109              		.cfi_endproc
 110              	.LFE126:
 112              		.section	.text.DMA1_Stream2_IRQHandler,"ax",%progbits
 113              		.align	2
 114              		.global	DMA1_Stream2_IRQHandler
 115              		.thumb
 116              		.thumb_func
 118              	DMA1_Stream2_IRQHandler:
 119              	.LFB127:
 111:Src/stm32f4xx_it.c ****   /* USER CODE BEGIN DMA1_Stream1_IRQn 1 */
 112:Src/stm32f4xx_it.c **** 
 113:Src/stm32f4xx_it.c ****   /* USER CODE END DMA1_Stream1_IRQn 1 */
 114:Src/stm32f4xx_it.c **** }
 115:Src/stm32f4xx_it.c **** 
 116:Src/stm32f4xx_it.c **** /**
 117:Src/stm32f4xx_it.c **** * @brief This function handles DMA1 stream2 global interrupt.
 118:Src/stm32f4xx_it.c **** */
ARM GAS  /var/folders/gg/1prykzgd72385vwcgrq9wzdr0000gn/T//ccpmgenL.s 			page 5


 119:Src/stm32f4xx_it.c **** void DMA1_Stream2_IRQHandler(void)
 120:Src/stm32f4xx_it.c **** {
 120              		.loc 1 120 0
 121              		.cfi_startproc
 122              		@ args = 0, pretend = 0, frame = 0
 123              		@ frame_needed = 0, uses_anonymous_args = 0
 124 0000 08B5     		push	{r3, lr}
 125              	.LCFI2:
 126              		.cfi_def_cfa_offset 8
 127              		.cfi_offset 3, -8
 128              		.cfi_offset 14, -4
 121:Src/stm32f4xx_it.c ****   /* USER CODE BEGIN DMA1_Stream2_IRQn 0 */
 122:Src/stm32f4xx_it.c **** 
 123:Src/stm32f4xx_it.c ****   /* USER CODE END DMA1_Stream2_IRQn 0 */
 124:Src/stm32f4xx_it.c ****   HAL_DMA_IRQHandler(&hdma_i2c2_rx);
 129              		.loc 1 124 0
 130 0002 0248     		ldr	r0, .L11
 131 0004 FFF7FEFF 		bl	HAL_DMA_IRQHandler
 132              	.LVL3:
 133 0008 08BD     		pop	{r3, pc}
 134              	.L12:
 135 000a 00BF     		.align	2
 136              	.L11:
 137 000c 00000000 		.word	hdma_i2c2_rx
 138              		.cfi_endproc
 139              	.LFE127:
 141              		.section	.text.DMA1_Stream4_IRQHandler,"ax",%progbits
 142              		.align	2
 143              		.global	DMA1_Stream4_IRQHandler
 144              		.thumb
 145              		.thumb_func
 147              	DMA1_Stream4_IRQHandler:
 148              	.LFB128:
 125:Src/stm32f4xx_it.c ****   /* USER CODE BEGIN DMA1_Stream2_IRQn 1 */
 126:Src/stm32f4xx_it.c **** 
 127:Src/stm32f4xx_it.c ****   /* USER CODE END DMA1_Stream2_IRQn 1 */
 128:Src/stm32f4xx_it.c **** }
 129:Src/stm32f4xx_it.c **** 
 130:Src/stm32f4xx_it.c **** /**
 131:Src/stm32f4xx_it.c **** * @brief This function handles DMA1 stream4 global interrupt.
 132:Src/stm32f4xx_it.c **** */
 133:Src/stm32f4xx_it.c **** void DMA1_Stream4_IRQHandler(void)
 134:Src/stm32f4xx_it.c **** {
 149              		.loc 1 134 0
 150              		.cfi_startproc
 151              		@ args = 0, pretend = 0, frame = 0
 152              		@ frame_needed = 0, uses_anonymous_args = 0
 153 0000 08B5     		push	{r3, lr}
 154              	.LCFI3:
 155              		.cfi_def_cfa_offset 8
 156              		.cfi_offset 3, -8
 157              		.cfi_offset 14, -4
 135:Src/stm32f4xx_it.c ****   /* USER CODE BEGIN DMA1_Stream4_IRQn 0 */
 136:Src/stm32f4xx_it.c **** 
 137:Src/stm32f4xx_it.c ****   /* USER CODE END DMA1_Stream4_IRQn 0 */
 138:Src/stm32f4xx_it.c ****   HAL_DMA_IRQHandler(&hdma_i2c3_tx);
 158              		.loc 1 138 0
ARM GAS  /var/folders/gg/1prykzgd72385vwcgrq9wzdr0000gn/T//ccpmgenL.s 			page 6


 159 0002 0248     		ldr	r0, .L15
 160 0004 FFF7FEFF 		bl	HAL_DMA_IRQHandler
 161              	.LVL4:
 162 0008 08BD     		pop	{r3, pc}
 163              	.L16:
 164 000a 00BF     		.align	2
 165              	.L15:
 166 000c 00000000 		.word	hdma_i2c3_tx
 167              		.cfi_endproc
 168              	.LFE128:
 170              		.section	.text.DMA1_Stream5_IRQHandler,"ax",%progbits
 171              		.align	2
 172              		.global	DMA1_Stream5_IRQHandler
 173              		.thumb
 174              		.thumb_func
 176              	DMA1_Stream5_IRQHandler:
 177              	.LFB129:
 139:Src/stm32f4xx_it.c ****   /* USER CODE BEGIN DMA1_Stream4_IRQn 1 */
 140:Src/stm32f4xx_it.c **** 
 141:Src/stm32f4xx_it.c ****   /* USER CODE END DMA1_Stream4_IRQn 1 */
 142:Src/stm32f4xx_it.c **** }
 143:Src/stm32f4xx_it.c **** 
 144:Src/stm32f4xx_it.c **** /**
 145:Src/stm32f4xx_it.c **** * @brief This function handles DMA1 stream5 global interrupt.
 146:Src/stm32f4xx_it.c **** */
 147:Src/stm32f4xx_it.c **** void DMA1_Stream5_IRQHandler(void)
 148:Src/stm32f4xx_it.c **** {
 178              		.loc 1 148 0
 179              		.cfi_startproc
 180              		@ args = 0, pretend = 0, frame = 0
 181              		@ frame_needed = 0, uses_anonymous_args = 0
 182 0000 08B5     		push	{r3, lr}
 183              	.LCFI4:
 184              		.cfi_def_cfa_offset 8
 185              		.cfi_offset 3, -8
 186              		.cfi_offset 14, -4
 149:Src/stm32f4xx_it.c ****   /* USER CODE BEGIN DMA1_Stream5_IRQn 0 */
 150:Src/stm32f4xx_it.c **** 
 151:Src/stm32f4xx_it.c ****   /* USER CODE END DMA1_Stream5_IRQn 0 */
 152:Src/stm32f4xx_it.c ****   HAL_DMA_IRQHandler(&hdma_usart2_rx);
 187              		.loc 1 152 0
 188 0002 0248     		ldr	r0, .L19
 189 0004 FFF7FEFF 		bl	HAL_DMA_IRQHandler
 190              	.LVL5:
 191 0008 08BD     		pop	{r3, pc}
 192              	.L20:
 193 000a 00BF     		.align	2
 194              	.L19:
 195 000c 00000000 		.word	hdma_usart2_rx
 196              		.cfi_endproc
 197              	.LFE129:
 199              		.section	.text.DMA1_Stream6_IRQHandler,"ax",%progbits
 200              		.align	2
 201              		.global	DMA1_Stream6_IRQHandler
 202              		.thumb
 203              		.thumb_func
 205              	DMA1_Stream6_IRQHandler:
ARM GAS  /var/folders/gg/1prykzgd72385vwcgrq9wzdr0000gn/T//ccpmgenL.s 			page 7


 206              	.LFB130:
 153:Src/stm32f4xx_it.c ****   /* USER CODE BEGIN DMA1_Stream5_IRQn 1 */
 154:Src/stm32f4xx_it.c **** 
 155:Src/stm32f4xx_it.c ****   /* USER CODE END DMA1_Stream5_IRQn 1 */
 156:Src/stm32f4xx_it.c **** }
 157:Src/stm32f4xx_it.c **** 
 158:Src/stm32f4xx_it.c **** /**
 159:Src/stm32f4xx_it.c **** * @brief This function handles DMA1 stream6 global interrupt.
 160:Src/stm32f4xx_it.c **** */
 161:Src/stm32f4xx_it.c **** void DMA1_Stream6_IRQHandler(void)
 162:Src/stm32f4xx_it.c **** {
 207              		.loc 1 162 0
 208              		.cfi_startproc
 209              		@ args = 0, pretend = 0, frame = 0
 210              		@ frame_needed = 0, uses_anonymous_args = 0
 211 0000 08B5     		push	{r3, lr}
 212              	.LCFI5:
 213              		.cfi_def_cfa_offset 8
 214              		.cfi_offset 3, -8
 215              		.cfi_offset 14, -4
 163:Src/stm32f4xx_it.c ****   /* USER CODE BEGIN DMA1_Stream6_IRQn 0 */
 164:Src/stm32f4xx_it.c **** 
 165:Src/stm32f4xx_it.c ****   /* USER CODE END DMA1_Stream6_IRQn 0 */
 166:Src/stm32f4xx_it.c ****   HAL_DMA_IRQHandler(&hdma_usart2_tx);
 216              		.loc 1 166 0
 217 0002 0248     		ldr	r0, .L23
 218 0004 FFF7FEFF 		bl	HAL_DMA_IRQHandler
 219              	.LVL6:
 220 0008 08BD     		pop	{r3, pc}
 221              	.L24:
 222 000a 00BF     		.align	2
 223              	.L23:
 224 000c 00000000 		.word	hdma_usart2_tx
 225              		.cfi_endproc
 226              	.LFE130:
 228              		.section	.text.DMA1_Stream7_IRQHandler,"ax",%progbits
 229              		.align	2
 230              		.global	DMA1_Stream7_IRQHandler
 231              		.thumb
 232              		.thumb_func
 234              	DMA1_Stream7_IRQHandler:
 235              	.LFB131:
 167:Src/stm32f4xx_it.c ****   /* USER CODE BEGIN DMA1_Stream6_IRQn 1 */
 168:Src/stm32f4xx_it.c **** 
 169:Src/stm32f4xx_it.c ****   /* USER CODE END DMA1_Stream6_IRQn 1 */
 170:Src/stm32f4xx_it.c **** }
 171:Src/stm32f4xx_it.c **** 
 172:Src/stm32f4xx_it.c **** /**
 173:Src/stm32f4xx_it.c **** * @brief This function handles DMA1 stream7 global interrupt.
 174:Src/stm32f4xx_it.c **** */
 175:Src/stm32f4xx_it.c **** void DMA1_Stream7_IRQHandler(void)
 176:Src/stm32f4xx_it.c **** {
 236              		.loc 1 176 0
 237              		.cfi_startproc
 238              		@ args = 0, pretend = 0, frame = 0
 239              		@ frame_needed = 0, uses_anonymous_args = 0
 240 0000 08B5     		push	{r3, lr}
ARM GAS  /var/folders/gg/1prykzgd72385vwcgrq9wzdr0000gn/T//ccpmgenL.s 			page 8


 241              	.LCFI6:
 242              		.cfi_def_cfa_offset 8
 243              		.cfi_offset 3, -8
 244              		.cfi_offset 14, -4
 177:Src/stm32f4xx_it.c ****   /* USER CODE BEGIN DMA1_Stream7_IRQn 0 */
 178:Src/stm32f4xx_it.c **** 
 179:Src/stm32f4xx_it.c ****   /* USER CODE END DMA1_Stream7_IRQn 0 */
 180:Src/stm32f4xx_it.c ****   HAL_DMA_IRQHandler(&hdma_i2c2_tx);
 245              		.loc 1 180 0
 246 0002 0248     		ldr	r0, .L27
 247 0004 FFF7FEFF 		bl	HAL_DMA_IRQHandler
 248              	.LVL7:
 249 0008 08BD     		pop	{r3, pc}
 250              	.L28:
 251 000a 00BF     		.align	2
 252              	.L27:
 253 000c 00000000 		.word	hdma_i2c2_tx
 254              		.cfi_endproc
 255              	.LFE131:
 257              		.text
 258              	.Letext0:
 259              		.file 2 "/Users/justinng/Documents/Github/roborodentia2017/arm/arm-none-eabi/include/machine/_defa
 260              		.file 3 "/Users/justinng/Documents/Github/roborodentia2017/arm/arm-none-eabi/include/stdint.h"
 261              		.file 4 "Drivers/CMSIS/Device/ST/STM32F4xx/Include/stm32f446xx.h"
 262              		.file 5 "Drivers/STM32F4xx_HAL_Driver/Inc/stm32f4xx_hal_def.h"
 263              		.file 6 "Drivers/STM32F4xx_HAL_Driver/Inc/stm32f4xx_hal_dma.h"
 264              		.file 7 "Drivers/CMSIS/Include/core_cm4.h"
 265              		.file 8 "Drivers/STM32F4xx_HAL_Driver/Inc/stm32f4xx_hal.h"
 266              		.file 9 "Drivers/STM32F4xx_HAL_Driver/Inc/stm32f4xx_hal_cortex.h"
ARM GAS  /var/folders/gg/1prykzgd72385vwcgrq9wzdr0000gn/T//ccpmgenL.s 			page 9


DEFINED SYMBOLS
                            *ABS*:0000000000000000 stm32f4xx_it.c
/var/folders/gg/1prykzgd72385vwcgrq9wzdr0000gn/T//ccpmgenL.s:21     .text.SVC_Handler:0000000000000000 $t
/var/folders/gg/1prykzgd72385vwcgrq9wzdr0000gn/T//ccpmgenL.s:26     .text.SVC_Handler:0000000000000000 SVC_Handler
/var/folders/gg/1prykzgd72385vwcgrq9wzdr0000gn/T//ccpmgenL.s:39     .text.PendSV_Handler:0000000000000000 $t
/var/folders/gg/1prykzgd72385vwcgrq9wzdr0000gn/T//ccpmgenL.s:44     .text.PendSV_Handler:0000000000000000 PendSV_Handler
/var/folders/gg/1prykzgd72385vwcgrq9wzdr0000gn/T//ccpmgenL.s:56     .text.SysTick_Handler:0000000000000000 $t
/var/folders/gg/1prykzgd72385vwcgrq9wzdr0000gn/T//ccpmgenL.s:61     .text.SysTick_Handler:0000000000000000 SysTick_Handler
/var/folders/gg/1prykzgd72385vwcgrq9wzdr0000gn/T//ccpmgenL.s:84     .text.DMA1_Stream1_IRQHandler:0000000000000000 $t
/var/folders/gg/1prykzgd72385vwcgrq9wzdr0000gn/T//ccpmgenL.s:89     .text.DMA1_Stream1_IRQHandler:0000000000000000 DMA1_Stream1_IRQHandler
/var/folders/gg/1prykzgd72385vwcgrq9wzdr0000gn/T//ccpmgenL.s:108    .text.DMA1_Stream1_IRQHandler:000000000000000c $d
/var/folders/gg/1prykzgd72385vwcgrq9wzdr0000gn/T//ccpmgenL.s:113    .text.DMA1_Stream2_IRQHandler:0000000000000000 $t
/var/folders/gg/1prykzgd72385vwcgrq9wzdr0000gn/T//ccpmgenL.s:118    .text.DMA1_Stream2_IRQHandler:0000000000000000 DMA1_Stream2_IRQHandler
/var/folders/gg/1prykzgd72385vwcgrq9wzdr0000gn/T//ccpmgenL.s:137    .text.DMA1_Stream2_IRQHandler:000000000000000c $d
/var/folders/gg/1prykzgd72385vwcgrq9wzdr0000gn/T//ccpmgenL.s:142    .text.DMA1_Stream4_IRQHandler:0000000000000000 $t
/var/folders/gg/1prykzgd72385vwcgrq9wzdr0000gn/T//ccpmgenL.s:147    .text.DMA1_Stream4_IRQHandler:0000000000000000 DMA1_Stream4_IRQHandler
/var/folders/gg/1prykzgd72385vwcgrq9wzdr0000gn/T//ccpmgenL.s:166    .text.DMA1_Stream4_IRQHandler:000000000000000c $d
/var/folders/gg/1prykzgd72385vwcgrq9wzdr0000gn/T//ccpmgenL.s:171    .text.DMA1_Stream5_IRQHandler:0000000000000000 $t
/var/folders/gg/1prykzgd72385vwcgrq9wzdr0000gn/T//ccpmgenL.s:176    .text.DMA1_Stream5_IRQHandler:0000000000000000 DMA1_Stream5_IRQHandler
/var/folders/gg/1prykzgd72385vwcgrq9wzdr0000gn/T//ccpmgenL.s:195    .text.DMA1_Stream5_IRQHandler:000000000000000c $d
/var/folders/gg/1prykzgd72385vwcgrq9wzdr0000gn/T//ccpmgenL.s:200    .text.DMA1_Stream6_IRQHandler:0000000000000000 $t
/var/folders/gg/1prykzgd72385vwcgrq9wzdr0000gn/T//ccpmgenL.s:205    .text.DMA1_Stream6_IRQHandler:0000000000000000 DMA1_Stream6_IRQHandler
/var/folders/gg/1prykzgd72385vwcgrq9wzdr0000gn/T//ccpmgenL.s:224    .text.DMA1_Stream6_IRQHandler:000000000000000c $d
/var/folders/gg/1prykzgd72385vwcgrq9wzdr0000gn/T//ccpmgenL.s:229    .text.DMA1_Stream7_IRQHandler:0000000000000000 $t
/var/folders/gg/1prykzgd72385vwcgrq9wzdr0000gn/T//ccpmgenL.s:234    .text.DMA1_Stream7_IRQHandler:0000000000000000 DMA1_Stream7_IRQHandler
/var/folders/gg/1prykzgd72385vwcgrq9wzdr0000gn/T//ccpmgenL.s:253    .text.DMA1_Stream7_IRQHandler:000000000000000c $d
                     .debug_frame:0000000000000010 $d

UNDEFINED SYMBOLS
HAL_IncTick
HAL_SYSTICK_IRQHandler
HAL_DMA_IRQHandler
hdma_i2c3_rx
hdma_i2c2_rx
hdma_i2c3_tx
hdma_usart2_rx
hdma_usart2_tx
hdma_i2c2_tx
