ARM GAS  /var/folders/gg/1prykzgd72385vwcgrq9wzdr0000gn/T//ccSFax9q.s 			page 1


   1              		.syntax unified
   2              		.cpu cortex-m4
   3              		.eabi_attribute 27, 3
   4              		.eabi_attribute 28, 1
   5              		.fpu fpv4-sp-d16
   6              		.eabi_attribute 20, 1
   7              		.eabi_attribute 21, 1
   8              		.eabi_attribute 23, 3
   9              		.eabi_attribute 24, 1
  10              		.eabi_attribute 25, 1
  11              		.eabi_attribute 26, 1
  12              		.eabi_attribute 30, 1
  13              		.eabi_attribute 34, 1
  14              		.eabi_attribute 18, 4
  15              		.thumb
  16              		.file	"stm32f4xx_hal.c"
  17              		.text
  18              	.Ltext0:
  19              		.cfi_sections	.debug_frame
  20              		.section	.text.HAL_MspInit,"ax",%progbits
  21              		.align	2
  22              		.weak	HAL_MspInit
  23              		.thumb
  24              		.thumb_func
  26              	HAL_MspInit:
  27              	.LFB125:
  28              		.file 1 "Drivers/STM32F4xx_HAL_Driver/Src/stm32f4xx_hal.c"
   1:Drivers/STM32F4xx_HAL_Driver/Src/stm32f4xx_hal.c **** /**
   2:Drivers/STM32F4xx_HAL_Driver/Src/stm32f4xx_hal.c ****   ******************************************************************************
   3:Drivers/STM32F4xx_HAL_Driver/Src/stm32f4xx_hal.c ****   * @file    stm32f4xx_hal.c
   4:Drivers/STM32F4xx_HAL_Driver/Src/stm32f4xx_hal.c ****   * @author  MCD Application Team
   5:Drivers/STM32F4xx_HAL_Driver/Src/stm32f4xx_hal.c ****   * @brief   HAL module driver.
   6:Drivers/STM32F4xx_HAL_Driver/Src/stm32f4xx_hal.c ****   *          This is the common part of the HAL initialization
   7:Drivers/STM32F4xx_HAL_Driver/Src/stm32f4xx_hal.c ****   *
   8:Drivers/STM32F4xx_HAL_Driver/Src/stm32f4xx_hal.c ****   @verbatim
   9:Drivers/STM32F4xx_HAL_Driver/Src/stm32f4xx_hal.c ****   ==============================================================================
  10:Drivers/STM32F4xx_HAL_Driver/Src/stm32f4xx_hal.c ****                      ##### How to use this driver #####
  11:Drivers/STM32F4xx_HAL_Driver/Src/stm32f4xx_hal.c ****   ==============================================================================
  12:Drivers/STM32F4xx_HAL_Driver/Src/stm32f4xx_hal.c ****     [..]
  13:Drivers/STM32F4xx_HAL_Driver/Src/stm32f4xx_hal.c ****     The common HAL driver contains a set of generic and common APIs that can be
  14:Drivers/STM32F4xx_HAL_Driver/Src/stm32f4xx_hal.c ****     used by the PPP peripheral drivers and the user to start using the HAL. 
  15:Drivers/STM32F4xx_HAL_Driver/Src/stm32f4xx_hal.c ****     [..]
  16:Drivers/STM32F4xx_HAL_Driver/Src/stm32f4xx_hal.c ****     The HAL contains two APIs' categories: 
  17:Drivers/STM32F4xx_HAL_Driver/Src/stm32f4xx_hal.c ****          (+) Common HAL APIs
  18:Drivers/STM32F4xx_HAL_Driver/Src/stm32f4xx_hal.c ****          (+) Services HAL APIs
  19:Drivers/STM32F4xx_HAL_Driver/Src/stm32f4xx_hal.c **** 
  20:Drivers/STM32F4xx_HAL_Driver/Src/stm32f4xx_hal.c ****   @endverbatim
  21:Drivers/STM32F4xx_HAL_Driver/Src/stm32f4xx_hal.c ****   ******************************************************************************
  22:Drivers/STM32F4xx_HAL_Driver/Src/stm32f4xx_hal.c ****   * @attention
  23:Drivers/STM32F4xx_HAL_Driver/Src/stm32f4xx_hal.c ****   *
  24:Drivers/STM32F4xx_HAL_Driver/Src/stm32f4xx_hal.c ****   * <h2><center>&copy; COPYRIGHT(c) 2017 STMicroelectronics</center></h2>
  25:Drivers/STM32F4xx_HAL_Driver/Src/stm32f4xx_hal.c ****   *
  26:Drivers/STM32F4xx_HAL_Driver/Src/stm32f4xx_hal.c ****   * Redistribution and use in source and binary forms, with or without modification,
  27:Drivers/STM32F4xx_HAL_Driver/Src/stm32f4xx_hal.c ****   * are permitted provided that the following conditions are met:
  28:Drivers/STM32F4xx_HAL_Driver/Src/stm32f4xx_hal.c ****   *   1. Redistributions of source code must retain the above copyright notice,
  29:Drivers/STM32F4xx_HAL_Driver/Src/stm32f4xx_hal.c ****   *      this list of conditions and the following disclaimer.
  30:Drivers/STM32F4xx_HAL_Driver/Src/stm32f4xx_hal.c ****   *   2. Redistributions in binary form must reproduce the above copyright notice,
ARM GAS  /var/folders/gg/1prykzgd72385vwcgrq9wzdr0000gn/T//ccSFax9q.s 			page 2


  31:Drivers/STM32F4xx_HAL_Driver/Src/stm32f4xx_hal.c ****   *      this list of conditions and the following disclaimer in the documentation
  32:Drivers/STM32F4xx_HAL_Driver/Src/stm32f4xx_hal.c ****   *      and/or other materials provided with the distribution.
  33:Drivers/STM32F4xx_HAL_Driver/Src/stm32f4xx_hal.c ****   *   3. Neither the name of STMicroelectronics nor the names of its contributors
  34:Drivers/STM32F4xx_HAL_Driver/Src/stm32f4xx_hal.c ****   *      may be used to endorse or promote products derived from this software
  35:Drivers/STM32F4xx_HAL_Driver/Src/stm32f4xx_hal.c ****   *      without specific prior written permission.
  36:Drivers/STM32F4xx_HAL_Driver/Src/stm32f4xx_hal.c ****   *
  37:Drivers/STM32F4xx_HAL_Driver/Src/stm32f4xx_hal.c ****   * THIS SOFTWARE IS PROVIDED BY THE COPYRIGHT HOLDERS AND CONTRIBUTORS "AS IS"
  38:Drivers/STM32F4xx_HAL_Driver/Src/stm32f4xx_hal.c ****   * AND ANY EXPRESS OR IMPLIED WARRANTIES, INCLUDING, BUT NOT LIMITED TO, THE
  39:Drivers/STM32F4xx_HAL_Driver/Src/stm32f4xx_hal.c ****   * IMPLIED WARRANTIES OF MERCHANTABILITY AND FITNESS FOR A PARTICULAR PURPOSE ARE
  40:Drivers/STM32F4xx_HAL_Driver/Src/stm32f4xx_hal.c ****   * DISCLAIMED. IN NO EVENT SHALL THE COPYRIGHT HOLDER OR CONTRIBUTORS BE LIABLE
  41:Drivers/STM32F4xx_HAL_Driver/Src/stm32f4xx_hal.c ****   * FOR ANY DIRECT, INDIRECT, INCIDENTAL, SPECIAL, EXEMPLARY, OR CONSEQUENTIAL
  42:Drivers/STM32F4xx_HAL_Driver/Src/stm32f4xx_hal.c ****   * DAMAGES (INCLUDING, BUT NOT LIMITED TO, PROCUREMENT OF SUBSTITUTE GOODS OR
  43:Drivers/STM32F4xx_HAL_Driver/Src/stm32f4xx_hal.c ****   * SERVICES; LOSS OF USE, DATA, OR PROFITS; OR BUSINESS INTERRUPTION) HOWEVER
  44:Drivers/STM32F4xx_HAL_Driver/Src/stm32f4xx_hal.c ****   * CAUSED AND ON ANY THEORY OF LIABILITY, WHETHER IN CONTRACT, STRICT LIABILITY,
  45:Drivers/STM32F4xx_HAL_Driver/Src/stm32f4xx_hal.c ****   * OR TORT (INCLUDING NEGLIGENCE OR OTHERWISE) ARISING IN ANY WAY OUT OF THE USE
  46:Drivers/STM32F4xx_HAL_Driver/Src/stm32f4xx_hal.c ****   * OF THIS SOFTWARE, EVEN IF ADVISED OF THE POSSIBILITY OF SUCH DAMAGE.
  47:Drivers/STM32F4xx_HAL_Driver/Src/stm32f4xx_hal.c ****   *
  48:Drivers/STM32F4xx_HAL_Driver/Src/stm32f4xx_hal.c ****   ******************************************************************************
  49:Drivers/STM32F4xx_HAL_Driver/Src/stm32f4xx_hal.c ****   */ 
  50:Drivers/STM32F4xx_HAL_Driver/Src/stm32f4xx_hal.c **** 
  51:Drivers/STM32F4xx_HAL_Driver/Src/stm32f4xx_hal.c **** /* Includes ------------------------------------------------------------------*/
  52:Drivers/STM32F4xx_HAL_Driver/Src/stm32f4xx_hal.c **** #include "stm32f4xx_hal.h"
  53:Drivers/STM32F4xx_HAL_Driver/Src/stm32f4xx_hal.c **** 
  54:Drivers/STM32F4xx_HAL_Driver/Src/stm32f4xx_hal.c **** /** @addtogroup STM32F4xx_HAL_Driver
  55:Drivers/STM32F4xx_HAL_Driver/Src/stm32f4xx_hal.c ****   * @{
  56:Drivers/STM32F4xx_HAL_Driver/Src/stm32f4xx_hal.c ****   */
  57:Drivers/STM32F4xx_HAL_Driver/Src/stm32f4xx_hal.c **** 
  58:Drivers/STM32F4xx_HAL_Driver/Src/stm32f4xx_hal.c **** /** @defgroup HAL HAL
  59:Drivers/STM32F4xx_HAL_Driver/Src/stm32f4xx_hal.c ****   * @brief HAL module driver.
  60:Drivers/STM32F4xx_HAL_Driver/Src/stm32f4xx_hal.c ****   * @{
  61:Drivers/STM32F4xx_HAL_Driver/Src/stm32f4xx_hal.c ****   */
  62:Drivers/STM32F4xx_HAL_Driver/Src/stm32f4xx_hal.c **** 
  63:Drivers/STM32F4xx_HAL_Driver/Src/stm32f4xx_hal.c **** /* Private typedef -----------------------------------------------------------*/
  64:Drivers/STM32F4xx_HAL_Driver/Src/stm32f4xx_hal.c **** /* Private define ------------------------------------------------------------*/
  65:Drivers/STM32F4xx_HAL_Driver/Src/stm32f4xx_hal.c **** /** @addtogroup HAL_Private_Constants
  66:Drivers/STM32F4xx_HAL_Driver/Src/stm32f4xx_hal.c ****   * @{
  67:Drivers/STM32F4xx_HAL_Driver/Src/stm32f4xx_hal.c ****   */
  68:Drivers/STM32F4xx_HAL_Driver/Src/stm32f4xx_hal.c **** /**
  69:Drivers/STM32F4xx_HAL_Driver/Src/stm32f4xx_hal.c ****   * @brief STM32F4xx HAL Driver version number V1.7.2
  70:Drivers/STM32F4xx_HAL_Driver/Src/stm32f4xx_hal.c ****   */
  71:Drivers/STM32F4xx_HAL_Driver/Src/stm32f4xx_hal.c **** #define __STM32F4xx_HAL_VERSION_MAIN   (0x01U) /*!< [31:24] main version */
  72:Drivers/STM32F4xx_HAL_Driver/Src/stm32f4xx_hal.c **** #define __STM32F4xx_HAL_VERSION_SUB1   (0x07U) /*!< [23:16] sub1 version */
  73:Drivers/STM32F4xx_HAL_Driver/Src/stm32f4xx_hal.c **** #define __STM32F4xx_HAL_VERSION_SUB2   (0x02U) /*!< [15:8]  sub2 version */
  74:Drivers/STM32F4xx_HAL_Driver/Src/stm32f4xx_hal.c **** #define __STM32F4xx_HAL_VERSION_RC     (0x00U) /*!< [7:0]  release candidate */ 
  75:Drivers/STM32F4xx_HAL_Driver/Src/stm32f4xx_hal.c **** #define __STM32F4xx_HAL_VERSION         ((__STM32F4xx_HAL_VERSION_MAIN << 24U)\
  76:Drivers/STM32F4xx_HAL_Driver/Src/stm32f4xx_hal.c ****                                         |(__STM32F4xx_HAL_VERSION_SUB1 << 16U)\
  77:Drivers/STM32F4xx_HAL_Driver/Src/stm32f4xx_hal.c ****                                         |(__STM32F4xx_HAL_VERSION_SUB2 << 8U )\
  78:Drivers/STM32F4xx_HAL_Driver/Src/stm32f4xx_hal.c ****                                         |(__STM32F4xx_HAL_VERSION_RC))
  79:Drivers/STM32F4xx_HAL_Driver/Src/stm32f4xx_hal.c ****                                         
  80:Drivers/STM32F4xx_HAL_Driver/Src/stm32f4xx_hal.c **** #define IDCODE_DEVID_MASK    0x00000FFFU
  81:Drivers/STM32F4xx_HAL_Driver/Src/stm32f4xx_hal.c **** 
  82:Drivers/STM32F4xx_HAL_Driver/Src/stm32f4xx_hal.c **** /* ------------ RCC registers bit address in the alias region ----------- */
  83:Drivers/STM32F4xx_HAL_Driver/Src/stm32f4xx_hal.c **** #define SYSCFG_OFFSET             (SYSCFG_BASE - PERIPH_BASE)
  84:Drivers/STM32F4xx_HAL_Driver/Src/stm32f4xx_hal.c **** /* ---  MEMRMP Register ---*/ 
  85:Drivers/STM32F4xx_HAL_Driver/Src/stm32f4xx_hal.c **** /* Alias word address of UFB_MODE bit */ 
  86:Drivers/STM32F4xx_HAL_Driver/Src/stm32f4xx_hal.c **** #define MEMRMP_OFFSET             SYSCFG_OFFSET 
  87:Drivers/STM32F4xx_HAL_Driver/Src/stm32f4xx_hal.c **** #define UFB_MODE_BIT_NUMBER       SYSCFG_MEMRMP_UFB_MODE_Pos
ARM GAS  /var/folders/gg/1prykzgd72385vwcgrq9wzdr0000gn/T//ccSFax9q.s 			page 3


  88:Drivers/STM32F4xx_HAL_Driver/Src/stm32f4xx_hal.c **** #define UFB_MODE_BB               (uint32_t)(PERIPH_BB_BASE + (MEMRMP_OFFSET * 32U) + (UFB_MODE_BIT
  89:Drivers/STM32F4xx_HAL_Driver/Src/stm32f4xx_hal.c **** 
  90:Drivers/STM32F4xx_HAL_Driver/Src/stm32f4xx_hal.c **** /* ---  CMPCR Register ---*/ 
  91:Drivers/STM32F4xx_HAL_Driver/Src/stm32f4xx_hal.c **** /* Alias word address of CMP_PD bit */ 
  92:Drivers/STM32F4xx_HAL_Driver/Src/stm32f4xx_hal.c **** #define CMPCR_OFFSET              (SYSCFG_OFFSET + 0x20U) 
  93:Drivers/STM32F4xx_HAL_Driver/Src/stm32f4xx_hal.c **** #define CMP_PD_BIT_NUMBER         SYSCFG_CMPCR_CMP_PD_Pos
  94:Drivers/STM32F4xx_HAL_Driver/Src/stm32f4xx_hal.c **** #define CMPCR_CMP_PD_BB           (uint32_t)(PERIPH_BB_BASE + (CMPCR_OFFSET * 32U) + (CMP_PD_BIT_NU
  95:Drivers/STM32F4xx_HAL_Driver/Src/stm32f4xx_hal.c **** 
  96:Drivers/STM32F4xx_HAL_Driver/Src/stm32f4xx_hal.c **** /* ---  MCHDLYCR Register ---*/ 
  97:Drivers/STM32F4xx_HAL_Driver/Src/stm32f4xx_hal.c **** /* Alias word address of BSCKSEL bit */ 
  98:Drivers/STM32F4xx_HAL_Driver/Src/stm32f4xx_hal.c **** #define MCHDLYCR_OFFSET            (SYSCFG_OFFSET + 0x30U) 
  99:Drivers/STM32F4xx_HAL_Driver/Src/stm32f4xx_hal.c **** #define BSCKSEL_BIT_NUMBER         SYSCFG_MCHDLYCR_BSCKSEL_Pos
 100:Drivers/STM32F4xx_HAL_Driver/Src/stm32f4xx_hal.c **** #define MCHDLYCR_BSCKSEL_BB        (uint32_t)(PERIPH_BB_BASE + (MCHDLYCR_OFFSET * 32U) + (BSCKSEL_B
 101:Drivers/STM32F4xx_HAL_Driver/Src/stm32f4xx_hal.c **** /**
 102:Drivers/STM32F4xx_HAL_Driver/Src/stm32f4xx_hal.c ****   * @}
 103:Drivers/STM32F4xx_HAL_Driver/Src/stm32f4xx_hal.c ****   */
 104:Drivers/STM32F4xx_HAL_Driver/Src/stm32f4xx_hal.c **** 
 105:Drivers/STM32F4xx_HAL_Driver/Src/stm32f4xx_hal.c **** /* Private macro -------------------------------------------------------------*/
 106:Drivers/STM32F4xx_HAL_Driver/Src/stm32f4xx_hal.c **** /* Private variables ---------------------------------------------------------*/
 107:Drivers/STM32F4xx_HAL_Driver/Src/stm32f4xx_hal.c **** /** @addtogroup HAL_Private_Variables
 108:Drivers/STM32F4xx_HAL_Driver/Src/stm32f4xx_hal.c ****   * @{
 109:Drivers/STM32F4xx_HAL_Driver/Src/stm32f4xx_hal.c ****   */
 110:Drivers/STM32F4xx_HAL_Driver/Src/stm32f4xx_hal.c **** __IO uint32_t uwTick;
 111:Drivers/STM32F4xx_HAL_Driver/Src/stm32f4xx_hal.c **** /**
 112:Drivers/STM32F4xx_HAL_Driver/Src/stm32f4xx_hal.c ****   * @}
 113:Drivers/STM32F4xx_HAL_Driver/Src/stm32f4xx_hal.c ****   */
 114:Drivers/STM32F4xx_HAL_Driver/Src/stm32f4xx_hal.c **** /* Private function prototypes -----------------------------------------------*/
 115:Drivers/STM32F4xx_HAL_Driver/Src/stm32f4xx_hal.c **** /* Private functions ---------------------------------------------------------*/
 116:Drivers/STM32F4xx_HAL_Driver/Src/stm32f4xx_hal.c **** 
 117:Drivers/STM32F4xx_HAL_Driver/Src/stm32f4xx_hal.c **** /** @defgroup HAL_Exported_Functions HAL Exported Functions
 118:Drivers/STM32F4xx_HAL_Driver/Src/stm32f4xx_hal.c ****   * @{
 119:Drivers/STM32F4xx_HAL_Driver/Src/stm32f4xx_hal.c ****   */
 120:Drivers/STM32F4xx_HAL_Driver/Src/stm32f4xx_hal.c **** 
 121:Drivers/STM32F4xx_HAL_Driver/Src/stm32f4xx_hal.c **** /** @defgroup HAL_Exported_Functions_Group1 Initialization and de-initialization Functions 
 122:Drivers/STM32F4xx_HAL_Driver/Src/stm32f4xx_hal.c ****  *  @brief    Initialization and de-initialization functions
 123:Drivers/STM32F4xx_HAL_Driver/Src/stm32f4xx_hal.c ****  *
 124:Drivers/STM32F4xx_HAL_Driver/Src/stm32f4xx_hal.c **** @verbatim    
 125:Drivers/STM32F4xx_HAL_Driver/Src/stm32f4xx_hal.c ****  ===============================================================================
 126:Drivers/STM32F4xx_HAL_Driver/Src/stm32f4xx_hal.c ****               ##### Initialization and de-initialization functions #####
 127:Drivers/STM32F4xx_HAL_Driver/Src/stm32f4xx_hal.c ****  ===============================================================================
 128:Drivers/STM32F4xx_HAL_Driver/Src/stm32f4xx_hal.c ****     [..]  This section provides functions allowing to:
 129:Drivers/STM32F4xx_HAL_Driver/Src/stm32f4xx_hal.c ****       (+) Initializes the Flash interface the NVIC allocation and initial clock 
 130:Drivers/STM32F4xx_HAL_Driver/Src/stm32f4xx_hal.c ****           configuration. It initializes the systick also when timeout is needed 
 131:Drivers/STM32F4xx_HAL_Driver/Src/stm32f4xx_hal.c ****           and the backup domain when enabled.
 132:Drivers/STM32F4xx_HAL_Driver/Src/stm32f4xx_hal.c ****       (+) de-Initializes common part of the HAL
 133:Drivers/STM32F4xx_HAL_Driver/Src/stm32f4xx_hal.c ****       (+) Configure The time base source to have 1ms time base with a dedicated 
 134:Drivers/STM32F4xx_HAL_Driver/Src/stm32f4xx_hal.c ****           Tick interrupt priority. 
 135:Drivers/STM32F4xx_HAL_Driver/Src/stm32f4xx_hal.c ****         (++) Systick timer is used by default as source of time base, but user 
 136:Drivers/STM32F4xx_HAL_Driver/Src/stm32f4xx_hal.c ****              can eventually implement his proper time base source (a general purpose 
 137:Drivers/STM32F4xx_HAL_Driver/Src/stm32f4xx_hal.c ****              timer for example or other time source), keeping in mind that Time base 
 138:Drivers/STM32F4xx_HAL_Driver/Src/stm32f4xx_hal.c ****              duration should be kept 1ms since PPP_TIMEOUT_VALUEs are defined and 
 139:Drivers/STM32F4xx_HAL_Driver/Src/stm32f4xx_hal.c ****              handled in milliseconds basis.
 140:Drivers/STM32F4xx_HAL_Driver/Src/stm32f4xx_hal.c ****         (++) Time base configuration function (HAL_InitTick ()) is called automatically 
 141:Drivers/STM32F4xx_HAL_Driver/Src/stm32f4xx_hal.c ****              at the beginning of the program after reset by HAL_Init() or at any time 
 142:Drivers/STM32F4xx_HAL_Driver/Src/stm32f4xx_hal.c ****              when clock is configured, by HAL_RCC_ClockConfig(). 
 143:Drivers/STM32F4xx_HAL_Driver/Src/stm32f4xx_hal.c ****         (++) Source of time base is configured  to generate interrupts at regular 
 144:Drivers/STM32F4xx_HAL_Driver/Src/stm32f4xx_hal.c ****              time intervals. Care must be taken if HAL_Delay() is called from a 
ARM GAS  /var/folders/gg/1prykzgd72385vwcgrq9wzdr0000gn/T//ccSFax9q.s 			page 4


 145:Drivers/STM32F4xx_HAL_Driver/Src/stm32f4xx_hal.c ****              peripheral ISR process, the Tick interrupt line must have higher priority 
 146:Drivers/STM32F4xx_HAL_Driver/Src/stm32f4xx_hal.c ****             (numerically lower) than the peripheral interrupt. Otherwise the caller 
 147:Drivers/STM32F4xx_HAL_Driver/Src/stm32f4xx_hal.c ****             ISR process will be blocked. 
 148:Drivers/STM32F4xx_HAL_Driver/Src/stm32f4xx_hal.c ****        (++) functions affecting time base configurations are declared as __weak  
 149:Drivers/STM32F4xx_HAL_Driver/Src/stm32f4xx_hal.c ****              to make  override possible  in case of other  implementations in user file.
 150:Drivers/STM32F4xx_HAL_Driver/Src/stm32f4xx_hal.c **** @endverbatim
 151:Drivers/STM32F4xx_HAL_Driver/Src/stm32f4xx_hal.c ****   * @{
 152:Drivers/STM32F4xx_HAL_Driver/Src/stm32f4xx_hal.c ****   */
 153:Drivers/STM32F4xx_HAL_Driver/Src/stm32f4xx_hal.c **** 
 154:Drivers/STM32F4xx_HAL_Driver/Src/stm32f4xx_hal.c **** /**
 155:Drivers/STM32F4xx_HAL_Driver/Src/stm32f4xx_hal.c ****   * @brief  This function is used to initialize the HAL Library; it must be the first 
 156:Drivers/STM32F4xx_HAL_Driver/Src/stm32f4xx_hal.c ****   *         instruction to be executed in the main program (before to call any other
 157:Drivers/STM32F4xx_HAL_Driver/Src/stm32f4xx_hal.c ****   *         HAL function), it performs the following:
 158:Drivers/STM32F4xx_HAL_Driver/Src/stm32f4xx_hal.c ****   *           Configure the Flash prefetch, instruction and Data caches.
 159:Drivers/STM32F4xx_HAL_Driver/Src/stm32f4xx_hal.c ****   *           Configures the SysTick to generate an interrupt each 1 millisecond,
 160:Drivers/STM32F4xx_HAL_Driver/Src/stm32f4xx_hal.c ****   *           which is clocked by the HSI (at this stage, the clock is not yet
 161:Drivers/STM32F4xx_HAL_Driver/Src/stm32f4xx_hal.c ****   *           configured and thus the system is running from the internal HSI at 16 MHz).
 162:Drivers/STM32F4xx_HAL_Driver/Src/stm32f4xx_hal.c ****   *           Set NVIC Group Priority to 4.
 163:Drivers/STM32F4xx_HAL_Driver/Src/stm32f4xx_hal.c ****   *           Calls the HAL_MspInit() callback function defined in user file 
 164:Drivers/STM32F4xx_HAL_Driver/Src/stm32f4xx_hal.c ****   *           "stm32f4xx_hal_msp.c" to do the global low level hardware initialization 
 165:Drivers/STM32F4xx_HAL_Driver/Src/stm32f4xx_hal.c ****   *            
 166:Drivers/STM32F4xx_HAL_Driver/Src/stm32f4xx_hal.c ****   * @note   SysTick is used as time base for the HAL_Delay() function, the application
 167:Drivers/STM32F4xx_HAL_Driver/Src/stm32f4xx_hal.c ****   *         need to ensure that the SysTick time base is always set to 1 millisecond
 168:Drivers/STM32F4xx_HAL_Driver/Src/stm32f4xx_hal.c ****   *         to have correct HAL operation.
 169:Drivers/STM32F4xx_HAL_Driver/Src/stm32f4xx_hal.c ****   * @retval HAL status
 170:Drivers/STM32F4xx_HAL_Driver/Src/stm32f4xx_hal.c ****   */
 171:Drivers/STM32F4xx_HAL_Driver/Src/stm32f4xx_hal.c **** HAL_StatusTypeDef HAL_Init(void)
 172:Drivers/STM32F4xx_HAL_Driver/Src/stm32f4xx_hal.c **** {
 173:Drivers/STM32F4xx_HAL_Driver/Src/stm32f4xx_hal.c ****   /* Configure Flash prefetch, Instruction cache, Data cache */ 
 174:Drivers/STM32F4xx_HAL_Driver/Src/stm32f4xx_hal.c **** #if (INSTRUCTION_CACHE_ENABLE != 0U)
 175:Drivers/STM32F4xx_HAL_Driver/Src/stm32f4xx_hal.c ****    __HAL_FLASH_INSTRUCTION_CACHE_ENABLE();
 176:Drivers/STM32F4xx_HAL_Driver/Src/stm32f4xx_hal.c **** #endif /* INSTRUCTION_CACHE_ENABLE */
 177:Drivers/STM32F4xx_HAL_Driver/Src/stm32f4xx_hal.c **** 
 178:Drivers/STM32F4xx_HAL_Driver/Src/stm32f4xx_hal.c **** #if (DATA_CACHE_ENABLE != 0U)
 179:Drivers/STM32F4xx_HAL_Driver/Src/stm32f4xx_hal.c ****    __HAL_FLASH_DATA_CACHE_ENABLE();
 180:Drivers/STM32F4xx_HAL_Driver/Src/stm32f4xx_hal.c **** #endif /* DATA_CACHE_ENABLE */
 181:Drivers/STM32F4xx_HAL_Driver/Src/stm32f4xx_hal.c **** 
 182:Drivers/STM32F4xx_HAL_Driver/Src/stm32f4xx_hal.c **** #if (PREFETCH_ENABLE != 0U)
 183:Drivers/STM32F4xx_HAL_Driver/Src/stm32f4xx_hal.c ****   __HAL_FLASH_PREFETCH_BUFFER_ENABLE();
 184:Drivers/STM32F4xx_HAL_Driver/Src/stm32f4xx_hal.c **** #endif /* PREFETCH_ENABLE */
 185:Drivers/STM32F4xx_HAL_Driver/Src/stm32f4xx_hal.c **** 
 186:Drivers/STM32F4xx_HAL_Driver/Src/stm32f4xx_hal.c ****   /* Set Interrupt Group Priority */
 187:Drivers/STM32F4xx_HAL_Driver/Src/stm32f4xx_hal.c ****   HAL_NVIC_SetPriorityGrouping(NVIC_PRIORITYGROUP_4);
 188:Drivers/STM32F4xx_HAL_Driver/Src/stm32f4xx_hal.c **** 
 189:Drivers/STM32F4xx_HAL_Driver/Src/stm32f4xx_hal.c ****   /* Use systick as time base source and configure 1ms tick (default clock after Reset is HSI) */
 190:Drivers/STM32F4xx_HAL_Driver/Src/stm32f4xx_hal.c ****   HAL_InitTick(TICK_INT_PRIORITY);
 191:Drivers/STM32F4xx_HAL_Driver/Src/stm32f4xx_hal.c ****   
 192:Drivers/STM32F4xx_HAL_Driver/Src/stm32f4xx_hal.c ****   /* Init the low level hardware */
 193:Drivers/STM32F4xx_HAL_Driver/Src/stm32f4xx_hal.c ****   HAL_MspInit();
 194:Drivers/STM32F4xx_HAL_Driver/Src/stm32f4xx_hal.c ****   
 195:Drivers/STM32F4xx_HAL_Driver/Src/stm32f4xx_hal.c ****   /* Return function status */
 196:Drivers/STM32F4xx_HAL_Driver/Src/stm32f4xx_hal.c ****   return HAL_OK;
 197:Drivers/STM32F4xx_HAL_Driver/Src/stm32f4xx_hal.c **** }
 198:Drivers/STM32F4xx_HAL_Driver/Src/stm32f4xx_hal.c **** 
 199:Drivers/STM32F4xx_HAL_Driver/Src/stm32f4xx_hal.c **** /**
 200:Drivers/STM32F4xx_HAL_Driver/Src/stm32f4xx_hal.c ****   * @brief  This function de-Initializes common part of the HAL and stops the systick.
 201:Drivers/STM32F4xx_HAL_Driver/Src/stm32f4xx_hal.c ****   *         This function is optional.   
ARM GAS  /var/folders/gg/1prykzgd72385vwcgrq9wzdr0000gn/T//ccSFax9q.s 			page 5


 202:Drivers/STM32F4xx_HAL_Driver/Src/stm32f4xx_hal.c ****   * @retval HAL status
 203:Drivers/STM32F4xx_HAL_Driver/Src/stm32f4xx_hal.c ****   */
 204:Drivers/STM32F4xx_HAL_Driver/Src/stm32f4xx_hal.c **** HAL_StatusTypeDef HAL_DeInit(void)
 205:Drivers/STM32F4xx_HAL_Driver/Src/stm32f4xx_hal.c **** {
 206:Drivers/STM32F4xx_HAL_Driver/Src/stm32f4xx_hal.c ****   /* Reset of all peripherals */
 207:Drivers/STM32F4xx_HAL_Driver/Src/stm32f4xx_hal.c ****   __HAL_RCC_APB1_FORCE_RESET();
 208:Drivers/STM32F4xx_HAL_Driver/Src/stm32f4xx_hal.c ****   __HAL_RCC_APB1_RELEASE_RESET();
 209:Drivers/STM32F4xx_HAL_Driver/Src/stm32f4xx_hal.c **** 
 210:Drivers/STM32F4xx_HAL_Driver/Src/stm32f4xx_hal.c ****   __HAL_RCC_APB2_FORCE_RESET();
 211:Drivers/STM32F4xx_HAL_Driver/Src/stm32f4xx_hal.c ****   __HAL_RCC_APB2_RELEASE_RESET();
 212:Drivers/STM32F4xx_HAL_Driver/Src/stm32f4xx_hal.c **** 
 213:Drivers/STM32F4xx_HAL_Driver/Src/stm32f4xx_hal.c ****   __HAL_RCC_AHB1_FORCE_RESET();
 214:Drivers/STM32F4xx_HAL_Driver/Src/stm32f4xx_hal.c ****   __HAL_RCC_AHB1_RELEASE_RESET();
 215:Drivers/STM32F4xx_HAL_Driver/Src/stm32f4xx_hal.c **** 
 216:Drivers/STM32F4xx_HAL_Driver/Src/stm32f4xx_hal.c ****   __HAL_RCC_AHB2_FORCE_RESET();
 217:Drivers/STM32F4xx_HAL_Driver/Src/stm32f4xx_hal.c ****   __HAL_RCC_AHB2_RELEASE_RESET();
 218:Drivers/STM32F4xx_HAL_Driver/Src/stm32f4xx_hal.c **** 
 219:Drivers/STM32F4xx_HAL_Driver/Src/stm32f4xx_hal.c ****   __HAL_RCC_AHB3_FORCE_RESET();
 220:Drivers/STM32F4xx_HAL_Driver/Src/stm32f4xx_hal.c ****   __HAL_RCC_AHB3_RELEASE_RESET();
 221:Drivers/STM32F4xx_HAL_Driver/Src/stm32f4xx_hal.c **** 
 222:Drivers/STM32F4xx_HAL_Driver/Src/stm32f4xx_hal.c ****   /* De-Init the low level hardware */
 223:Drivers/STM32F4xx_HAL_Driver/Src/stm32f4xx_hal.c ****   HAL_MspDeInit();
 224:Drivers/STM32F4xx_HAL_Driver/Src/stm32f4xx_hal.c ****     
 225:Drivers/STM32F4xx_HAL_Driver/Src/stm32f4xx_hal.c ****   /* Return function status */
 226:Drivers/STM32F4xx_HAL_Driver/Src/stm32f4xx_hal.c ****   return HAL_OK;
 227:Drivers/STM32F4xx_HAL_Driver/Src/stm32f4xx_hal.c **** }
 228:Drivers/STM32F4xx_HAL_Driver/Src/stm32f4xx_hal.c **** 
 229:Drivers/STM32F4xx_HAL_Driver/Src/stm32f4xx_hal.c **** /**
 230:Drivers/STM32F4xx_HAL_Driver/Src/stm32f4xx_hal.c ****   * @brief  Initializes the MSP.
 231:Drivers/STM32F4xx_HAL_Driver/Src/stm32f4xx_hal.c ****   * @retval None
 232:Drivers/STM32F4xx_HAL_Driver/Src/stm32f4xx_hal.c ****   */
 233:Drivers/STM32F4xx_HAL_Driver/Src/stm32f4xx_hal.c **** __weak void HAL_MspInit(void)
 234:Drivers/STM32F4xx_HAL_Driver/Src/stm32f4xx_hal.c **** {
  29              		.loc 1 234 0
  30              		.cfi_startproc
  31              		@ args = 0, pretend = 0, frame = 0
  32              		@ frame_needed = 0, uses_anonymous_args = 0
  33              		@ link register save eliminated.
  34 0000 7047     		bx	lr
  35              		.cfi_endproc
  36              	.LFE125:
  38 0002 00BF     		.section	.text.HAL_MspDeInit,"ax",%progbits
  39              		.align	2
  40              		.weak	HAL_MspDeInit
  41              		.thumb
  42              		.thumb_func
  44              	HAL_MspDeInit:
  45              	.LFB126:
 235:Drivers/STM32F4xx_HAL_Driver/Src/stm32f4xx_hal.c ****   /* NOTE : This function Should not be modified, when the callback is needed,
 236:Drivers/STM32F4xx_HAL_Driver/Src/stm32f4xx_hal.c ****             the HAL_MspInit could be implemented in the user file
 237:Drivers/STM32F4xx_HAL_Driver/Src/stm32f4xx_hal.c ****    */
 238:Drivers/STM32F4xx_HAL_Driver/Src/stm32f4xx_hal.c **** }
 239:Drivers/STM32F4xx_HAL_Driver/Src/stm32f4xx_hal.c **** 
 240:Drivers/STM32F4xx_HAL_Driver/Src/stm32f4xx_hal.c **** /**
 241:Drivers/STM32F4xx_HAL_Driver/Src/stm32f4xx_hal.c ****   * @brief  DeInitializes the MSP.
 242:Drivers/STM32F4xx_HAL_Driver/Src/stm32f4xx_hal.c ****   * @retval None
 243:Drivers/STM32F4xx_HAL_Driver/Src/stm32f4xx_hal.c ****   */
ARM GAS  /var/folders/gg/1prykzgd72385vwcgrq9wzdr0000gn/T//ccSFax9q.s 			page 6


 244:Drivers/STM32F4xx_HAL_Driver/Src/stm32f4xx_hal.c **** __weak void HAL_MspDeInit(void)
 245:Drivers/STM32F4xx_HAL_Driver/Src/stm32f4xx_hal.c **** {
  46              		.loc 1 245 0
  47              		.cfi_startproc
  48              		@ args = 0, pretend = 0, frame = 0
  49              		@ frame_needed = 0, uses_anonymous_args = 0
  50              		@ link register save eliminated.
  51 0000 7047     		bx	lr
  52              		.cfi_endproc
  53              	.LFE126:
  55 0002 00BF     		.section	.text.HAL_DeInit,"ax",%progbits
  56              		.align	2
  57              		.global	HAL_DeInit
  58              		.thumb
  59              		.thumb_func
  61              	HAL_DeInit:
  62              	.LFB124:
 205:Drivers/STM32F4xx_HAL_Driver/Src/stm32f4xx_hal.c ****   /* Reset of all peripherals */
  63              		.loc 1 205 0
  64              		.cfi_startproc
  65              		@ args = 0, pretend = 0, frame = 0
  66              		@ frame_needed = 0, uses_anonymous_args = 0
 205:Drivers/STM32F4xx_HAL_Driver/Src/stm32f4xx_hal.c ****   /* Reset of all peripherals */
  67              		.loc 1 205 0
  68 0000 10B5     		push	{r4, lr}
  69              	.LCFI0:
  70              		.cfi_def_cfa_offset 8
  71              		.cfi_offset 4, -8
  72              		.cfi_offset 14, -4
 207:Drivers/STM32F4xx_HAL_Driver/Src/stm32f4xx_hal.c ****   __HAL_RCC_APB1_RELEASE_RESET();
  73              		.loc 1 207 0
  74 0002 094B     		ldr	r3, .L5
  75 0004 4FF0FF32 		mov	r2, #-1
  76 0008 1A62     		str	r2, [r3, #32]
 208:Drivers/STM32F4xx_HAL_Driver/Src/stm32f4xx_hal.c **** 
  77              		.loc 1 208 0
  78 000a 0024     		movs	r4, #0
  79 000c 1C62     		str	r4, [r3, #32]
 210:Drivers/STM32F4xx_HAL_Driver/Src/stm32f4xx_hal.c ****   __HAL_RCC_APB2_RELEASE_RESET();
  80              		.loc 1 210 0
  81 000e 5A62     		str	r2, [r3, #36]
 211:Drivers/STM32F4xx_HAL_Driver/Src/stm32f4xx_hal.c **** 
  82              		.loc 1 211 0
  83 0010 5C62     		str	r4, [r3, #36]
 213:Drivers/STM32F4xx_HAL_Driver/Src/stm32f4xx_hal.c ****   __HAL_RCC_AHB1_RELEASE_RESET();
  84              		.loc 1 213 0
  85 0012 1A61     		str	r2, [r3, #16]
 214:Drivers/STM32F4xx_HAL_Driver/Src/stm32f4xx_hal.c **** 
  86              		.loc 1 214 0
  87 0014 1C61     		str	r4, [r3, #16]
 216:Drivers/STM32F4xx_HAL_Driver/Src/stm32f4xx_hal.c ****   __HAL_RCC_AHB2_RELEASE_RESET();
  88              		.loc 1 216 0
  89 0016 5A61     		str	r2, [r3, #20]
 217:Drivers/STM32F4xx_HAL_Driver/Src/stm32f4xx_hal.c **** 
  90              		.loc 1 217 0
  91 0018 5C61     		str	r4, [r3, #20]
 219:Drivers/STM32F4xx_HAL_Driver/Src/stm32f4xx_hal.c ****   __HAL_RCC_AHB3_RELEASE_RESET();
ARM GAS  /var/folders/gg/1prykzgd72385vwcgrq9wzdr0000gn/T//ccSFax9q.s 			page 7


  92              		.loc 1 219 0
  93 001a 9A61     		str	r2, [r3, #24]
 220:Drivers/STM32F4xx_HAL_Driver/Src/stm32f4xx_hal.c **** 
  94              		.loc 1 220 0
  95 001c 9C61     		str	r4, [r3, #24]
 223:Drivers/STM32F4xx_HAL_Driver/Src/stm32f4xx_hal.c ****     
  96              		.loc 1 223 0
  97 001e FFF7FEFF 		bl	HAL_MspDeInit
  98              	.LVL0:
 227:Drivers/STM32F4xx_HAL_Driver/Src/stm32f4xx_hal.c **** 
  99              		.loc 1 227 0
 100 0022 2046     		mov	r0, r4
 101 0024 10BD     		pop	{r4, pc}
 102              	.L6:
 103 0026 00BF     		.align	2
 104              	.L5:
 105 0028 00380240 		.word	1073887232
 106              		.cfi_endproc
 107              	.LFE124:
 109              		.section	.text.HAL_InitTick,"ax",%progbits
 110              		.align	2
 111              		.weak	HAL_InitTick
 112              		.thumb
 113              		.thumb_func
 115              	HAL_InitTick:
 116              	.LFB127:
 246:Drivers/STM32F4xx_HAL_Driver/Src/stm32f4xx_hal.c ****   /* NOTE : This function Should not be modified, when the callback is needed,
 247:Drivers/STM32F4xx_HAL_Driver/Src/stm32f4xx_hal.c ****             the HAL_MspDeInit could be implemented in the user file
 248:Drivers/STM32F4xx_HAL_Driver/Src/stm32f4xx_hal.c ****    */ 
 249:Drivers/STM32F4xx_HAL_Driver/Src/stm32f4xx_hal.c **** }
 250:Drivers/STM32F4xx_HAL_Driver/Src/stm32f4xx_hal.c **** 
 251:Drivers/STM32F4xx_HAL_Driver/Src/stm32f4xx_hal.c **** /**
 252:Drivers/STM32F4xx_HAL_Driver/Src/stm32f4xx_hal.c ****   * @brief This function configures the source of the time base.
 253:Drivers/STM32F4xx_HAL_Driver/Src/stm32f4xx_hal.c ****   *        The time source is configured  to have 1ms time base with a dedicated 
 254:Drivers/STM32F4xx_HAL_Driver/Src/stm32f4xx_hal.c ****   *        Tick interrupt priority.
 255:Drivers/STM32F4xx_HAL_Driver/Src/stm32f4xx_hal.c ****   * @note This function is called  automatically at the beginning of program after
 256:Drivers/STM32F4xx_HAL_Driver/Src/stm32f4xx_hal.c ****   *       reset by HAL_Init() or at any time when clock is reconfigured  by HAL_RCC_ClockConfig().
 257:Drivers/STM32F4xx_HAL_Driver/Src/stm32f4xx_hal.c ****   * @note In the default implementation, SysTick timer is the source of time base. 
 258:Drivers/STM32F4xx_HAL_Driver/Src/stm32f4xx_hal.c ****   *       It is used to generate interrupts at regular time intervals. 
 259:Drivers/STM32F4xx_HAL_Driver/Src/stm32f4xx_hal.c ****   *       Care must be taken if HAL_Delay() is called from a peripheral ISR process, 
 260:Drivers/STM32F4xx_HAL_Driver/Src/stm32f4xx_hal.c ****   *       The the SysTick interrupt must have higher priority (numerically lower) 
 261:Drivers/STM32F4xx_HAL_Driver/Src/stm32f4xx_hal.c ****   *       than the peripheral interrupt. Otherwise the caller ISR process will be blocked.
 262:Drivers/STM32F4xx_HAL_Driver/Src/stm32f4xx_hal.c ****   *       The function is declared as __weak  to be overwritten  in case of other
 263:Drivers/STM32F4xx_HAL_Driver/Src/stm32f4xx_hal.c ****   *       implementation  in user file.
 264:Drivers/STM32F4xx_HAL_Driver/Src/stm32f4xx_hal.c ****   * @param TickPriority Tick interrupt priority.
 265:Drivers/STM32F4xx_HAL_Driver/Src/stm32f4xx_hal.c ****   * @retval HAL status
 266:Drivers/STM32F4xx_HAL_Driver/Src/stm32f4xx_hal.c ****   */
 267:Drivers/STM32F4xx_HAL_Driver/Src/stm32f4xx_hal.c **** __weak HAL_StatusTypeDef HAL_InitTick(uint32_t TickPriority)
 268:Drivers/STM32F4xx_HAL_Driver/Src/stm32f4xx_hal.c **** {
 117              		.loc 1 268 0
 118              		.cfi_startproc
 119              		@ args = 0, pretend = 0, frame = 0
 120              		@ frame_needed = 0, uses_anonymous_args = 0
 121              	.LVL1:
 122 0000 10B5     		push	{r4, lr}
 123              	.LCFI1:
 124              		.cfi_def_cfa_offset 8
ARM GAS  /var/folders/gg/1prykzgd72385vwcgrq9wzdr0000gn/T//ccSFax9q.s 			page 8


 125              		.cfi_offset 4, -8
 126              		.cfi_offset 14, -4
 127 0002 0446     		mov	r4, r0
 269:Drivers/STM32F4xx_HAL_Driver/Src/stm32f4xx_hal.c ****   /*Configure the SysTick to have interrupt in 1ms time basis*/
 270:Drivers/STM32F4xx_HAL_Driver/Src/stm32f4xx_hal.c ****   HAL_SYSTICK_Config(SystemCoreClock/1000U);
 128              		.loc 1 270 0
 129 0004 074B     		ldr	r3, .L9
 130 0006 1B68     		ldr	r3, [r3]
 131 0008 0748     		ldr	r0, .L9+4
 132              	.LVL2:
 133 000a A0FB0330 		umull	r3, r0, r0, r3
 134 000e 8009     		lsrs	r0, r0, #6
 135 0010 FFF7FEFF 		bl	HAL_SYSTICK_Config
 136              	.LVL3:
 271:Drivers/STM32F4xx_HAL_Driver/Src/stm32f4xx_hal.c **** 
 272:Drivers/STM32F4xx_HAL_Driver/Src/stm32f4xx_hal.c ****   /*Configure the SysTick IRQ priority */
 273:Drivers/STM32F4xx_HAL_Driver/Src/stm32f4xx_hal.c ****   HAL_NVIC_SetPriority(SysTick_IRQn, TickPriority, 0U);
 137              		.loc 1 273 0
 138 0014 4FF0FF30 		mov	r0, #-1
 139 0018 2146     		mov	r1, r4
 140 001a 0022     		movs	r2, #0
 141 001c FFF7FEFF 		bl	HAL_NVIC_SetPriority
 142              	.LVL4:
 274:Drivers/STM32F4xx_HAL_Driver/Src/stm32f4xx_hal.c **** 
 275:Drivers/STM32F4xx_HAL_Driver/Src/stm32f4xx_hal.c ****   /* Return function status */
 276:Drivers/STM32F4xx_HAL_Driver/Src/stm32f4xx_hal.c ****   return HAL_OK;
 277:Drivers/STM32F4xx_HAL_Driver/Src/stm32f4xx_hal.c **** }
 143              		.loc 1 277 0
 144 0020 0020     		movs	r0, #0
 145 0022 10BD     		pop	{r4, pc}
 146              	.LVL5:
 147              	.L10:
 148              		.align	2
 149              	.L9:
 150 0024 00000000 		.word	SystemCoreClock
 151 0028 D34D6210 		.word	274877907
 152              		.cfi_endproc
 153              	.LFE127:
 155              		.section	.text.HAL_Init,"ax",%progbits
 156              		.align	2
 157              		.global	HAL_Init
 158              		.thumb
 159              		.thumb_func
 161              	HAL_Init:
 162              	.LFB123:
 172:Drivers/STM32F4xx_HAL_Driver/Src/stm32f4xx_hal.c ****   /* Configure Flash prefetch, Instruction cache, Data cache */ 
 163              		.loc 1 172 0
 164              		.cfi_startproc
 165              		@ args = 0, pretend = 0, frame = 0
 166              		@ frame_needed = 0, uses_anonymous_args = 0
 167 0000 08B5     		push	{r3, lr}
 168              	.LCFI2:
 169              		.cfi_def_cfa_offset 8
 170              		.cfi_offset 3, -8
 171              		.cfi_offset 14, -4
 175:Drivers/STM32F4xx_HAL_Driver/Src/stm32f4xx_hal.c **** #endif /* INSTRUCTION_CACHE_ENABLE */
 172              		.loc 1 175 0
ARM GAS  /var/folders/gg/1prykzgd72385vwcgrq9wzdr0000gn/T//ccSFax9q.s 			page 9


 173 0002 0B4B     		ldr	r3, .L13
 174 0004 1A68     		ldr	r2, [r3]
 175 0006 42F40072 		orr	r2, r2, #512
 176 000a 1A60     		str	r2, [r3]
 179:Drivers/STM32F4xx_HAL_Driver/Src/stm32f4xx_hal.c **** #endif /* DATA_CACHE_ENABLE */
 177              		.loc 1 179 0
 178 000c 1A68     		ldr	r2, [r3]
 179 000e 42F48062 		orr	r2, r2, #1024
 180 0012 1A60     		str	r2, [r3]
 183:Drivers/STM32F4xx_HAL_Driver/Src/stm32f4xx_hal.c **** #endif /* PREFETCH_ENABLE */
 181              		.loc 1 183 0
 182 0014 1A68     		ldr	r2, [r3]
 183 0016 42F48072 		orr	r2, r2, #256
 184 001a 1A60     		str	r2, [r3]
 187:Drivers/STM32F4xx_HAL_Driver/Src/stm32f4xx_hal.c **** 
 185              		.loc 1 187 0
 186 001c 0320     		movs	r0, #3
 187 001e FFF7FEFF 		bl	HAL_NVIC_SetPriorityGrouping
 188              	.LVL6:
 190:Drivers/STM32F4xx_HAL_Driver/Src/stm32f4xx_hal.c ****   
 189              		.loc 1 190 0
 190 0022 0020     		movs	r0, #0
 191 0024 FFF7FEFF 		bl	HAL_InitTick
 192              	.LVL7:
 193:Drivers/STM32F4xx_HAL_Driver/Src/stm32f4xx_hal.c ****   
 193              		.loc 1 193 0
 194 0028 FFF7FEFF 		bl	HAL_MspInit
 195              	.LVL8:
 197:Drivers/STM32F4xx_HAL_Driver/Src/stm32f4xx_hal.c **** 
 196              		.loc 1 197 0
 197 002c 0020     		movs	r0, #0
 198 002e 08BD     		pop	{r3, pc}
 199              	.L14:
 200              		.align	2
 201              	.L13:
 202 0030 003C0240 		.word	1073888256
 203              		.cfi_endproc
 204              	.LFE123:
 206              		.section	.text.HAL_IncTick,"ax",%progbits
 207              		.align	2
 208              		.weak	HAL_IncTick
 209              		.thumb
 210              		.thumb_func
 212              	HAL_IncTick:
 213              	.LFB128:
 278:Drivers/STM32F4xx_HAL_Driver/Src/stm32f4xx_hal.c **** 
 279:Drivers/STM32F4xx_HAL_Driver/Src/stm32f4xx_hal.c **** /**
 280:Drivers/STM32F4xx_HAL_Driver/Src/stm32f4xx_hal.c ****   * @}
 281:Drivers/STM32F4xx_HAL_Driver/Src/stm32f4xx_hal.c ****   */
 282:Drivers/STM32F4xx_HAL_Driver/Src/stm32f4xx_hal.c **** 
 283:Drivers/STM32F4xx_HAL_Driver/Src/stm32f4xx_hal.c **** /** @defgroup HAL_Exported_Functions_Group2 HAL Control functions 
 284:Drivers/STM32F4xx_HAL_Driver/Src/stm32f4xx_hal.c ****  *  @brief    HAL Control functions
 285:Drivers/STM32F4xx_HAL_Driver/Src/stm32f4xx_hal.c ****  *
 286:Drivers/STM32F4xx_HAL_Driver/Src/stm32f4xx_hal.c **** @verbatim
 287:Drivers/STM32F4xx_HAL_Driver/Src/stm32f4xx_hal.c ****  ===============================================================================
 288:Drivers/STM32F4xx_HAL_Driver/Src/stm32f4xx_hal.c ****                       ##### HAL Control functions #####
 289:Drivers/STM32F4xx_HAL_Driver/Src/stm32f4xx_hal.c ****  ===============================================================================
ARM GAS  /var/folders/gg/1prykzgd72385vwcgrq9wzdr0000gn/T//ccSFax9q.s 			page 10


 290:Drivers/STM32F4xx_HAL_Driver/Src/stm32f4xx_hal.c ****     [..]  This section provides functions allowing to:
 291:Drivers/STM32F4xx_HAL_Driver/Src/stm32f4xx_hal.c ****       (+) Provide a tick value in millisecond
 292:Drivers/STM32F4xx_HAL_Driver/Src/stm32f4xx_hal.c ****       (+) Provide a blocking delay in millisecond
 293:Drivers/STM32F4xx_HAL_Driver/Src/stm32f4xx_hal.c ****       (+) Suspend the time base source interrupt
 294:Drivers/STM32F4xx_HAL_Driver/Src/stm32f4xx_hal.c ****       (+) Resume the time base source interrupt
 295:Drivers/STM32F4xx_HAL_Driver/Src/stm32f4xx_hal.c ****       (+) Get the HAL API driver version
 296:Drivers/STM32F4xx_HAL_Driver/Src/stm32f4xx_hal.c ****       (+) Get the device identifier
 297:Drivers/STM32F4xx_HAL_Driver/Src/stm32f4xx_hal.c ****       (+) Get the device revision identifier
 298:Drivers/STM32F4xx_HAL_Driver/Src/stm32f4xx_hal.c ****       (+) Enable/Disable Debug module during SLEEP mode
 299:Drivers/STM32F4xx_HAL_Driver/Src/stm32f4xx_hal.c ****       (+) Enable/Disable Debug module during STOP mode
 300:Drivers/STM32F4xx_HAL_Driver/Src/stm32f4xx_hal.c ****       (+) Enable/Disable Debug module during STANDBY mode
 301:Drivers/STM32F4xx_HAL_Driver/Src/stm32f4xx_hal.c **** 
 302:Drivers/STM32F4xx_HAL_Driver/Src/stm32f4xx_hal.c **** @endverbatim
 303:Drivers/STM32F4xx_HAL_Driver/Src/stm32f4xx_hal.c ****   * @{
 304:Drivers/STM32F4xx_HAL_Driver/Src/stm32f4xx_hal.c ****   */
 305:Drivers/STM32F4xx_HAL_Driver/Src/stm32f4xx_hal.c **** 
 306:Drivers/STM32F4xx_HAL_Driver/Src/stm32f4xx_hal.c **** /**
 307:Drivers/STM32F4xx_HAL_Driver/Src/stm32f4xx_hal.c ****   * @brief This function is called to increment  a global variable "uwTick"
 308:Drivers/STM32F4xx_HAL_Driver/Src/stm32f4xx_hal.c ****   *        used as application time base.
 309:Drivers/STM32F4xx_HAL_Driver/Src/stm32f4xx_hal.c ****   * @note In the default implementation, this variable is incremented each 1ms
 310:Drivers/STM32F4xx_HAL_Driver/Src/stm32f4xx_hal.c ****   *       in Systick ISR.
 311:Drivers/STM32F4xx_HAL_Driver/Src/stm32f4xx_hal.c ****  * @note This function is declared as __weak to be overwritten in case of other 
 312:Drivers/STM32F4xx_HAL_Driver/Src/stm32f4xx_hal.c ****   *      implementations in user file.
 313:Drivers/STM32F4xx_HAL_Driver/Src/stm32f4xx_hal.c ****   * @retval None
 314:Drivers/STM32F4xx_HAL_Driver/Src/stm32f4xx_hal.c ****   */
 315:Drivers/STM32F4xx_HAL_Driver/Src/stm32f4xx_hal.c **** __weak void HAL_IncTick(void)
 316:Drivers/STM32F4xx_HAL_Driver/Src/stm32f4xx_hal.c **** {
 214              		.loc 1 316 0
 215              		.cfi_startproc
 216              		@ args = 0, pretend = 0, frame = 0
 217              		@ frame_needed = 0, uses_anonymous_args = 0
 218              		@ link register save eliminated.
 317:Drivers/STM32F4xx_HAL_Driver/Src/stm32f4xx_hal.c ****   uwTick++;
 219              		.loc 1 317 0
 220 0000 024A     		ldr	r2, .L16
 221 0002 1368     		ldr	r3, [r2]
 222 0004 0133     		adds	r3, r3, #1
 223 0006 1360     		str	r3, [r2]
 224 0008 7047     		bx	lr
 225              	.L17:
 226 000a 00BF     		.align	2
 227              	.L16:
 228 000c 00000000 		.word	uwTick
 229              		.cfi_endproc
 230              	.LFE128:
 232              		.section	.text.HAL_GetTick,"ax",%progbits
 233              		.align	2
 234              		.weak	HAL_GetTick
 235              		.thumb
 236              		.thumb_func
 238              	HAL_GetTick:
 239              	.LFB129:
 318:Drivers/STM32F4xx_HAL_Driver/Src/stm32f4xx_hal.c **** }
 319:Drivers/STM32F4xx_HAL_Driver/Src/stm32f4xx_hal.c **** 
 320:Drivers/STM32F4xx_HAL_Driver/Src/stm32f4xx_hal.c **** /**
 321:Drivers/STM32F4xx_HAL_Driver/Src/stm32f4xx_hal.c ****   * @brief Provides a tick value in millisecond.
 322:Drivers/STM32F4xx_HAL_Driver/Src/stm32f4xx_hal.c ****   * @note This function is declared as __weak to be overwritten in case of other 
ARM GAS  /var/folders/gg/1prykzgd72385vwcgrq9wzdr0000gn/T//ccSFax9q.s 			page 11


 323:Drivers/STM32F4xx_HAL_Driver/Src/stm32f4xx_hal.c ****   *       implementations in user file.
 324:Drivers/STM32F4xx_HAL_Driver/Src/stm32f4xx_hal.c ****   * @retval tick value
 325:Drivers/STM32F4xx_HAL_Driver/Src/stm32f4xx_hal.c ****   */
 326:Drivers/STM32F4xx_HAL_Driver/Src/stm32f4xx_hal.c **** __weak uint32_t HAL_GetTick(void)
 327:Drivers/STM32F4xx_HAL_Driver/Src/stm32f4xx_hal.c **** {
 240              		.loc 1 327 0
 241              		.cfi_startproc
 242              		@ args = 0, pretend = 0, frame = 0
 243              		@ frame_needed = 0, uses_anonymous_args = 0
 244              		@ link register save eliminated.
 328:Drivers/STM32F4xx_HAL_Driver/Src/stm32f4xx_hal.c ****   return uwTick;
 245              		.loc 1 328 0
 246 0000 014B     		ldr	r3, .L19
 247 0002 1868     		ldr	r0, [r3]
 329:Drivers/STM32F4xx_HAL_Driver/Src/stm32f4xx_hal.c **** }
 248              		.loc 1 329 0
 249 0004 7047     		bx	lr
 250              	.L20:
 251 0006 00BF     		.align	2
 252              	.L19:
 253 0008 00000000 		.word	uwTick
 254              		.cfi_endproc
 255              	.LFE129:
 257              		.section	.text.HAL_Delay,"ax",%progbits
 258              		.align	2
 259              		.weak	HAL_Delay
 260              		.thumb
 261              		.thumb_func
 263              	HAL_Delay:
 264              	.LFB130:
 330:Drivers/STM32F4xx_HAL_Driver/Src/stm32f4xx_hal.c **** 
 331:Drivers/STM32F4xx_HAL_Driver/Src/stm32f4xx_hal.c **** /**
 332:Drivers/STM32F4xx_HAL_Driver/Src/stm32f4xx_hal.c ****   * @brief This function provides minimum delay (in milliseconds) based 
 333:Drivers/STM32F4xx_HAL_Driver/Src/stm32f4xx_hal.c ****   *        on variable incremented.
 334:Drivers/STM32F4xx_HAL_Driver/Src/stm32f4xx_hal.c ****   * @note In the default implementation , SysTick timer is the source of time base.
 335:Drivers/STM32F4xx_HAL_Driver/Src/stm32f4xx_hal.c ****   *       It is used to generate interrupts at regular time intervals where uwTick
 336:Drivers/STM32F4xx_HAL_Driver/Src/stm32f4xx_hal.c ****   *       is incremented.
 337:Drivers/STM32F4xx_HAL_Driver/Src/stm32f4xx_hal.c ****   * @note This function is declared as __weak to be overwritten in case of other
 338:Drivers/STM32F4xx_HAL_Driver/Src/stm32f4xx_hal.c ****   *       implementations in user file.
 339:Drivers/STM32F4xx_HAL_Driver/Src/stm32f4xx_hal.c ****   * @param Delay specifies the delay time length, in milliseconds.
 340:Drivers/STM32F4xx_HAL_Driver/Src/stm32f4xx_hal.c ****   * @retval None
 341:Drivers/STM32F4xx_HAL_Driver/Src/stm32f4xx_hal.c ****   */
 342:Drivers/STM32F4xx_HAL_Driver/Src/stm32f4xx_hal.c **** __weak void HAL_Delay(__IO uint32_t Delay)
 343:Drivers/STM32F4xx_HAL_Driver/Src/stm32f4xx_hal.c **** {
 265              		.loc 1 343 0
 266              		.cfi_startproc
 267              		@ args = 0, pretend = 0, frame = 8
 268              		@ frame_needed = 0, uses_anonymous_args = 0
 269              	.LVL9:
 270 0000 30B5     		push	{r4, r5, lr}
 271              	.LCFI3:
 272              		.cfi_def_cfa_offset 12
 273              		.cfi_offset 4, -12
 274              		.cfi_offset 5, -8
 275              		.cfi_offset 14, -4
 276 0002 83B0     		sub	sp, sp, #12
 277              	.LCFI4:
ARM GAS  /var/folders/gg/1prykzgd72385vwcgrq9wzdr0000gn/T//ccSFax9q.s 			page 12


 278              		.cfi_def_cfa_offset 24
 279 0004 0190     		str	r0, [sp, #4]
 344:Drivers/STM32F4xx_HAL_Driver/Src/stm32f4xx_hal.c ****   uint32_t tickstart = HAL_GetTick();
 280              		.loc 1 344 0
 281 0006 FFF7FEFF 		bl	HAL_GetTick
 282              	.LVL10:
 283 000a 0546     		mov	r5, r0
 284              	.LVL11:
 345:Drivers/STM32F4xx_HAL_Driver/Src/stm32f4xx_hal.c ****   uint32_t wait = Delay;
 285              		.loc 1 345 0
 286 000c 019C     		ldr	r4, [sp, #4]
 287              	.LVL12:
 346:Drivers/STM32F4xx_HAL_Driver/Src/stm32f4xx_hal.c ****   
 347:Drivers/STM32F4xx_HAL_Driver/Src/stm32f4xx_hal.c ****   /* Add a period to guarantee minimum wait */
 348:Drivers/STM32F4xx_HAL_Driver/Src/stm32f4xx_hal.c ****   if (wait < HAL_MAX_DELAY)
 288              		.loc 1 348 0
 289 000e B4F1FF3F 		cmp	r4, #-1
 290 0012 00D0     		beq	.L23
 349:Drivers/STM32F4xx_HAL_Driver/Src/stm32f4xx_hal.c ****   {
 350:Drivers/STM32F4xx_HAL_Driver/Src/stm32f4xx_hal.c ****      wait++;
 291              		.loc 1 350 0
 292 0014 0134     		adds	r4, r4, #1
 293              	.LVL13:
 294              	.L23:
 351:Drivers/STM32F4xx_HAL_Driver/Src/stm32f4xx_hal.c ****   }
 352:Drivers/STM32F4xx_HAL_Driver/Src/stm32f4xx_hal.c ****   
 353:Drivers/STM32F4xx_HAL_Driver/Src/stm32f4xx_hal.c ****   while((HAL_GetTick() - tickstart) < wait)
 295              		.loc 1 353 0 discriminator 1
 296 0016 FFF7FEFF 		bl	HAL_GetTick
 297              	.LVL14:
 298 001a 401B     		subs	r0, r0, r5
 299 001c A042     		cmp	r0, r4
 300 001e FAD3     		bcc	.L23
 354:Drivers/STM32F4xx_HAL_Driver/Src/stm32f4xx_hal.c ****   {
 355:Drivers/STM32F4xx_HAL_Driver/Src/stm32f4xx_hal.c ****   }
 356:Drivers/STM32F4xx_HAL_Driver/Src/stm32f4xx_hal.c **** }
 301              		.loc 1 356 0
 302 0020 03B0     		add	sp, sp, #12
 303              	.LCFI5:
 304              		.cfi_def_cfa_offset 12
 305              		@ sp needed
 306 0022 30BD     		pop	{r4, r5, pc}
 307              		.cfi_endproc
 308              	.LFE130:
 310              		.section	.text.HAL_SuspendTick,"ax",%progbits
 311              		.align	2
 312              		.weak	HAL_SuspendTick
 313              		.thumb
 314              		.thumb_func
 316              	HAL_SuspendTick:
 317              	.LFB131:
 357:Drivers/STM32F4xx_HAL_Driver/Src/stm32f4xx_hal.c **** 
 358:Drivers/STM32F4xx_HAL_Driver/Src/stm32f4xx_hal.c **** /**
 359:Drivers/STM32F4xx_HAL_Driver/Src/stm32f4xx_hal.c ****   * @brief Suspend Tick increment.
 360:Drivers/STM32F4xx_HAL_Driver/Src/stm32f4xx_hal.c ****   * @note In the default implementation , SysTick timer is the source of time base. It is
 361:Drivers/STM32F4xx_HAL_Driver/Src/stm32f4xx_hal.c ****   *       used to generate interrupts at regular time intervals. Once HAL_SuspendTick()
 362:Drivers/STM32F4xx_HAL_Driver/Src/stm32f4xx_hal.c ****   *       is called, the SysTick interrupt will be disabled and so Tick increment 
ARM GAS  /var/folders/gg/1prykzgd72385vwcgrq9wzdr0000gn/T//ccSFax9q.s 			page 13


 363:Drivers/STM32F4xx_HAL_Driver/Src/stm32f4xx_hal.c ****   *       is suspended.
 364:Drivers/STM32F4xx_HAL_Driver/Src/stm32f4xx_hal.c ****   * @note This function is declared as __weak to be overwritten in case of other
 365:Drivers/STM32F4xx_HAL_Driver/Src/stm32f4xx_hal.c ****   *       implementations in user file.
 366:Drivers/STM32F4xx_HAL_Driver/Src/stm32f4xx_hal.c ****   * @retval None
 367:Drivers/STM32F4xx_HAL_Driver/Src/stm32f4xx_hal.c ****   */
 368:Drivers/STM32F4xx_HAL_Driver/Src/stm32f4xx_hal.c **** __weak void HAL_SuspendTick(void)
 369:Drivers/STM32F4xx_HAL_Driver/Src/stm32f4xx_hal.c **** {
 318              		.loc 1 369 0
 319              		.cfi_startproc
 320              		@ args = 0, pretend = 0, frame = 0
 321              		@ frame_needed = 0, uses_anonymous_args = 0
 322              		@ link register save eliminated.
 370:Drivers/STM32F4xx_HAL_Driver/Src/stm32f4xx_hal.c ****   /* Disable SysTick Interrupt */
 371:Drivers/STM32F4xx_HAL_Driver/Src/stm32f4xx_hal.c ****   SysTick->CTRL &= ~SysTick_CTRL_TICKINT_Msk;
 323              		.loc 1 371 0
 324 0000 024A     		ldr	r2, .L26
 325 0002 1368     		ldr	r3, [r2]
 326 0004 23F00203 		bic	r3, r3, #2
 327 0008 1360     		str	r3, [r2]
 328 000a 7047     		bx	lr
 329              	.L27:
 330              		.align	2
 331              	.L26:
 332 000c 10E000E0 		.word	-536813552
 333              		.cfi_endproc
 334              	.LFE131:
 336              		.section	.text.HAL_ResumeTick,"ax",%progbits
 337              		.align	2
 338              		.weak	HAL_ResumeTick
 339              		.thumb
 340              		.thumb_func
 342              	HAL_ResumeTick:
 343              	.LFB132:
 372:Drivers/STM32F4xx_HAL_Driver/Src/stm32f4xx_hal.c **** }
 373:Drivers/STM32F4xx_HAL_Driver/Src/stm32f4xx_hal.c **** 
 374:Drivers/STM32F4xx_HAL_Driver/Src/stm32f4xx_hal.c **** /**
 375:Drivers/STM32F4xx_HAL_Driver/Src/stm32f4xx_hal.c ****   * @brief Resume Tick increment.
 376:Drivers/STM32F4xx_HAL_Driver/Src/stm32f4xx_hal.c ****   * @note In the default implementation , SysTick timer is the source of time base. It is
 377:Drivers/STM32F4xx_HAL_Driver/Src/stm32f4xx_hal.c ****   *       used to generate interrupts at regular time intervals. Once HAL_ResumeTick()
 378:Drivers/STM32F4xx_HAL_Driver/Src/stm32f4xx_hal.c ****   *       is called, the SysTick interrupt will be enabled and so Tick increment 
 379:Drivers/STM32F4xx_HAL_Driver/Src/stm32f4xx_hal.c ****   *       is resumed.
 380:Drivers/STM32F4xx_HAL_Driver/Src/stm32f4xx_hal.c ****   * @note This function is declared as __weak to be overwritten in case of other
 381:Drivers/STM32F4xx_HAL_Driver/Src/stm32f4xx_hal.c ****   *       implementations in user file.
 382:Drivers/STM32F4xx_HAL_Driver/Src/stm32f4xx_hal.c ****   * @retval None
 383:Drivers/STM32F4xx_HAL_Driver/Src/stm32f4xx_hal.c ****   */
 384:Drivers/STM32F4xx_HAL_Driver/Src/stm32f4xx_hal.c **** __weak void HAL_ResumeTick(void)
 385:Drivers/STM32F4xx_HAL_Driver/Src/stm32f4xx_hal.c **** {
 344              		.loc 1 385 0
 345              		.cfi_startproc
 346              		@ args = 0, pretend = 0, frame = 0
 347              		@ frame_needed = 0, uses_anonymous_args = 0
 348              		@ link register save eliminated.
 386:Drivers/STM32F4xx_HAL_Driver/Src/stm32f4xx_hal.c ****   /* Enable SysTick Interrupt */
 387:Drivers/STM32F4xx_HAL_Driver/Src/stm32f4xx_hal.c ****   SysTick->CTRL  |= SysTick_CTRL_TICKINT_Msk;
 349              		.loc 1 387 0
 350 0000 024A     		ldr	r2, .L29
 351 0002 1368     		ldr	r3, [r2]
ARM GAS  /var/folders/gg/1prykzgd72385vwcgrq9wzdr0000gn/T//ccSFax9q.s 			page 14


 352 0004 43F00203 		orr	r3, r3, #2
 353 0008 1360     		str	r3, [r2]
 354 000a 7047     		bx	lr
 355              	.L30:
 356              		.align	2
 357              	.L29:
 358 000c 10E000E0 		.word	-536813552
 359              		.cfi_endproc
 360              	.LFE132:
 362              		.section	.text.HAL_GetHalVersion,"ax",%progbits
 363              		.align	2
 364              		.global	HAL_GetHalVersion
 365              		.thumb
 366              		.thumb_func
 368              	HAL_GetHalVersion:
 369              	.LFB133:
 388:Drivers/STM32F4xx_HAL_Driver/Src/stm32f4xx_hal.c **** }
 389:Drivers/STM32F4xx_HAL_Driver/Src/stm32f4xx_hal.c **** 
 390:Drivers/STM32F4xx_HAL_Driver/Src/stm32f4xx_hal.c **** /**
 391:Drivers/STM32F4xx_HAL_Driver/Src/stm32f4xx_hal.c ****   * @brief  Returns the HAL revision
 392:Drivers/STM32F4xx_HAL_Driver/Src/stm32f4xx_hal.c ****   * @retval version : 0xXYZR (8bits for each decimal, R for RC)
 393:Drivers/STM32F4xx_HAL_Driver/Src/stm32f4xx_hal.c ****   */
 394:Drivers/STM32F4xx_HAL_Driver/Src/stm32f4xx_hal.c **** uint32_t HAL_GetHalVersion(void)
 395:Drivers/STM32F4xx_HAL_Driver/Src/stm32f4xx_hal.c **** {
 370              		.loc 1 395 0
 371              		.cfi_startproc
 372              		@ args = 0, pretend = 0, frame = 0
 373              		@ frame_needed = 0, uses_anonymous_args = 0
 374              		@ link register save eliminated.
 396:Drivers/STM32F4xx_HAL_Driver/Src/stm32f4xx_hal.c ****  return __STM32F4xx_HAL_VERSION;
 397:Drivers/STM32F4xx_HAL_Driver/Src/stm32f4xx_hal.c **** }
 375              		.loc 1 397 0
 376 0000 0048     		ldr	r0, .L32
 377 0002 7047     		bx	lr
 378              	.L33:
 379              		.align	2
 380              	.L32:
 381 0004 00020701 		.word	17236480
 382              		.cfi_endproc
 383              	.LFE133:
 385              		.section	.text.HAL_GetREVID,"ax",%progbits
 386              		.align	2
 387              		.global	HAL_GetREVID
 388              		.thumb
 389              		.thumb_func
 391              	HAL_GetREVID:
 392              	.LFB134:
 398:Drivers/STM32F4xx_HAL_Driver/Src/stm32f4xx_hal.c **** 
 399:Drivers/STM32F4xx_HAL_Driver/Src/stm32f4xx_hal.c **** /**
 400:Drivers/STM32F4xx_HAL_Driver/Src/stm32f4xx_hal.c ****   * @brief  Returns the device revision identifier.
 401:Drivers/STM32F4xx_HAL_Driver/Src/stm32f4xx_hal.c ****   * @retval Device revision identifier
 402:Drivers/STM32F4xx_HAL_Driver/Src/stm32f4xx_hal.c ****   */
 403:Drivers/STM32F4xx_HAL_Driver/Src/stm32f4xx_hal.c **** uint32_t HAL_GetREVID(void)
 404:Drivers/STM32F4xx_HAL_Driver/Src/stm32f4xx_hal.c **** {
 393              		.loc 1 404 0
 394              		.cfi_startproc
 395              		@ args = 0, pretend = 0, frame = 0
ARM GAS  /var/folders/gg/1prykzgd72385vwcgrq9wzdr0000gn/T//ccSFax9q.s 			page 15


 396              		@ frame_needed = 0, uses_anonymous_args = 0
 397              		@ link register save eliminated.
 405:Drivers/STM32F4xx_HAL_Driver/Src/stm32f4xx_hal.c ****    return((DBGMCU->IDCODE) >> 16U);
 398              		.loc 1 405 0
 399 0000 014B     		ldr	r3, .L35
 400 0002 1868     		ldr	r0, [r3]
 406:Drivers/STM32F4xx_HAL_Driver/Src/stm32f4xx_hal.c **** }
 401              		.loc 1 406 0
 402 0004 000C     		lsrs	r0, r0, #16
 403 0006 7047     		bx	lr
 404              	.L36:
 405              		.align	2
 406              	.L35:
 407 0008 002004E0 		.word	-536600576
 408              		.cfi_endproc
 409              	.LFE134:
 411              		.section	.text.HAL_GetDEVID,"ax",%progbits
 412              		.align	2
 413              		.global	HAL_GetDEVID
 414              		.thumb
 415              		.thumb_func
 417              	HAL_GetDEVID:
 418              	.LFB135:
 407:Drivers/STM32F4xx_HAL_Driver/Src/stm32f4xx_hal.c **** 
 408:Drivers/STM32F4xx_HAL_Driver/Src/stm32f4xx_hal.c **** /**
 409:Drivers/STM32F4xx_HAL_Driver/Src/stm32f4xx_hal.c ****   * @brief  Returns the device identifier.
 410:Drivers/STM32F4xx_HAL_Driver/Src/stm32f4xx_hal.c ****   * @retval Device identifier
 411:Drivers/STM32F4xx_HAL_Driver/Src/stm32f4xx_hal.c ****   */
 412:Drivers/STM32F4xx_HAL_Driver/Src/stm32f4xx_hal.c **** uint32_t HAL_GetDEVID(void)
 413:Drivers/STM32F4xx_HAL_Driver/Src/stm32f4xx_hal.c **** {
 419              		.loc 1 413 0
 420              		.cfi_startproc
 421              		@ args = 0, pretend = 0, frame = 0
 422              		@ frame_needed = 0, uses_anonymous_args = 0
 423              		@ link register save eliminated.
 414:Drivers/STM32F4xx_HAL_Driver/Src/stm32f4xx_hal.c ****    return((DBGMCU->IDCODE) & IDCODE_DEVID_MASK);
 424              		.loc 1 414 0
 425 0000 024B     		ldr	r3, .L38
 426 0002 1868     		ldr	r0, [r3]
 415:Drivers/STM32F4xx_HAL_Driver/Src/stm32f4xx_hal.c **** }
 427              		.loc 1 415 0
 428 0004 C0F30B00 		ubfx	r0, r0, #0, #12
 429 0008 7047     		bx	lr
 430              	.L39:
 431 000a 00BF     		.align	2
 432              	.L38:
 433 000c 002004E0 		.word	-536600576
 434              		.cfi_endproc
 435              	.LFE135:
 437              		.section	.text.HAL_DBGMCU_EnableDBGSleepMode,"ax",%progbits
 438              		.align	2
 439              		.global	HAL_DBGMCU_EnableDBGSleepMode
 440              		.thumb
 441              		.thumb_func
 443              	HAL_DBGMCU_EnableDBGSleepMode:
 444              	.LFB136:
 416:Drivers/STM32F4xx_HAL_Driver/Src/stm32f4xx_hal.c **** 
ARM GAS  /var/folders/gg/1prykzgd72385vwcgrq9wzdr0000gn/T//ccSFax9q.s 			page 16


 417:Drivers/STM32F4xx_HAL_Driver/Src/stm32f4xx_hal.c **** /**
 418:Drivers/STM32F4xx_HAL_Driver/Src/stm32f4xx_hal.c ****   * @brief  Enable the Debug Module during SLEEP mode
 419:Drivers/STM32F4xx_HAL_Driver/Src/stm32f4xx_hal.c ****   * @retval None
 420:Drivers/STM32F4xx_HAL_Driver/Src/stm32f4xx_hal.c ****   */
 421:Drivers/STM32F4xx_HAL_Driver/Src/stm32f4xx_hal.c **** void HAL_DBGMCU_EnableDBGSleepMode(void)
 422:Drivers/STM32F4xx_HAL_Driver/Src/stm32f4xx_hal.c **** {
 445              		.loc 1 422 0
 446              		.cfi_startproc
 447              		@ args = 0, pretend = 0, frame = 0
 448              		@ frame_needed = 0, uses_anonymous_args = 0
 449              		@ link register save eliminated.
 423:Drivers/STM32F4xx_HAL_Driver/Src/stm32f4xx_hal.c ****   SET_BIT(DBGMCU->CR, DBGMCU_CR_DBG_SLEEP);
 450              		.loc 1 423 0
 451 0000 024A     		ldr	r2, .L41
 452 0002 5368     		ldr	r3, [r2, #4]
 453 0004 43F00103 		orr	r3, r3, #1
 454 0008 5360     		str	r3, [r2, #4]
 455 000a 7047     		bx	lr
 456              	.L42:
 457              		.align	2
 458              	.L41:
 459 000c 002004E0 		.word	-536600576
 460              		.cfi_endproc
 461              	.LFE136:
 463              		.section	.text.HAL_DBGMCU_DisableDBGSleepMode,"ax",%progbits
 464              		.align	2
 465              		.global	HAL_DBGMCU_DisableDBGSleepMode
 466              		.thumb
 467              		.thumb_func
 469              	HAL_DBGMCU_DisableDBGSleepMode:
 470              	.LFB137:
 424:Drivers/STM32F4xx_HAL_Driver/Src/stm32f4xx_hal.c **** }
 425:Drivers/STM32F4xx_HAL_Driver/Src/stm32f4xx_hal.c **** 
 426:Drivers/STM32F4xx_HAL_Driver/Src/stm32f4xx_hal.c **** /**
 427:Drivers/STM32F4xx_HAL_Driver/Src/stm32f4xx_hal.c ****   * @brief  Disable the Debug Module during SLEEP mode
 428:Drivers/STM32F4xx_HAL_Driver/Src/stm32f4xx_hal.c ****   * @retval None
 429:Drivers/STM32F4xx_HAL_Driver/Src/stm32f4xx_hal.c ****   */
 430:Drivers/STM32F4xx_HAL_Driver/Src/stm32f4xx_hal.c **** void HAL_DBGMCU_DisableDBGSleepMode(void)
 431:Drivers/STM32F4xx_HAL_Driver/Src/stm32f4xx_hal.c **** {
 471              		.loc 1 431 0
 472              		.cfi_startproc
 473              		@ args = 0, pretend = 0, frame = 0
 474              		@ frame_needed = 0, uses_anonymous_args = 0
 475              		@ link register save eliminated.
 432:Drivers/STM32F4xx_HAL_Driver/Src/stm32f4xx_hal.c ****   CLEAR_BIT(DBGMCU->CR, DBGMCU_CR_DBG_SLEEP);
 476              		.loc 1 432 0
 477 0000 024A     		ldr	r2, .L44
 478 0002 5368     		ldr	r3, [r2, #4]
 479 0004 23F00103 		bic	r3, r3, #1
 480 0008 5360     		str	r3, [r2, #4]
 481 000a 7047     		bx	lr
 482              	.L45:
 483              		.align	2
 484              	.L44:
 485 000c 002004E0 		.word	-536600576
 486              		.cfi_endproc
 487              	.LFE137:
ARM GAS  /var/folders/gg/1prykzgd72385vwcgrq9wzdr0000gn/T//ccSFax9q.s 			page 17


 489              		.section	.text.HAL_DBGMCU_EnableDBGStopMode,"ax",%progbits
 490              		.align	2
 491              		.global	HAL_DBGMCU_EnableDBGStopMode
 492              		.thumb
 493              		.thumb_func
 495              	HAL_DBGMCU_EnableDBGStopMode:
 496              	.LFB138:
 433:Drivers/STM32F4xx_HAL_Driver/Src/stm32f4xx_hal.c **** }
 434:Drivers/STM32F4xx_HAL_Driver/Src/stm32f4xx_hal.c **** 
 435:Drivers/STM32F4xx_HAL_Driver/Src/stm32f4xx_hal.c **** /**
 436:Drivers/STM32F4xx_HAL_Driver/Src/stm32f4xx_hal.c ****   * @brief  Enable the Debug Module during STOP mode
 437:Drivers/STM32F4xx_HAL_Driver/Src/stm32f4xx_hal.c ****   * @retval None
 438:Drivers/STM32F4xx_HAL_Driver/Src/stm32f4xx_hal.c ****   */
 439:Drivers/STM32F4xx_HAL_Driver/Src/stm32f4xx_hal.c **** void HAL_DBGMCU_EnableDBGStopMode(void)
 440:Drivers/STM32F4xx_HAL_Driver/Src/stm32f4xx_hal.c **** {
 497              		.loc 1 440 0
 498              		.cfi_startproc
 499              		@ args = 0, pretend = 0, frame = 0
 500              		@ frame_needed = 0, uses_anonymous_args = 0
 501              		@ link register save eliminated.
 441:Drivers/STM32F4xx_HAL_Driver/Src/stm32f4xx_hal.c ****   SET_BIT(DBGMCU->CR, DBGMCU_CR_DBG_STOP);
 502              		.loc 1 441 0
 503 0000 024A     		ldr	r2, .L47
 504 0002 5368     		ldr	r3, [r2, #4]
 505 0004 43F00203 		orr	r3, r3, #2
 506 0008 5360     		str	r3, [r2, #4]
 507 000a 7047     		bx	lr
 508              	.L48:
 509              		.align	2
 510              	.L47:
 511 000c 002004E0 		.word	-536600576
 512              		.cfi_endproc
 513              	.LFE138:
 515              		.section	.text.HAL_DBGMCU_DisableDBGStopMode,"ax",%progbits
 516              		.align	2
 517              		.global	HAL_DBGMCU_DisableDBGStopMode
 518              		.thumb
 519              		.thumb_func
 521              	HAL_DBGMCU_DisableDBGStopMode:
 522              	.LFB139:
 442:Drivers/STM32F4xx_HAL_Driver/Src/stm32f4xx_hal.c **** }
 443:Drivers/STM32F4xx_HAL_Driver/Src/stm32f4xx_hal.c **** 
 444:Drivers/STM32F4xx_HAL_Driver/Src/stm32f4xx_hal.c **** /**
 445:Drivers/STM32F4xx_HAL_Driver/Src/stm32f4xx_hal.c ****   * @brief  Disable the Debug Module during STOP mode
 446:Drivers/STM32F4xx_HAL_Driver/Src/stm32f4xx_hal.c ****   * @retval None
 447:Drivers/STM32F4xx_HAL_Driver/Src/stm32f4xx_hal.c ****   */
 448:Drivers/STM32F4xx_HAL_Driver/Src/stm32f4xx_hal.c **** void HAL_DBGMCU_DisableDBGStopMode(void)
 449:Drivers/STM32F4xx_HAL_Driver/Src/stm32f4xx_hal.c **** {
 523              		.loc 1 449 0
 524              		.cfi_startproc
 525              		@ args = 0, pretend = 0, frame = 0
 526              		@ frame_needed = 0, uses_anonymous_args = 0
 527              		@ link register save eliminated.
 450:Drivers/STM32F4xx_HAL_Driver/Src/stm32f4xx_hal.c ****   CLEAR_BIT(DBGMCU->CR, DBGMCU_CR_DBG_STOP);
 528              		.loc 1 450 0
 529 0000 024A     		ldr	r2, .L50
 530 0002 5368     		ldr	r3, [r2, #4]
ARM GAS  /var/folders/gg/1prykzgd72385vwcgrq9wzdr0000gn/T//ccSFax9q.s 			page 18


 531 0004 23F00203 		bic	r3, r3, #2
 532 0008 5360     		str	r3, [r2, #4]
 533 000a 7047     		bx	lr
 534              	.L51:
 535              		.align	2
 536              	.L50:
 537 000c 002004E0 		.word	-536600576
 538              		.cfi_endproc
 539              	.LFE139:
 541              		.section	.text.HAL_DBGMCU_EnableDBGStandbyMode,"ax",%progbits
 542              		.align	2
 543              		.global	HAL_DBGMCU_EnableDBGStandbyMode
 544              		.thumb
 545              		.thumb_func
 547              	HAL_DBGMCU_EnableDBGStandbyMode:
 548              	.LFB140:
 451:Drivers/STM32F4xx_HAL_Driver/Src/stm32f4xx_hal.c **** }
 452:Drivers/STM32F4xx_HAL_Driver/Src/stm32f4xx_hal.c **** 
 453:Drivers/STM32F4xx_HAL_Driver/Src/stm32f4xx_hal.c **** /**
 454:Drivers/STM32F4xx_HAL_Driver/Src/stm32f4xx_hal.c ****   * @brief  Enable the Debug Module during STANDBY mode
 455:Drivers/STM32F4xx_HAL_Driver/Src/stm32f4xx_hal.c ****   * @retval None
 456:Drivers/STM32F4xx_HAL_Driver/Src/stm32f4xx_hal.c ****   */
 457:Drivers/STM32F4xx_HAL_Driver/Src/stm32f4xx_hal.c **** void HAL_DBGMCU_EnableDBGStandbyMode(void)
 458:Drivers/STM32F4xx_HAL_Driver/Src/stm32f4xx_hal.c **** {
 549              		.loc 1 458 0
 550              		.cfi_startproc
 551              		@ args = 0, pretend = 0, frame = 0
 552              		@ frame_needed = 0, uses_anonymous_args = 0
 553              		@ link register save eliminated.
 459:Drivers/STM32F4xx_HAL_Driver/Src/stm32f4xx_hal.c ****   SET_BIT(DBGMCU->CR, DBGMCU_CR_DBG_STANDBY);
 554              		.loc 1 459 0
 555 0000 024A     		ldr	r2, .L53
 556 0002 5368     		ldr	r3, [r2, #4]
 557 0004 43F00403 		orr	r3, r3, #4
 558 0008 5360     		str	r3, [r2, #4]
 559 000a 7047     		bx	lr
 560              	.L54:
 561              		.align	2
 562              	.L53:
 563 000c 002004E0 		.word	-536600576
 564              		.cfi_endproc
 565              	.LFE140:
 567              		.section	.text.HAL_DBGMCU_DisableDBGStandbyMode,"ax",%progbits
 568              		.align	2
 569              		.global	HAL_DBGMCU_DisableDBGStandbyMode
 570              		.thumb
 571              		.thumb_func
 573              	HAL_DBGMCU_DisableDBGStandbyMode:
 574              	.LFB141:
 460:Drivers/STM32F4xx_HAL_Driver/Src/stm32f4xx_hal.c **** }
 461:Drivers/STM32F4xx_HAL_Driver/Src/stm32f4xx_hal.c **** 
 462:Drivers/STM32F4xx_HAL_Driver/Src/stm32f4xx_hal.c **** /**
 463:Drivers/STM32F4xx_HAL_Driver/Src/stm32f4xx_hal.c ****   * @brief  Disable the Debug Module during STANDBY mode
 464:Drivers/STM32F4xx_HAL_Driver/Src/stm32f4xx_hal.c ****   * @retval None
 465:Drivers/STM32F4xx_HAL_Driver/Src/stm32f4xx_hal.c ****   */
 466:Drivers/STM32F4xx_HAL_Driver/Src/stm32f4xx_hal.c **** void HAL_DBGMCU_DisableDBGStandbyMode(void)
 467:Drivers/STM32F4xx_HAL_Driver/Src/stm32f4xx_hal.c **** {
ARM GAS  /var/folders/gg/1prykzgd72385vwcgrq9wzdr0000gn/T//ccSFax9q.s 			page 19


 575              		.loc 1 467 0
 576              		.cfi_startproc
 577              		@ args = 0, pretend = 0, frame = 0
 578              		@ frame_needed = 0, uses_anonymous_args = 0
 579              		@ link register save eliminated.
 468:Drivers/STM32F4xx_HAL_Driver/Src/stm32f4xx_hal.c ****   CLEAR_BIT(DBGMCU->CR, DBGMCU_CR_DBG_STANDBY);
 580              		.loc 1 468 0
 581 0000 024A     		ldr	r2, .L56
 582 0002 5368     		ldr	r3, [r2, #4]
 583 0004 23F00403 		bic	r3, r3, #4
 584 0008 5360     		str	r3, [r2, #4]
 585 000a 7047     		bx	lr
 586              	.L57:
 587              		.align	2
 588              	.L56:
 589 000c 002004E0 		.word	-536600576
 590              		.cfi_endproc
 591              	.LFE141:
 593              		.section	.text.HAL_EnableCompensationCell,"ax",%progbits
 594              		.align	2
 595              		.global	HAL_EnableCompensationCell
 596              		.thumb
 597              		.thumb_func
 599              	HAL_EnableCompensationCell:
 600              	.LFB142:
 469:Drivers/STM32F4xx_HAL_Driver/Src/stm32f4xx_hal.c **** }
 470:Drivers/STM32F4xx_HAL_Driver/Src/stm32f4xx_hal.c **** 
 471:Drivers/STM32F4xx_HAL_Driver/Src/stm32f4xx_hal.c **** /**
 472:Drivers/STM32F4xx_HAL_Driver/Src/stm32f4xx_hal.c ****   * @brief  Enables the I/O Compensation Cell.
 473:Drivers/STM32F4xx_HAL_Driver/Src/stm32f4xx_hal.c ****   * @note   The I/O compensation cell can be used only when the device supply
 474:Drivers/STM32F4xx_HAL_Driver/Src/stm32f4xx_hal.c ****   *         voltage ranges from 2.4 to 3.6 V.  
 475:Drivers/STM32F4xx_HAL_Driver/Src/stm32f4xx_hal.c ****   * @retval None
 476:Drivers/STM32F4xx_HAL_Driver/Src/stm32f4xx_hal.c ****   */
 477:Drivers/STM32F4xx_HAL_Driver/Src/stm32f4xx_hal.c **** void HAL_EnableCompensationCell(void)
 478:Drivers/STM32F4xx_HAL_Driver/Src/stm32f4xx_hal.c **** {
 601              		.loc 1 478 0
 602              		.cfi_startproc
 603              		@ args = 0, pretend = 0, frame = 0
 604              		@ frame_needed = 0, uses_anonymous_args = 0
 605              		@ link register save eliminated.
 479:Drivers/STM32F4xx_HAL_Driver/Src/stm32f4xx_hal.c ****   *(__IO uint32_t *)CMPCR_CMP_PD_BB = (uint32_t)ENABLE;
 606              		.loc 1 479 0
 607 0000 0122     		movs	r2, #1
 608 0002 014B     		ldr	r3, .L59
 609 0004 1A60     		str	r2, [r3]
 610 0006 7047     		bx	lr
 611              	.L60:
 612              		.align	2
 613              	.L59:
 614 0008 00042742 		.word	1109853184
 615              		.cfi_endproc
 616              	.LFE142:
 618              		.section	.text.HAL_DisableCompensationCell,"ax",%progbits
 619              		.align	2
 620              		.global	HAL_DisableCompensationCell
 621              		.thumb
 622              		.thumb_func
ARM GAS  /var/folders/gg/1prykzgd72385vwcgrq9wzdr0000gn/T//ccSFax9q.s 			page 20


 624              	HAL_DisableCompensationCell:
 625              	.LFB143:
 480:Drivers/STM32F4xx_HAL_Driver/Src/stm32f4xx_hal.c **** }
 481:Drivers/STM32F4xx_HAL_Driver/Src/stm32f4xx_hal.c **** 
 482:Drivers/STM32F4xx_HAL_Driver/Src/stm32f4xx_hal.c **** /**
 483:Drivers/STM32F4xx_HAL_Driver/Src/stm32f4xx_hal.c ****   * @brief  Power-down the I/O Compensation Cell.
 484:Drivers/STM32F4xx_HAL_Driver/Src/stm32f4xx_hal.c ****   * @note   The I/O compensation cell can be used only when the device supply
 485:Drivers/STM32F4xx_HAL_Driver/Src/stm32f4xx_hal.c ****   *         voltage ranges from 2.4 to 3.6 V.  
 486:Drivers/STM32F4xx_HAL_Driver/Src/stm32f4xx_hal.c ****   * @retval None
 487:Drivers/STM32F4xx_HAL_Driver/Src/stm32f4xx_hal.c ****   */
 488:Drivers/STM32F4xx_HAL_Driver/Src/stm32f4xx_hal.c **** void HAL_DisableCompensationCell(void)
 489:Drivers/STM32F4xx_HAL_Driver/Src/stm32f4xx_hal.c **** {
 626              		.loc 1 489 0
 627              		.cfi_startproc
 628              		@ args = 0, pretend = 0, frame = 0
 629              		@ frame_needed = 0, uses_anonymous_args = 0
 630              		@ link register save eliminated.
 490:Drivers/STM32F4xx_HAL_Driver/Src/stm32f4xx_hal.c ****   *(__IO uint32_t *)CMPCR_CMP_PD_BB = (uint32_t)DISABLE;
 631              		.loc 1 490 0
 632 0000 0022     		movs	r2, #0
 633 0002 014B     		ldr	r3, .L62
 634 0004 1A60     		str	r2, [r3]
 635 0006 7047     		bx	lr
 636              	.L63:
 637              		.align	2
 638              	.L62:
 639 0008 00042742 		.word	1109853184
 640              		.cfi_endproc
 641              	.LFE143:
 643              		.section	.text.HAL_GetUID,"ax",%progbits
 644              		.align	2
 645              		.global	HAL_GetUID
 646              		.thumb
 647              		.thumb_func
 649              	HAL_GetUID:
 650              	.LFB144:
 491:Drivers/STM32F4xx_HAL_Driver/Src/stm32f4xx_hal.c **** }
 492:Drivers/STM32F4xx_HAL_Driver/Src/stm32f4xx_hal.c **** 
 493:Drivers/STM32F4xx_HAL_Driver/Src/stm32f4xx_hal.c **** /**
 494:Drivers/STM32F4xx_HAL_Driver/Src/stm32f4xx_hal.c ****   * @brief Return the unique device identifier (UID based on 96 bits)
 495:Drivers/STM32F4xx_HAL_Driver/Src/stm32f4xx_hal.c ****   * @param UID pointer to 3 words array.
 496:Drivers/STM32F4xx_HAL_Driver/Src/stm32f4xx_hal.c ****   * @retval Device identifier
 497:Drivers/STM32F4xx_HAL_Driver/Src/stm32f4xx_hal.c ****   */
 498:Drivers/STM32F4xx_HAL_Driver/Src/stm32f4xx_hal.c **** void HAL_GetUID(uint32_t *UID)
 499:Drivers/STM32F4xx_HAL_Driver/Src/stm32f4xx_hal.c **** {
 651              		.loc 1 499 0
 652              		.cfi_startproc
 653              		@ args = 0, pretend = 0, frame = 0
 654              		@ frame_needed = 0, uses_anonymous_args = 0
 655              		@ link register save eliminated.
 656              	.LVL15:
 500:Drivers/STM32F4xx_HAL_Driver/Src/stm32f4xx_hal.c ****   UID[0] = (uint32_t)(READ_REG(*((uint32_t *)UID_BASE)));
 657              		.loc 1 500 0
 658 0000 044B     		ldr	r3, .L65
 659 0002 1B68     		ldr	r3, [r3]
 660 0004 0360     		str	r3, [r0]
 501:Drivers/STM32F4xx_HAL_Driver/Src/stm32f4xx_hal.c ****   UID[1] = (uint32_t)(READ_REG(*((uint32_t *)(UID_BASE + 4U))));
ARM GAS  /var/folders/gg/1prykzgd72385vwcgrq9wzdr0000gn/T//ccSFax9q.s 			page 21


 661              		.loc 1 501 0
 662 0006 044B     		ldr	r3, .L65+4
 663 0008 1B68     		ldr	r3, [r3]
 664 000a 4360     		str	r3, [r0, #4]
 502:Drivers/STM32F4xx_HAL_Driver/Src/stm32f4xx_hal.c ****   UID[2] = (uint32_t)(READ_REG(*((uint32_t *)(UID_BASE + 8U))));
 665              		.loc 1 502 0
 666 000c 034B     		ldr	r3, .L65+8
 667 000e 1B68     		ldr	r3, [r3]
 668 0010 8360     		str	r3, [r0, #8]
 669 0012 7047     		bx	lr
 670              	.L66:
 671              		.align	2
 672              	.L65:
 673 0014 107AFF1F 		.word	536836624
 674 0018 147AFF1F 		.word	536836628
 675 001c 187AFF1F 		.word	536836632
 676              		.cfi_endproc
 677              	.LFE144:
 679              		.comm	uwTick,4,4
 680              		.text
 681              	.Letext0:
 682              		.file 2 "Drivers/CMSIS/Device/ST/STM32F4xx/Include/stm32f446xx.h"
 683              		.file 3 "/Users/justinng/Documents/Github/roborodentia2017/arm/arm-none-eabi/include/machine/_defa
 684              		.file 4 "/Users/justinng/Documents/Github/roborodentia2017/arm/arm-none-eabi/include/stdint.h"
 685              		.file 5 "Drivers/CMSIS/Include/core_cm4.h"
 686              		.file 6 "Drivers/CMSIS/Device/ST/STM32F4xx/Include/stm32f4xx.h"
 687              		.file 7 "Drivers/STM32F4xx_HAL_Driver/Inc/stm32f4xx_hal_def.h"
 688              		.file 8 "Drivers/CMSIS/Device/ST/STM32F4xx/Include/system_stm32f4xx.h"
 689              		.file 9 "Drivers/STM32F4xx_HAL_Driver/Inc/stm32f4xx_hal_cortex.h"
ARM GAS  /var/folders/gg/1prykzgd72385vwcgrq9wzdr0000gn/T//ccSFax9q.s 			page 22


DEFINED SYMBOLS
                            *ABS*:0000000000000000 stm32f4xx_hal.c
/var/folders/gg/1prykzgd72385vwcgrq9wzdr0000gn/T//ccSFax9q.s:21     .text.HAL_MspInit:0000000000000000 $t
/var/folders/gg/1prykzgd72385vwcgrq9wzdr0000gn/T//ccSFax9q.s:26     .text.HAL_MspInit:0000000000000000 HAL_MspInit
/var/folders/gg/1prykzgd72385vwcgrq9wzdr0000gn/T//ccSFax9q.s:39     .text.HAL_MspDeInit:0000000000000000 $t
/var/folders/gg/1prykzgd72385vwcgrq9wzdr0000gn/T//ccSFax9q.s:44     .text.HAL_MspDeInit:0000000000000000 HAL_MspDeInit
/var/folders/gg/1prykzgd72385vwcgrq9wzdr0000gn/T//ccSFax9q.s:56     .text.HAL_DeInit:0000000000000000 $t
/var/folders/gg/1prykzgd72385vwcgrq9wzdr0000gn/T//ccSFax9q.s:61     .text.HAL_DeInit:0000000000000000 HAL_DeInit
/var/folders/gg/1prykzgd72385vwcgrq9wzdr0000gn/T//ccSFax9q.s:105    .text.HAL_DeInit:0000000000000028 $d
/var/folders/gg/1prykzgd72385vwcgrq9wzdr0000gn/T//ccSFax9q.s:110    .text.HAL_InitTick:0000000000000000 $t
/var/folders/gg/1prykzgd72385vwcgrq9wzdr0000gn/T//ccSFax9q.s:115    .text.HAL_InitTick:0000000000000000 HAL_InitTick
/var/folders/gg/1prykzgd72385vwcgrq9wzdr0000gn/T//ccSFax9q.s:150    .text.HAL_InitTick:0000000000000024 $d
/var/folders/gg/1prykzgd72385vwcgrq9wzdr0000gn/T//ccSFax9q.s:156    .text.HAL_Init:0000000000000000 $t
/var/folders/gg/1prykzgd72385vwcgrq9wzdr0000gn/T//ccSFax9q.s:161    .text.HAL_Init:0000000000000000 HAL_Init
/var/folders/gg/1prykzgd72385vwcgrq9wzdr0000gn/T//ccSFax9q.s:202    .text.HAL_Init:0000000000000030 $d
/var/folders/gg/1prykzgd72385vwcgrq9wzdr0000gn/T//ccSFax9q.s:207    .text.HAL_IncTick:0000000000000000 $t
/var/folders/gg/1prykzgd72385vwcgrq9wzdr0000gn/T//ccSFax9q.s:212    .text.HAL_IncTick:0000000000000000 HAL_IncTick
/var/folders/gg/1prykzgd72385vwcgrq9wzdr0000gn/T//ccSFax9q.s:228    .text.HAL_IncTick:000000000000000c $d
                            *COM*:0000000000000004 uwTick
/var/folders/gg/1prykzgd72385vwcgrq9wzdr0000gn/T//ccSFax9q.s:233    .text.HAL_GetTick:0000000000000000 $t
/var/folders/gg/1prykzgd72385vwcgrq9wzdr0000gn/T//ccSFax9q.s:238    .text.HAL_GetTick:0000000000000000 HAL_GetTick
/var/folders/gg/1prykzgd72385vwcgrq9wzdr0000gn/T//ccSFax9q.s:253    .text.HAL_GetTick:0000000000000008 $d
/var/folders/gg/1prykzgd72385vwcgrq9wzdr0000gn/T//ccSFax9q.s:258    .text.HAL_Delay:0000000000000000 $t
/var/folders/gg/1prykzgd72385vwcgrq9wzdr0000gn/T//ccSFax9q.s:263    .text.HAL_Delay:0000000000000000 HAL_Delay
/var/folders/gg/1prykzgd72385vwcgrq9wzdr0000gn/T//ccSFax9q.s:311    .text.HAL_SuspendTick:0000000000000000 $t
/var/folders/gg/1prykzgd72385vwcgrq9wzdr0000gn/T//ccSFax9q.s:316    .text.HAL_SuspendTick:0000000000000000 HAL_SuspendTick
/var/folders/gg/1prykzgd72385vwcgrq9wzdr0000gn/T//ccSFax9q.s:332    .text.HAL_SuspendTick:000000000000000c $d
/var/folders/gg/1prykzgd72385vwcgrq9wzdr0000gn/T//ccSFax9q.s:337    .text.HAL_ResumeTick:0000000000000000 $t
/var/folders/gg/1prykzgd72385vwcgrq9wzdr0000gn/T//ccSFax9q.s:342    .text.HAL_ResumeTick:0000000000000000 HAL_ResumeTick
/var/folders/gg/1prykzgd72385vwcgrq9wzdr0000gn/T//ccSFax9q.s:358    .text.HAL_ResumeTick:000000000000000c $d
/var/folders/gg/1prykzgd72385vwcgrq9wzdr0000gn/T//ccSFax9q.s:363    .text.HAL_GetHalVersion:0000000000000000 $t
/var/folders/gg/1prykzgd72385vwcgrq9wzdr0000gn/T//ccSFax9q.s:368    .text.HAL_GetHalVersion:0000000000000000 HAL_GetHalVersion
/var/folders/gg/1prykzgd72385vwcgrq9wzdr0000gn/T//ccSFax9q.s:381    .text.HAL_GetHalVersion:0000000000000004 $d
/var/folders/gg/1prykzgd72385vwcgrq9wzdr0000gn/T//ccSFax9q.s:386    .text.HAL_GetREVID:0000000000000000 $t
/var/folders/gg/1prykzgd72385vwcgrq9wzdr0000gn/T//ccSFax9q.s:391    .text.HAL_GetREVID:0000000000000000 HAL_GetREVID
/var/folders/gg/1prykzgd72385vwcgrq9wzdr0000gn/T//ccSFax9q.s:407    .text.HAL_GetREVID:0000000000000008 $d
/var/folders/gg/1prykzgd72385vwcgrq9wzdr0000gn/T//ccSFax9q.s:412    .text.HAL_GetDEVID:0000000000000000 $t
/var/folders/gg/1prykzgd72385vwcgrq9wzdr0000gn/T//ccSFax9q.s:417    .text.HAL_GetDEVID:0000000000000000 HAL_GetDEVID
/var/folders/gg/1prykzgd72385vwcgrq9wzdr0000gn/T//ccSFax9q.s:433    .text.HAL_GetDEVID:000000000000000c $d
/var/folders/gg/1prykzgd72385vwcgrq9wzdr0000gn/T//ccSFax9q.s:438    .text.HAL_DBGMCU_EnableDBGSleepMode:0000000000000000 $t
/var/folders/gg/1prykzgd72385vwcgrq9wzdr0000gn/T//ccSFax9q.s:443    .text.HAL_DBGMCU_EnableDBGSleepMode:0000000000000000 HAL_DBGMCU_EnableDBGSleepMode
/var/folders/gg/1prykzgd72385vwcgrq9wzdr0000gn/T//ccSFax9q.s:459    .text.HAL_DBGMCU_EnableDBGSleepMode:000000000000000c $d
/var/folders/gg/1prykzgd72385vwcgrq9wzdr0000gn/T//ccSFax9q.s:464    .text.HAL_DBGMCU_DisableDBGSleepMode:0000000000000000 $t
/var/folders/gg/1prykzgd72385vwcgrq9wzdr0000gn/T//ccSFax9q.s:469    .text.HAL_DBGMCU_DisableDBGSleepMode:0000000000000000 HAL_DBGMCU_DisableDBGSleepMode
/var/folders/gg/1prykzgd72385vwcgrq9wzdr0000gn/T//ccSFax9q.s:485    .text.HAL_DBGMCU_DisableDBGSleepMode:000000000000000c $d
/var/folders/gg/1prykzgd72385vwcgrq9wzdr0000gn/T//ccSFax9q.s:490    .text.HAL_DBGMCU_EnableDBGStopMode:0000000000000000 $t
/var/folders/gg/1prykzgd72385vwcgrq9wzdr0000gn/T//ccSFax9q.s:495    .text.HAL_DBGMCU_EnableDBGStopMode:0000000000000000 HAL_DBGMCU_EnableDBGStopMode
/var/folders/gg/1prykzgd72385vwcgrq9wzdr0000gn/T//ccSFax9q.s:511    .text.HAL_DBGMCU_EnableDBGStopMode:000000000000000c $d
/var/folders/gg/1prykzgd72385vwcgrq9wzdr0000gn/T//ccSFax9q.s:516    .text.HAL_DBGMCU_DisableDBGStopMode:0000000000000000 $t
/var/folders/gg/1prykzgd72385vwcgrq9wzdr0000gn/T//ccSFax9q.s:521    .text.HAL_DBGMCU_DisableDBGStopMode:0000000000000000 HAL_DBGMCU_DisableDBGStopMode
/var/folders/gg/1prykzgd72385vwcgrq9wzdr0000gn/T//ccSFax9q.s:537    .text.HAL_DBGMCU_DisableDBGStopMode:000000000000000c $d
/var/folders/gg/1prykzgd72385vwcgrq9wzdr0000gn/T//ccSFax9q.s:542    .text.HAL_DBGMCU_EnableDBGStandbyMode:0000000000000000 $t
/var/folders/gg/1prykzgd72385vwcgrq9wzdr0000gn/T//ccSFax9q.s:547    .text.HAL_DBGMCU_EnableDBGStandbyMode:0000000000000000 HAL_DBGMCU_EnableDBGStandbyMode
/var/folders/gg/1prykzgd72385vwcgrq9wzdr0000gn/T//ccSFax9q.s:563    .text.HAL_DBGMCU_EnableDBGStandbyMode:000000000000000c $d
/var/folders/gg/1prykzgd72385vwcgrq9wzdr0000gn/T//ccSFax9q.s:568    .text.HAL_DBGMCU_DisableDBGStandbyMode:0000000000000000 $t
/var/folders/gg/1prykzgd72385vwcgrq9wzdr0000gn/T//ccSFax9q.s:573    .text.HAL_DBGMCU_DisableDBGStandbyMode:0000000000000000 HAL_DBGMCU_DisableDBGStandbyMode
/var/folders/gg/1prykzgd72385vwcgrq9wzdr0000gn/T//ccSFax9q.s:589    .text.HAL_DBGMCU_DisableDBGStandbyMode:000000000000000c $d
ARM GAS  /var/folders/gg/1prykzgd72385vwcgrq9wzdr0000gn/T//ccSFax9q.s 			page 23


/var/folders/gg/1prykzgd72385vwcgrq9wzdr0000gn/T//ccSFax9q.s:594    .text.HAL_EnableCompensationCell:0000000000000000 $t
/var/folders/gg/1prykzgd72385vwcgrq9wzdr0000gn/T//ccSFax9q.s:599    .text.HAL_EnableCompensationCell:0000000000000000 HAL_EnableCompensationCell
/var/folders/gg/1prykzgd72385vwcgrq9wzdr0000gn/T//ccSFax9q.s:614    .text.HAL_EnableCompensationCell:0000000000000008 $d
/var/folders/gg/1prykzgd72385vwcgrq9wzdr0000gn/T//ccSFax9q.s:619    .text.HAL_DisableCompensationCell:0000000000000000 $t
/var/folders/gg/1prykzgd72385vwcgrq9wzdr0000gn/T//ccSFax9q.s:624    .text.HAL_DisableCompensationCell:0000000000000000 HAL_DisableCompensationCell
/var/folders/gg/1prykzgd72385vwcgrq9wzdr0000gn/T//ccSFax9q.s:639    .text.HAL_DisableCompensationCell:0000000000000008 $d
/var/folders/gg/1prykzgd72385vwcgrq9wzdr0000gn/T//ccSFax9q.s:644    .text.HAL_GetUID:0000000000000000 $t
/var/folders/gg/1prykzgd72385vwcgrq9wzdr0000gn/T//ccSFax9q.s:649    .text.HAL_GetUID:0000000000000000 HAL_GetUID
/var/folders/gg/1prykzgd72385vwcgrq9wzdr0000gn/T//ccSFax9q.s:673    .text.HAL_GetUID:0000000000000014 $d
                     .debug_frame:0000000000000010 $d

UNDEFINED SYMBOLS
HAL_SYSTICK_Config
HAL_NVIC_SetPriority
SystemCoreClock
HAL_NVIC_SetPriorityGrouping
