ARM GAS  /var/folders/gg/1prykzgd72385vwcgrq9wzdr0000gn/T//cc8q6fqn.s 			page 1


   1              		.syntax unified
   2              		.cpu cortex-m4
   3              		.eabi_attribute 27, 3
   4              		.eabi_attribute 28, 1
   5              		.fpu fpv4-sp-d16
   6              		.eabi_attribute 20, 1
   7              		.eabi_attribute 21, 1
   8              		.eabi_attribute 23, 3
   9              		.eabi_attribute 24, 1
  10              		.eabi_attribute 25, 1
  11              		.eabi_attribute 26, 1
  12              		.eabi_attribute 30, 1
  13              		.eabi_attribute 34, 1
  14              		.eabi_attribute 18, 4
  15              		.thumb
  16              		.file	"stm32f4xx_hal_msp.c"
  17              		.text
  18              	.Ltext0:
  19              		.cfi_sections	.debug_frame
  20              		.section	.text.HAL_MspInit,"ax",%progbits
  21              		.align	2
  22              		.global	HAL_MspInit
  23              		.thumb
  24              		.thumb_func
  26              	HAL_MspInit:
  27              	.LFB123:
  28              		.file 1 "Src/stm32f4xx_hal_msp.c"
   1:Src/stm32f4xx_hal_msp.c **** /**
   2:Src/stm32f4xx_hal_msp.c ****   ******************************************************************************
   3:Src/stm32f4xx_hal_msp.c ****   * File Name          : stm32f4xx_hal_msp.c
   4:Src/stm32f4xx_hal_msp.c ****   * Description        : This file provides code for the MSP Initialization 
   5:Src/stm32f4xx_hal_msp.c ****   *                      and de-Initialization codes.
   6:Src/stm32f4xx_hal_msp.c ****   ******************************************************************************
   7:Src/stm32f4xx_hal_msp.c ****   ** This notice applies to any and all portions of this file
   8:Src/stm32f4xx_hal_msp.c ****   * that are not between comment pairs USER CODE BEGIN and
   9:Src/stm32f4xx_hal_msp.c ****   * USER CODE END. Other portions of this file, whether 
  10:Src/stm32f4xx_hal_msp.c ****   * inserted by the user or by software development tools
  11:Src/stm32f4xx_hal_msp.c ****   * are owned by their respective copyright owners.
  12:Src/stm32f4xx_hal_msp.c ****   *
  13:Src/stm32f4xx_hal_msp.c ****   * COPYRIGHT(c) 2018 STMicroelectronics
  14:Src/stm32f4xx_hal_msp.c ****   *
  15:Src/stm32f4xx_hal_msp.c ****   * Redistribution and use in source and binary forms, with or without modification,
  16:Src/stm32f4xx_hal_msp.c ****   * are permitted provided that the following conditions are met:
  17:Src/stm32f4xx_hal_msp.c ****   *   1. Redistributions of source code must retain the above copyright notice,
  18:Src/stm32f4xx_hal_msp.c ****   *      this list of conditions and the following disclaimer.
  19:Src/stm32f4xx_hal_msp.c ****   *   2. Redistributions in binary form must reproduce the above copyright notice,
  20:Src/stm32f4xx_hal_msp.c ****   *      this list of conditions and the following disclaimer in the documentation
  21:Src/stm32f4xx_hal_msp.c ****   *      and/or other materials provided with the distribution.
  22:Src/stm32f4xx_hal_msp.c ****   *   3. Neither the name of STMicroelectronics nor the names of its contributors
  23:Src/stm32f4xx_hal_msp.c ****   *      may be used to endorse or promote products derived from this software
  24:Src/stm32f4xx_hal_msp.c ****   *      without specific prior written permission.
  25:Src/stm32f4xx_hal_msp.c ****   *
  26:Src/stm32f4xx_hal_msp.c ****   * THIS SOFTWARE IS PROVIDED BY THE COPYRIGHT HOLDERS AND CONTRIBUTORS "AS IS"
  27:Src/stm32f4xx_hal_msp.c ****   * AND ANY EXPRESS OR IMPLIED WARRANTIES, INCLUDING, BUT NOT LIMITED TO, THE
  28:Src/stm32f4xx_hal_msp.c ****   * IMPLIED WARRANTIES OF MERCHANTABILITY AND FITNESS FOR A PARTICULAR PURPOSE ARE
  29:Src/stm32f4xx_hal_msp.c ****   * DISCLAIMED. IN NO EVENT SHALL THE COPYRIGHT HOLDER OR CONTRIBUTORS BE LIABLE
  30:Src/stm32f4xx_hal_msp.c ****   * FOR ANY DIRECT, INDIRECT, INCIDENTAL, SPECIAL, EXEMPLARY, OR CONSEQUENTIAL
ARM GAS  /var/folders/gg/1prykzgd72385vwcgrq9wzdr0000gn/T//cc8q6fqn.s 			page 2


  31:Src/stm32f4xx_hal_msp.c ****   * DAMAGES (INCLUDING, BUT NOT LIMITED TO, PROCUREMENT OF SUBSTITUTE GOODS OR
  32:Src/stm32f4xx_hal_msp.c ****   * SERVICES; LOSS OF USE, DATA, OR PROFITS; OR BUSINESS INTERRUPTION) HOWEVER
  33:Src/stm32f4xx_hal_msp.c ****   * CAUSED AND ON ANY THEORY OF LIABILITY, WHETHER IN CONTRACT, STRICT LIABILITY,
  34:Src/stm32f4xx_hal_msp.c ****   * OR TORT (INCLUDING NEGLIGENCE OR OTHERWISE) ARISING IN ANY WAY OUT OF THE USE
  35:Src/stm32f4xx_hal_msp.c ****   * OF THIS SOFTWARE, EVEN IF ADVISED OF THE POSSIBILITY OF SUCH DAMAGE.
  36:Src/stm32f4xx_hal_msp.c ****   *
  37:Src/stm32f4xx_hal_msp.c ****   ******************************************************************************
  38:Src/stm32f4xx_hal_msp.c ****   */
  39:Src/stm32f4xx_hal_msp.c **** /* Includes ------------------------------------------------------------------*/
  40:Src/stm32f4xx_hal_msp.c **** #include "stm32f4xx_hal.h"
  41:Src/stm32f4xx_hal_msp.c **** 
  42:Src/stm32f4xx_hal_msp.c **** extern void _Error_Handler(char *, int);
  43:Src/stm32f4xx_hal_msp.c **** /* USER CODE BEGIN 0 */
  44:Src/stm32f4xx_hal_msp.c **** 
  45:Src/stm32f4xx_hal_msp.c **** /* USER CODE END 0 */
  46:Src/stm32f4xx_hal_msp.c **** /**
  47:Src/stm32f4xx_hal_msp.c ****   * Initializes the Global MSP.
  48:Src/stm32f4xx_hal_msp.c ****   */
  49:Src/stm32f4xx_hal_msp.c **** void HAL_MspInit(void)
  50:Src/stm32f4xx_hal_msp.c **** {
  29              		.loc 1 50 0
  30              		.cfi_startproc
  31              		@ args = 0, pretend = 0, frame = 0
  32              		@ frame_needed = 0, uses_anonymous_args = 0
  33 0000 08B5     		push	{r3, lr}
  34              	.LCFI0:
  35              		.cfi_def_cfa_offset 8
  36              		.cfi_offset 3, -8
  37              		.cfi_offset 14, -4
  51:Src/stm32f4xx_hal_msp.c ****   /* USER CODE BEGIN MspInit 0 */
  52:Src/stm32f4xx_hal_msp.c **** 
  53:Src/stm32f4xx_hal_msp.c ****   /* USER CODE END MspInit 0 */
  54:Src/stm32f4xx_hal_msp.c **** 
  55:Src/stm32f4xx_hal_msp.c ****   HAL_NVIC_SetPriorityGrouping(NVIC_PRIORITYGROUP_0);
  38              		.loc 1 55 0
  39 0002 0720     		movs	r0, #7
  40 0004 FFF7FEFF 		bl	HAL_NVIC_SetPriorityGrouping
  41              	.LVL0:
  56:Src/stm32f4xx_hal_msp.c **** 
  57:Src/stm32f4xx_hal_msp.c ****   /* System interrupt init*/
  58:Src/stm32f4xx_hal_msp.c ****   /* MemoryManagement_IRQn interrupt configuration */
  59:Src/stm32f4xx_hal_msp.c ****   HAL_NVIC_SetPriority(MemoryManagement_IRQn, 0, 0);
  42              		.loc 1 59 0
  43 0008 6FF00B00 		mvn	r0, #11
  44 000c 0021     		movs	r1, #0
  45 000e 0A46     		mov	r2, r1
  46 0010 FFF7FEFF 		bl	HAL_NVIC_SetPriority
  47              	.LVL1:
  60:Src/stm32f4xx_hal_msp.c ****   /* BusFault_IRQn interrupt configuration */
  61:Src/stm32f4xx_hal_msp.c ****   HAL_NVIC_SetPriority(BusFault_IRQn, 0, 0);
  48              		.loc 1 61 0
  49 0014 6FF00A00 		mvn	r0, #10
  50 0018 0021     		movs	r1, #0
  51 001a 0A46     		mov	r2, r1
  52 001c FFF7FEFF 		bl	HAL_NVIC_SetPriority
  53              	.LVL2:
  62:Src/stm32f4xx_hal_msp.c ****   /* UsageFault_IRQn interrupt configuration */
ARM GAS  /var/folders/gg/1prykzgd72385vwcgrq9wzdr0000gn/T//cc8q6fqn.s 			page 3


  63:Src/stm32f4xx_hal_msp.c ****   HAL_NVIC_SetPriority(UsageFault_IRQn, 0, 0);
  54              		.loc 1 63 0
  55 0020 6FF00900 		mvn	r0, #9
  56 0024 0021     		movs	r1, #0
  57 0026 0A46     		mov	r2, r1
  58 0028 FFF7FEFF 		bl	HAL_NVIC_SetPriority
  59              	.LVL3:
  64:Src/stm32f4xx_hal_msp.c ****   /* SVCall_IRQn interrupt configuration */
  65:Src/stm32f4xx_hal_msp.c ****   HAL_NVIC_SetPriority(SVCall_IRQn, 0, 0);
  60              		.loc 1 65 0
  61 002c 6FF00400 		mvn	r0, #4
  62 0030 0021     		movs	r1, #0
  63 0032 0A46     		mov	r2, r1
  64 0034 FFF7FEFF 		bl	HAL_NVIC_SetPriority
  65              	.LVL4:
  66:Src/stm32f4xx_hal_msp.c ****   /* DebugMonitor_IRQn interrupt configuration */
  67:Src/stm32f4xx_hal_msp.c ****   HAL_NVIC_SetPriority(DebugMonitor_IRQn, 0, 0);
  66              		.loc 1 67 0
  67 0038 6FF00300 		mvn	r0, #3
  68 003c 0021     		movs	r1, #0
  69 003e 0A46     		mov	r2, r1
  70 0040 FFF7FEFF 		bl	HAL_NVIC_SetPriority
  71              	.LVL5:
  68:Src/stm32f4xx_hal_msp.c ****   /* PendSV_IRQn interrupt configuration */
  69:Src/stm32f4xx_hal_msp.c ****   HAL_NVIC_SetPriority(PendSV_IRQn, 0, 0);
  72              		.loc 1 69 0
  73 0044 6FF00100 		mvn	r0, #1
  74 0048 0021     		movs	r1, #0
  75 004a 0A46     		mov	r2, r1
  76 004c FFF7FEFF 		bl	HAL_NVIC_SetPriority
  77              	.LVL6:
  70:Src/stm32f4xx_hal_msp.c ****   /* SysTick_IRQn interrupt configuration */
  71:Src/stm32f4xx_hal_msp.c ****   HAL_NVIC_SetPriority(SysTick_IRQn, 0, 0);
  78              		.loc 1 71 0
  79 0050 4FF0FF30 		mov	r0, #-1
  80 0054 0021     		movs	r1, #0
  81 0056 0A46     		mov	r2, r1
  82 0058 FFF7FEFF 		bl	HAL_NVIC_SetPriority
  83              	.LVL7:
  84 005c 08BD     		pop	{r3, pc}
  85              		.cfi_endproc
  86              	.LFE123:
  88 005e 00BF     		.text
  89              	.Letext0:
  90              		.file 2 "Drivers/CMSIS/Device/ST/STM32F4xx/Include/stm32f446xx.h"
  91              		.file 3 "/Users/justinng/Documents/Github/roborodentia2017/arm/arm-none-eabi/include/machine/_defa
  92              		.file 4 "/Users/justinng/Documents/Github/roborodentia2017/arm/arm-none-eabi/include/stdint.h"
  93              		.file 5 "Drivers/CMSIS/Include/core_cm4.h"
  94              		.file 6 "Drivers/STM32F4xx_HAL_Driver/Inc/stm32f4xx_hal_cortex.h"
ARM GAS  /var/folders/gg/1prykzgd72385vwcgrq9wzdr0000gn/T//cc8q6fqn.s 			page 4


DEFINED SYMBOLS
                            *ABS*:0000000000000000 stm32f4xx_hal_msp.c
/var/folders/gg/1prykzgd72385vwcgrq9wzdr0000gn/T//cc8q6fqn.s:21     .text.HAL_MspInit:0000000000000000 $t
/var/folders/gg/1prykzgd72385vwcgrq9wzdr0000gn/T//cc8q6fqn.s:26     .text.HAL_MspInit:0000000000000000 HAL_MspInit
                     .debug_frame:0000000000000010 $d

UNDEFINED SYMBOLS
HAL_NVIC_SetPriorityGrouping
HAL_NVIC_SetPriority
