This file contains any messages produced by compilers while
running configure, to aid debugging if configure makes a mistake.

It was created by newlib configure 2.4.0, which was
generated by GNU Autoconf 2.68.  Invocation command line was

  $ ../../../../../../../newlib-cygwin/newlib/libc/machine/configure --disable-option-checking --prefix=/usr/local --with-multisubdir=armv7e-m/fpu --with-multisrctop= --with-newlib --with-cross-host=x86_64-apple-darwin15.6.0 --with-cpu=cortex-m4 --with-fpu=fpv4-sp-d16 --with-float=hard --with-mode=thumb --enable-interwork --enable-multilib --with-gnu-as --with-gnu-ld --disable-nls --disable-newlib-supplied-syscalls --program-transform-name=s&^&arm-none-eabi-& --with-target-subdir=arm-none-eabi --build=x86_64-apple-darwin15.6.0 --host=arm-none-eabi --target=arm-none-eabi build_alias=x86_64-apple-darwin15.6.0 host_alias=arm-none-eabi target_alias=arm-none-eabi CC=arm-none-eabi-gcc -B/Users/justinng/Documents/Github/roborodentia2017/firmware/newlib_arm-none-eabi/arm-none-eabi/newlib/ -isystem /Users/justinng/Documents/Github/roborodentia2017/firmware/newlib_arm-none-eabi/arm-none-eabi/newlib/targ-include -isystem /Users/justinng/Documents/Github/roborodentia2017/firmware/newlib-cygwin/newlib/libc/include -B/Users/justinng/Documents/Github/roborodentia2017/firmware/newlib_arm-none-eabi/arm-none-eabi/libgloss/arm -L/Users/justinng/Documents/Github/roborodentia2017/firmware/newlib_arm-none-eabi/arm-none-eabi/libgloss/libnosys -L/Users/justinng/Documents/Github/roborodentia2017/firmware/newlib-cygwin/libgloss/arm    CFLAGS=-g -O2 LDFLAGS= CPPFLAGS= CC=arm-none-eabi-gcc -B/Users/justinng/Documents/Github/roborodentia2017/firmware/newlib_arm-none-eabi/arm-none-eabi/armv7e-m/fpu/newlib/ -isystem /Users/justinng/Documents/Github/roborodentia2017/firmware/newlib_arm-none-eabi/arm-none-eabi/armv7e-m/fpu/newlib/targ-include -isystem /Users/justinng/Documents/Github/roborodentia2017/firmware/newlib-cygwin/newlib/libc/include -B/Users/justinng/Documents/Github/roborodentia2017/firmware/newlib_arm-none-eabi/arm-none-eabi/armv7e-m/fpu/libgloss/arm -L/Users/justinng/Documents/Github/roborodentia2017/firmware/newlib_arm-none-eabi/arm-none-eabi/armv7e-m/fpu/libgloss/libnosys -L/Users/justinng/Documents/Github/roborodentia2017/firmware/newlib-cygwin/libgloss/arm  -mthumb -march=armv7e-m -mfloat-abi=hard -mfpu=fpv4-sp-d16 CXX=arm-none-eabi-c++ -B/Users/justinng/Documents/Github/roborodentia2017/firmware/newlib_arm-none-eabi/arm-none-eabi/armv7e-m/fpu/newlib/ -isystem /Users/justinng/Documents/Github/roborodentia2017/firmware/newlib_arm-none-eabi/arm-none-eabi/armv7e-m/fpu/newlib/targ-include -isystem /Users/justinng/Documents/Github/roborodentia2017/firmware/newlib-cygwin/newlib/libc/include -B/Users/justinng/Documents/Github/roborodentia2017/firmware/newlib_arm-none-eabi/arm-none-eabi/armv7e-m/fpu/libgloss/arm -L/Users/justinng/Documents/Github/roborodentia2017/firmware/newlib_arm-none-eabi/arm-none-eabi/armv7e-m/fpu/libgloss/libnosys -L/Users/justinng/Documents/Github/roborodentia2017/firmware/newlib-cygwin/libgloss/arm  -mthumb -march=armv7e-m -mfloat-abi=hard -mfpu=fpv4-sp-d16 F77= -mthumb -march=armv7e-m -mfloat-abi=hard -mfpu=fpv4-sp-d16 GCJ=arm-none-eabi-gcj -B/Users/justinng/Documents/Github/roborodentia2017/firmware/newlib_arm-none-eabi/arm-none-eabi/armv7e-m/fpu/newlib/ -isystem /Users/justinng/Documents/Github/roborodentia2017/firmware/newlib_arm-none-eabi/arm-none-eabi/armv7e-m/fpu/newlib/targ-include -isystem /Users/justinng/Documents/Github/roborodentia2017/firmware/newlib-cygwin/newlib/libc/include -B/Users/justinng/Documents/Github/roborodentia2017/firmware/newlib_arm-none-eabi/arm-none-eabi/armv7e-m/fpu/libgloss/arm -L/Users/justinng/Documents/Github/roborodentia2017/firmware/newlib_arm-none-eabi/arm-none-eabi/armv7e-m/fpu/libgloss/libnosys -L/Users/justinng/Documents/Github/roborodentia2017/firmware/newlib-cygwin/libgloss/arm  -mthumb -march=armv7e-m -mfloat-abi=hard -mfpu=fpv4-sp-d16 GFORTRAN=arm-none-eabi-gfortran -B/Users/justinng/Documents/Github/roborodentia2017/firmware/newlib_arm-none-eabi/arm-none-eabi/armv7e-m/fpu/newlib/ -isystem /Users/justinng/Documents/Github/roborodentia2017/firmware/newlib_arm-none-eabi/arm-none-eabi/armv7e-m/fpu/newlib/targ-include -isystem /Users/justinng/Documents/Github/roborodentia2017/firmware/newlib-cygwin/newlib/libc/include -B/Users/justinng/Documents/Github/roborodentia2017/firmware/newlib_arm-none-eabi/arm-none-eabi/armv7e-m/fpu/libgloss/arm -L/Users/justinng/Documents/Github/roborodentia2017/firmware/newlib_arm-none-eabi/arm-none-eabi/armv7e-m/fpu/libgloss/libnosys -L/Users/justinng/Documents/Github/roborodentia2017/firmware/newlib-cygwin/libgloss/arm  -mthumb -march=armv7e-m -mfloat-abi=hard -mfpu=fpv4-sp-d16 GOC=arm-none-eabi-gccgo -B/Users/justinng/Documents/Github/roborodentia2017/firmware/newlib_arm-none-eabi/arm-none-eabi/armv7e-m/fpu/newlib/ -isystem /Users/justinng/Documents/Github/roborodentia2017/firmware/newlib_arm-none-eabi/arm-none-eabi/armv7e-m/fpu/newlib/targ-include -isystem /Users/justinng/Documents/Github/roborodentia2017/firmware/newlib-cygwin/newlib/libc/include -B/Users/justinng/Documents/Github/roborodentia2017/firmware/newlib_arm-none-eabi/arm-none-eabi/armv7e-m/fpu/libgloss/arm -L/Users/justinng/Documents/Github/roborodentia2017/firmware/newlib_arm-none-eabi/arm-none-eabi/armv7e-m/fpu/libgloss/libnosys -L/Users/justinng/Documents/Github/roborodentia2017/firmware/newlib-cygwin/libgloss/arm  -mthumb -march=armv7e-m -mfloat-abi=hard -mfpu=fpv4-sp-d16 --cache-file=../.././config.cache --srcdir=../../../../../../../newlib-cygwin/newlib/libc/machine

## --------- ##
## Platform. ##
## --------- ##

hostname = Justins-MacBook-Pro.local
uname -m = x86_64
uname -r = 15.6.0
uname -s = Darwin
uname -v = Darwin Kernel Version 15.6.0: Wed Nov  2 20:30:56 PDT 2016; root:xnu-3248.60.11.1.2~2/RELEASE_X86_64

/usr/bin/uname -p = i386
/bin/uname -X     = unknown

/bin/arch              = unknown
/usr/bin/arch -k       = unknown
/usr/convex/getsysinfo = unknown
/usr/bin/hostinfo      = Mach kernel version:
	 Darwin Kernel Version 15.6.0: Wed Nov  2 20:30:56 PDT 2016; root:xnu-3248.60.11.1.2~2/RELEASE_X86_64
Kernel configured for up to 4 processors.
2 processors are physically available.
4 processors are logically available.
Processor type: x86_64h (Intel x86-64h Haswell)
Processors active: 0 1 2 3
Primary memory available: 8.00 gigabytes
Default processor set: 261 tasks, 1118 threads, 4 processors
Load average: 2.13, Mach factor: 1.86
/bin/machine           = unknown
/usr/bin/oslevel       = unknown
/bin/universe          = unknown

PATH: /usr/local/bin
PATH: /usr/local/bin
PATH: /usr/bin
PATH: /bin
PATH: /usr/sbin
PATH: /sbin


## ----------- ##
## Core tests. ##
## ----------- ##

configure:2108: loading cache ../.././config.cache
configure:2226: checking build system type
configure:2240: result: x86_64-apple-darwin15.6.0
configure:2260: checking host system type
configure:2273: result: arm-none-eabi
configure:2309: checking for a BSD-compatible install
configure:2377: result: /usr/local/bin/ginstall -c
configure:2388: checking whether build environment is sane
configure:2438: result: yes
configure:2487: checking for arm-none-eabi-strip
configure:2514: result: arm-none-eabi-strip
configure:2579: checking for a thread-safe mkdir -p
configure:2618: result: /usr/local/bin/gmkdir -p
configure:2631: checking for gawk
configure:2658: result: awk
configure:2669: checking whether /Library/Developer/CommandLineTools/usr/bin/make sets $(MAKE)
configure:2691: result: yes
configure:2721: checking for style of include used by /Library/Developer/CommandLineTools/usr/bin/make
configure:2749: result: GNU
configure:2959: checking for gcc
configure:2986: result: arm-none-eabi-gcc -B/Users/justinng/Documents/Github/roborodentia2017/firmware/newlib_arm-none-eabi/arm-none-eabi/armv7e-m/fpu/newlib/ -isystem /Users/justinng/Documents/Github/roborodentia2017/firmware/newlib_arm-none-eabi/arm-none-eabi/armv7e-m/fpu/newlib/targ-include -isystem /Users/justinng/Documents/Github/roborodentia2017/firmware/newlib-cygwin/newlib/libc/include -B/Users/justinng/Documents/Github/roborodentia2017/firmware/newlib_arm-none-eabi/arm-none-eabi/armv7e-m/fpu/libgloss/arm -L/Users/justinng/Documents/Github/roborodentia2017/firmware/newlib_arm-none-eabi/arm-none-eabi/armv7e-m/fpu/libgloss/libnosys -L/Users/justinng/Documents/Github/roborodentia2017/firmware/newlib-cygwin/libgloss/arm  -mthumb -march=armv7e-m -mfloat-abi=hard -mfpu=fpv4-sp-d16
configure:2997: checking dependency style of arm-none-eabi-gcc -B/Users/justinng/Documents/Github/roborodentia2017/firmware/newlib_arm-none-eabi/arm-none-eabi/armv7e-m/fpu/newlib/ -isystem /Users/justinng/Documents/Github/roborodentia2017/firmware/newlib_arm-none-eabi/arm-none-eabi/armv7e-m/fpu/newlib/targ-include -isystem /Users/justinng/Documents/Github/roborodentia2017/firmware/newlib-cygwin/newlib/libc/include -B/Users/justinng/Documents/Github/roborodentia2017/firmware/newlib_arm-none-eabi/arm-none-eabi/armv7e-m/fpu/libgloss/arm -L/Users/justinng/Documents/Github/roborodentia2017/firmware/newlib_arm-none-eabi/arm-none-eabi/armv7e-m/fpu/libgloss/libnosys -L/Users/justinng/Documents/Github/roborodentia2017/firmware/newlib-cygwin/libgloss/arm  -mthumb -march=armv7e-m -mfloat-abi=hard -mfpu=fpv4-sp-d16
configure:3108: result: gcc3
configure:3181: checking whether we are using GNU C
configure:3202: result: yes
configure:3211: checking whether arm-none-eabi-gcc -B/Users/justinng/Documents/Github/roborodentia2017/firmware/newlib_arm-none-eabi/arm-none-eabi/armv7e-m/fpu/newlib/ -isystem /Users/justinng/Documents/Github/roborodentia2017/firmware/newlib_arm-none-eabi/arm-none-eabi/armv7e-m/fpu/newlib/targ-include -isystem /Users/justinng/Documents/Github/roborodentia2017/firmware/newlib-cygwin/newlib/libc/include -B/Users/justinng/Documents/Github/roborodentia2017/firmware/newlib_arm-none-eabi/arm-none-eabi/armv7e-m/fpu/libgloss/arm -L/Users/justinng/Documents/Github/roborodentia2017/firmware/newlib_arm-none-eabi/arm-none-eabi/armv7e-m/fpu/libgloss/libnosys -L/Users/justinng/Documents/Github/roborodentia2017/firmware/newlib-cygwin/libgloss/arm  -mthumb -march=armv7e-m -mfloat-abi=hard -mfpu=fpv4-sp-d16 accepts -g
configure:3272: result: no
configure:3305: checking for arm-none-eabi-as
configure:3332: result: arm-none-eabi-as
configure:3397: checking for arm-none-eabi-ar
configure:3424: result: arm-none-eabi-ar
configure:3489: checking for arm-none-eabi-ranlib
configure:3516: result: arm-none-eabi-ranlib
configure:3581: checking for arm-none-eabi-readelf
configure:3608: result: arm-none-eabi-readelf
configure:3677: checking whether to enable maintainer-specific portions of Makefiles
configure:3686: result: no
configure:3796: checking for a sed that does not truncate output
configure:3860: result: /usr/bin/sed
configure:3882: checking how to print strings
configure:3909: result: printf
configure:12162: creating ./config.status

## ---------------------- ##
## Running config.status. ##
## ---------------------- ##

This file was extended by newlib config.status 2.4.0, which was
generated by GNU Autoconf 2.68.  Invocation command line was

  CONFIG_FILES    = 
  CONFIG_HEADERS  = 
  CONFIG_LINKS    = 
  CONFIG_COMMANDS = 
  $ ./config.status 

on Justins-MacBook-Pro.local

config.status:1039: creating Makefile
config.status:1196: executing depfiles commands
configure:14281: === configuring in arm (/Users/justinng/Documents/Github/roborodentia2017/firmware/newlib_arm-none-eabi/arm-none-eabi/armv7e-m/fpu/newlib/libc/machine/arm)
configure:14344: running /bin/sh ../../../../../../../../newlib-cygwin/newlib/libc/machine/arm/configure --disable-option-checking '--prefix=/usr/local'  '--with-multisubdir=armv7e-m/fpu' '--with-multisrctop=' '--with-newlib' '--with-cross-host=x86_64-apple-darwin15.6.0' '--with-cpu=cortex-m4' '--with-fpu=fpv4-sp-d16' '--with-float=hard' '--with-mode=thumb' '--enable-interwork' '--enable-multilib' '--with-gnu-as' '--with-gnu-ld' '--disable-nls' '--disable-newlib-supplied-syscalls' '--program-transform-name=s&^&arm-none-eabi-&' '--with-target-subdir=arm-none-eabi' '--build=x86_64-apple-darwin15.6.0' '--host=arm-none-eabi' '--target=arm-none-eabi' 'build_alias=x86_64-apple-darwin15.6.0' 'host_alias=arm-none-eabi' 'target_alias=arm-none-eabi' 'CC=arm-none-eabi-gcc -B/Users/justinng/Documents/Github/roborodentia2017/firmware/newlib_arm-none-eabi/arm-none-eabi/newlib/ -isystem /Users/justinng/Documents/Github/roborodentia2017/firmware/newlib_arm-none-eabi/arm-none-eabi/newlib/targ-include -isystem /Users/justinng/Documents/Github/roborodentia2017/firmware/newlib-cygwin/newlib/libc/include -B/Users/justinng/Documents/Github/roborodentia2017/firmware/newlib_arm-none-eabi/arm-none-eabi/libgloss/arm -L/Users/justinng/Documents/Github/roborodentia2017/firmware/newlib_arm-none-eabi/arm-none-eabi/libgloss/libnosys -L/Users/justinng/Documents/Github/roborodentia2017/firmware/newlib-cygwin/libgloss/arm   ' 'CFLAGS=-g -O2' 'LDFLAGS=' 'CPPFLAGS=' 'CC=arm-none-eabi-gcc -B/Users/justinng/Documents/Github/roborodentia2017/firmware/newlib_arm-none-eabi/arm-none-eabi/armv7e-m/fpu/newlib/ -isystem /Users/justinng/Documents/Github/roborodentia2017/firmware/newlib_arm-none-eabi/arm-none-eabi/armv7e-m/fpu/newlib/targ-include -isystem /Users/justinng/Documents/Github/roborodentia2017/firmware/newlib-cygwin/newlib/libc/include -B/Users/justinng/Documents/Github/roborodentia2017/firmware/newlib_arm-none-eabi/arm-none-eabi/armv7e-m/fpu/libgloss/arm -L/Users/justinng/Documents/Github/roborodentia2017/firmware/newlib_arm-none-eabi/arm-none-eabi/armv7e-m/fpu/libgloss/libnosys -L/Users/justinng/Documents/Github/roborodentia2017/firmware/newlib-cygwin/libgloss/arm  -mthumb -march=armv7e-m -mfloat-abi=hard -mfpu=fpv4-sp-d16' 'CXX=arm-none-eabi-c++ -B/Users/justinng/Documents/Github/roborodentia2017/firmware/newlib_arm-none-eabi/arm-none-eabi/armv7e-m/fpu/newlib/ -isystem /Users/justinng/Documents/Github/roborodentia2017/firmware/newlib_arm-none-eabi/arm-none-eabi/armv7e-m/fpu/newlib/targ-include -isystem /Users/justinng/Documents/Github/roborodentia2017/firmware/newlib-cygwin/newlib/libc/include -B/Users/justinng/Documents/Github/roborodentia2017/firmware/newlib_arm-none-eabi/arm-none-eabi/armv7e-m/fpu/libgloss/arm -L/Users/justinng/Documents/Github/roborodentia2017/firmware/newlib_arm-none-eabi/arm-none-eabi/armv7e-m/fpu/libgloss/libnosys -L/Users/justinng/Documents/Github/roborodentia2017/firmware/newlib-cygwin/libgloss/arm  -mthumb -march=armv7e-m -mfloat-abi=hard -mfpu=fpv4-sp-d16' 'F77= -mthumb -march=armv7e-m -mfloat-abi=hard -mfpu=fpv4-sp-d16' 'GCJ=arm-none-eabi-gcj -B/Users/justinng/Documents/Github/roborodentia2017/firmware/newlib_arm-none-eabi/arm-none-eabi/armv7e-m/fpu/newlib/ -isystem /Users/justinng/Documents/Github/roborodentia2017/firmware/newlib_arm-none-eabi/arm-none-eabi/armv7e-m/fpu/newlib/targ-include -isystem /Users/justinng/Documents/Github/roborodentia2017/firmware/newlib-cygwin/newlib/libc/include -B/Users/justinng/Documents/Github/roborodentia2017/firmware/newlib_arm-none-eabi/arm-none-eabi/armv7e-m/fpu/libgloss/arm -L/Users/justinng/Documents/Github/roborodentia2017/firmware/newlib_arm-none-eabi/arm-none-eabi/armv7e-m/fpu/libgloss/libnosys -L/Users/justinng/Documents/Github/roborodentia2017/firmware/newlib-cygwin/libgloss/arm  -mthumb -march=armv7e-m -mfloat-abi=hard -mfpu=fpv4-sp-d16' 'GFORTRAN=arm-none-eabi-gfortran -B/Users/justinng/Documents/Github/roborodentia2017/firmware/newlib_arm-none-eabi/arm-none-eabi/armv7e-m/fpu/newlib/ -isystem /Users/justinng/Documents/Github/roborodentia2017/firmware/newlib_arm-none-eabi/arm-none-eabi/armv7e-m/fpu/newlib/targ-include -isystem /Users/justinng/Documents/Github/roborodentia2017/firmware/newlib-cygwin/newlib/libc/include -B/Users/justinng/Documents/Github/roborodentia2017/firmware/newlib_arm-none-eabi/arm-none-eabi/armv7e-m/fpu/libgloss/arm -L/Users/justinng/Documents/Github/roborodentia2017/firmware/newlib_arm-none-eabi/arm-none-eabi/armv7e-m/fpu/libgloss/libnosys -L/Users/justinng/Documents/Github/roborodentia2017/firmware/newlib-cygwin/libgloss/arm  -mthumb -march=armv7e-m -mfloat-abi=hard -mfpu=fpv4-sp-d16' 'GOC=arm-none-eabi-gccgo -B/Users/justinng/Documents/Github/roborodentia2017/firmware/newlib_arm-none-eabi/arm-none-eabi/armv7e-m/fpu/newlib/ -isystem /Users/justinng/Documents/Github/roborodentia2017/firmware/newlib_arm-none-eabi/arm-none-eabi/armv7e-m/fpu/newlib/targ-include -isystem /Users/justinng/Documents/Github/roborodentia2017/firmware/newlib-cygwin/newlib/libc/include -B/Users/justinng/Documents/Github/roborodentia2017/firmware/newlib_arm-none-eabi/arm-none-eabi/armv7e-m/fpu/libgloss/arm -L/Users/justinng/Documents/Github/roborodentia2017/firmware/newlib_arm-none-eabi/arm-none-eabi/armv7e-m/fpu/libgloss/libnosys -L/Users/justinng/Documents/Github/roborodentia2017/firmware/newlib-cygwin/libgloss/arm  -mthumb -march=armv7e-m -mfloat-abi=hard -mfpu=fpv4-sp-d16' --cache-file=../../.././config.cache --srcdir=../../../../../../../../newlib-cygwin/newlib/libc/machine/arm

## ---------------- ##
## Cache variables. ##
## ---------------- ##

ac_cv_build=x86_64-apple-darwin15.6.0
ac_cv_c_compiler_gnu=yes
ac_cv_env_CCASFLAGS_set=
ac_cv_env_CCASFLAGS_value=
ac_cv_env_CCAS_set=
ac_cv_env_CCAS_value=
ac_cv_env_CC_set=set
ac_cv_env_CC_value='arm-none-eabi-gcc -B/Users/justinng/Documents/Github/roborodentia2017/firmware/newlib_arm-none-eabi/arm-none-eabi/armv7e-m/fpu/newlib/ -isystem /Users/justinng/Documents/Github/roborodentia2017/firmware/newlib_arm-none-eabi/arm-none-eabi/armv7e-m/fpu/newlib/targ-include -isystem /Users/justinng/Documents/Github/roborodentia2017/firmware/newlib-cygwin/newlib/libc/include -B/Users/justinng/Documents/Github/roborodentia2017/firmware/newlib_arm-none-eabi/arm-none-eabi/armv7e-m/fpu/libgloss/arm -L/Users/justinng/Documents/Github/roborodentia2017/firmware/newlib_arm-none-eabi/arm-none-eabi/armv7e-m/fpu/libgloss/libnosys -L/Users/justinng/Documents/Github/roborodentia2017/firmware/newlib-cygwin/libgloss/arm  -mthumb -march=armv7e-m -mfloat-abi=hard -mfpu=fpv4-sp-d16'
ac_cv_env_CFLAGS_set=set
ac_cv_env_CFLAGS_value='-g -O2'
ac_cv_env_CPPFLAGS_set=set
ac_cv_env_CPPFLAGS_value=
ac_cv_env_CPP_set=
ac_cv_env_CPP_value=
ac_cv_env_LDFLAGS_set=set
ac_cv_env_LDFLAGS_value=
ac_cv_env_LIBS_set=
ac_cv_env_LIBS_value=
ac_cv_env_build_alias_set=set
ac_cv_env_build_alias_value=x86_64-apple-darwin15.6.0
ac_cv_env_host_alias_set=set
ac_cv_env_host_alias_value=arm-none-eabi
ac_cv_env_target_alias_set=set
ac_cv_env_target_alias_value=arm-none-eabi
ac_cv_host=arm-none-eabi
ac_cv_path_SED=/usr/bin/sed
ac_cv_path_mkdir=/usr/local/bin/gmkdir
ac_cv_prog_AR=arm-none-eabi-ar
ac_cv_prog_AS=arm-none-eabi-as
ac_cv_prog_AWK=awk
ac_cv_prog_CC='arm-none-eabi-gcc -B/Users/justinng/Documents/Github/roborodentia2017/firmware/newlib_arm-none-eabi/arm-none-eabi/armv7e-m/fpu/newlib/ -isystem /Users/justinng/Documents/Github/roborodentia2017/firmware/newlib_arm-none-eabi/arm-none-eabi/armv7e-m/fpu/newlib/targ-include -isystem /Users/justinng/Documents/Github/roborodentia2017/firmware/newlib-cygwin/newlib/libc/include -B/Users/justinng/Documents/Github/roborodentia2017/firmware/newlib_arm-none-eabi/arm-none-eabi/armv7e-m/fpu/libgloss/arm -L/Users/justinng/Documents/Github/roborodentia2017/firmware/newlib_arm-none-eabi/arm-none-eabi/armv7e-m/fpu/libgloss/libnosys -L/Users/justinng/Documents/Github/roborodentia2017/firmware/newlib-cygwin/libgloss/arm  -mthumb -march=armv7e-m -mfloat-abi=hard -mfpu=fpv4-sp-d16'
ac_cv_prog_RANLIB=arm-none-eabi-ranlib
ac_cv_prog_READELF=arm-none-eabi-readelf
ac_cv_prog_STRIP=arm-none-eabi-strip
ac_cv_prog_cc_g=no
ac_cv_prog_make__Library_Developer_CommandLineTools_usr_bin_make_set=yes
acnewlib_cv_type_long_double=yes
am_cv_CC_dependencies_compiler_type=gcc3
libc_cv_cc_loop_to_function=yes
libc_cv_initfinit_array=yes
newlib_cv_ldbl_eq_dbl=yes

## ----------------- ##
## Output variables. ##
## ----------------- ##

ACLOCAL='${SHELL} /Users/justinng/Documents/Github/roborodentia2017/firmware/newlib-cygwin/missing --run aclocal-1.11'
AMDEPBACKSLASH='\'
AMDEP_FALSE='#'
AMDEP_TRUE=''
AMTAR='$${TAR-tar}'
AR='arm-none-eabi-ar'
AS='arm-none-eabi-as'
AUTOCONF='${SHELL} /Users/justinng/Documents/Github/roborodentia2017/firmware/newlib-cygwin/missing --run autoconf'
AUTOHEADER='${SHELL} /Users/justinng/Documents/Github/roborodentia2017/firmware/newlib-cygwin/missing --run autoheader'
AUTOMAKE='${SHELL} /Users/justinng/Documents/Github/roborodentia2017/firmware/newlib-cygwin/missing --run automake-1.11'
AWK='awk'
CC='arm-none-eabi-gcc -B/Users/justinng/Documents/Github/roborodentia2017/firmware/newlib_arm-none-eabi/arm-none-eabi/armv7e-m/fpu/newlib/ -isystem /Users/justinng/Documents/Github/roborodentia2017/firmware/newlib_arm-none-eabi/arm-none-eabi/armv7e-m/fpu/newlib/targ-include -isystem /Users/justinng/Documents/Github/roborodentia2017/firmware/newlib-cygwin/newlib/libc/include -B/Users/justinng/Documents/Github/roborodentia2017/firmware/newlib_arm-none-eabi/arm-none-eabi/armv7e-m/fpu/libgloss/arm -L/Users/justinng/Documents/Github/roborodentia2017/firmware/newlib_arm-none-eabi/arm-none-eabi/armv7e-m/fpu/libgloss/libnosys -L/Users/justinng/Documents/Github/roborodentia2017/firmware/newlib-cygwin/libgloss/arm  -mthumb -march=armv7e-m -mfloat-abi=hard -mfpu=fpv4-sp-d16'
CCAS='arm-none-eabi-gcc -B/Users/justinng/Documents/Github/roborodentia2017/firmware/newlib_arm-none-eabi/arm-none-eabi/armv7e-m/fpu/newlib/ -isystem /Users/justinng/Documents/Github/roborodentia2017/firmware/newlib_arm-none-eabi/arm-none-eabi/armv7e-m/fpu/newlib/targ-include -isystem /Users/justinng/Documents/Github/roborodentia2017/firmware/newlib-cygwin/newlib/libc/include -B/Users/justinng/Documents/Github/roborodentia2017/firmware/newlib_arm-none-eabi/arm-none-eabi/armv7e-m/fpu/libgloss/arm -L/Users/justinng/Documents/Github/roborodentia2017/firmware/newlib_arm-none-eabi/arm-none-eabi/armv7e-m/fpu/libgloss/libnosys -L/Users/justinng/Documents/Github/roborodentia2017/firmware/newlib-cygwin/libgloss/arm  -mthumb -march=armv7e-m -mfloat-abi=hard -mfpu=fpv4-sp-d16'
CCASFLAGS='-g -O2'
CCDEPMODE='depmode=gcc3'
CFLAGS='-g -O2'
CPP=''
CPPFLAGS=''
CYGPATH_W='echo'
DEFS='-DPACKAGE_NAME=\"newlib\" -DPACKAGE_TARNAME=\"newlib\" -DPACKAGE_VERSION=\"2.4.0\" -DPACKAGE_STRING=\"newlib\ 2.4.0\" -DPACKAGE_BUGREPORT=\"\" -DPACKAGE_URL=\"\"'
DEPDIR='.deps'
DLLTOOL='arm-none-eabi-dlltool'
DSYMUTIL=''
DUMPBIN=''
ECHO_C='\c'
ECHO_N=''
ECHO_T=''
EGREP=''
ELIX_LEVEL_0_FALSE='#'
ELIX_LEVEL_0_TRUE=''
ELIX_LEVEL_1_FALSE=''
ELIX_LEVEL_1_TRUE='#'
ELIX_LEVEL_2_FALSE=''
ELIX_LEVEL_2_TRUE='#'
ELIX_LEVEL_3_FALSE=''
ELIX_LEVEL_3_TRUE='#'
ELIX_LEVEL_4_FALSE=''
ELIX_LEVEL_4_TRUE='#'
EXEEXT=''
FGREP=''
GREP=''
HAVE_MACHINE_DIR_FALSE='#'
HAVE_MACHINE_DIR_TRUE=''
INSTALL_DATA='/usr/local/bin/ginstall -c -m 644'
INSTALL_PROGRAM='/usr/local/bin/ginstall -c'
INSTALL_SCRIPT='/usr/local/bin/ginstall -c'
INSTALL_STRIP_PROGRAM='$(install_sh) -c -s'
LD='arm-none-eabi-ld'
LDFLAGS=''
LIBOBJS=''
LIBS=''
LIBTOOL=''
LIPO='arm-none-eabi-lipo'
LN_S=''
LTLIBOBJS=''
MAINT='#'
MAINTAINER_MODE_FALSE=''
MAINTAINER_MODE_TRUE='#'
MAKEINFO='makeinfo --split-size=5000000'
MAY_SUPPLY_SYSCALLS_FALSE=''
MAY_SUPPLY_SYSCALLS_TRUE='#'
MKDIR_P='/usr/local/bin/gmkdir -p'
NEWLIB_CFLAGS=' -D__NO_SYSCALLS__ -fno-builtin'
NM='arm-none-eabi-nm'
NMEDIT=''
NO_INCLUDE_LIST=' rpc/types.h rpc/xdr.h'
OBJDUMP='arm-none-eabi-objdump'
OBJEXT='o'
OTOOL64=''
OTOOL=''
PACKAGE='newlib'
PACKAGE_BUGREPORT=''
PACKAGE_NAME='newlib'
PACKAGE_STRING='newlib 2.4.0'
PACKAGE_TARNAME='newlib'
PACKAGE_URL=''
PACKAGE_VERSION='2.4.0'
PATH_SEPARATOR=':'
RANLIB='arm-none-eabi-ranlib'
READELF='arm-none-eabi-readelf'
SED='/usr/bin/sed'
SET_MAKE=''
SHELL='/bin/sh'
STRIP='arm-none-eabi-strip'
USE_LIBTOOL_FALSE=''
USE_LIBTOOL_TRUE='#'
VERSION='2.4.0'
ac_ct_CC=''
ac_ct_DUMPBIN=''
aext='a'
am__EXEEXT_FALSE=''
am__EXEEXT_TRUE='#'
am__fastdepCC_FALSE='#'
am__fastdepCC_TRUE=''
am__include='include'
am__isrc=' -I$(srcdir)'
am__leading_dot='.'
am__nodep='_no'
am__quote=''
am__tar='$${TAR-tar} chof - "$$tardir"'
am__untar='$${TAR-tar} xf -'
bindir='${exec_prefix}/bin'
build='x86_64-apple-darwin15.6.0'
build_alias='x86_64-apple-darwin15.6.0'
build_cpu='x86_64'
build_os='darwin15.6.0'
build_vendor='apple'
datadir='${datarootdir}'
datarootdir='${prefix}/share'
docdir='${datarootdir}/doc/${PACKAGE_TARNAME}'
dvidir='${docdir}'
exec_prefix='${prefix}'
host='arm-none-eabi'
host_alias='arm-none-eabi'
host_cpu='arm'
host_os='eabi'
host_vendor='none'
htmldir='${docdir}'
includedir='${prefix}/include'
infodir='${datarootdir}/info'
install_sh='${SHELL} /Users/justinng/Documents/Github/roborodentia2017/firmware/newlib-cygwin/install-sh'
libdir='${exec_prefix}/lib'
libexecdir='${exec_prefix}/libexec'
libm_machine_dir='arm'
localedir='${datarootdir}/locale'
localstatedir='${prefix}/var'
lpfx='lib_a-'
machine_dir='arm'
mandir='${datarootdir}/man'
mkdir_p='/usr/local/bin/gmkdir -p'
newlib_basedir='../../../../../../../newlib-cygwin/newlib/libc/machine/../..'
oext='o'
oldincludedir='/usr/include'
pdfdir='${docdir}'
prefix='/usr/local'
program_transform_name='s&^&arm-none-eabi-&'
psdir='${docdir}'
sbindir='${exec_prefix}/sbin'
sharedstatedir='${prefix}/com'
subdirs=' arm'
sys_dir='arm'
sysconfdir='${prefix}/etc'
target_alias='arm-none-eabi'

## ----------- ##
## confdefs.h. ##
## ----------- ##

/* confdefs.h */
#define PACKAGE_NAME "newlib"
#define PACKAGE_TARNAME "newlib"
#define PACKAGE_VERSION "2.4.0"
#define PACKAGE_STRING "newlib 2.4.0"
#define PACKAGE_BUGREPORT ""
#define PACKAGE_URL ""

configure: exit 0
