This file contains any messages produced by compilers while
running configure, to aid debugging if configure makes a mistake.

It was created by configure, which was
generated by GNU Autoconf 2.64.  Invocation command line was

  $ ../newlib-cygwin/configure --target=arm-none-eabi --with-cpu=cortex-m4 --with-fpu=fpv4-sp-d16 --with-float=hard --with-mode=thumb --enable-interwork --enable-multilib --with-gnu-as --with-gnu-ld --disable-nls --disable-newlib-supplied-syscalls

## --------- ##
## Platform. ##
## --------- ##

hostname = Justins-MacBook-Pro.local
uname -m = x86_64
uname -r = 15.6.0
uname -s = Darwin
uname -v = Darwin Kernel Version 15.6.0: Wed Nov  2 20:30:56 PDT 2016; root:xnu-3248.60.11.1.2~2/RELEASE_X86_64

/usr/bin/uname -p = i386
/bin/uname -X     = unknown

/bin/arch              = unknown
/usr/bin/arch -k       = unknown
/usr/convex/getsysinfo = unknown
/usr/bin/hostinfo      = Mach kernel version:
	 Darwin Kernel Version 15.6.0: Wed Nov  2 20:30:56 PDT 2016; root:xnu-3248.60.11.1.2~2/RELEASE_X86_64
Kernel configured for up to 4 processors.
2 processors are physically available.
4 processors are logically available.
Processor type: x86_64h (Intel x86-64h Haswell)
Processors active: 0 1 2 3
Primary memory available: 8.00 gigabytes
Default processor set: 250 tasks, 1029 threads, 4 processors
Load average: 1.60, Mach factor: 2.60
/bin/machine           = unknown
/usr/bin/oslevel       = unknown
/bin/universe          = unknown

PATH: /usr/local/bin
PATH: /usr/local/bin
PATH: /usr/bin
PATH: /bin
PATH: /usr/sbin
PATH: /sbin


## ----------- ##
## Core tests. ##
## ----------- ##

configure:2297: checking build system type
configure:2311: result: x86_64-apple-darwin15.6.0
configure:2358: checking host system type
configure:2371: result: x86_64-apple-darwin15.6.0
configure:2391: checking target system type
configure:2404: result: arm-none-eabi
configure:2458: checking for a BSD-compatible install
configure:2526: result: /usr/local/bin/ginstall -c
configure:2537: checking whether ln works
configure:2559: result: yes
configure:2563: checking whether ln -s works
configure:2567: result: yes
configure:2574: checking for a sed that does not truncate output
configure:2638: result: /usr/bin/sed
configure:2647: checking for gawk
configure:2677: result: no
configure:2647: checking for mawk
configure:2677: result: no
configure:2647: checking for nawk
configure:2677: result: no
configure:2647: checking for awk
configure:2663: found /usr/bin/awk
configure:2674: result: awk
configure:4117: checking for gcc
configure:4133: found /usr/bin/gcc
configure:4144: result: gcc
configure:4373: checking for C compiler version
configure:4382: gcc --version >&5
Apple LLVM version 7.3.0 (clang-703.0.31)
Target: x86_64-apple-darwin15.6.0
Thread model: posix
InstalledDir: /Library/Developer/CommandLineTools/usr/bin
Configured with: --prefix=/Library/Developer/CommandLineTools/usr --with-gxx-include-dir=/usr/include/c++/4.2.1
configure:4393: $? = 0
configure:4382: gcc -v >&5
Configured with: --prefix=/Library/Developer/CommandLineTools/usr --with-gxx-include-dir=/usr/include/c++/4.2.1
Apple LLVM version 7.3.0 (clang-703.0.31)
Target: x86_64-apple-darwin15.6.0
Thread model: posix
InstalledDir: /Library/Developer/CommandLineTools/usr/bin
configure:4393: $? = 0
configure:4382: gcc -V >&5
clang: error: argument to '-V' is missing (expected 1 value)
clang: error: no input files
configure:4393: $? = 1
configure:4382: gcc -qversion >&5
clang: error: unknown argument: '-qversion'
clang: error: no input files
configure:4393: $? = 1
configure:4413: checking for C compiler default output file name
configure:4435: gcc    conftest.c  >&5
configure:4439: $? = 0
configure:4476: result: a.out
configure:4492: checking whether the C compiler works
configure:4501: ./a.out
configure:4505: $? = 0
configure:4520: result: yes
configure:4527: checking whether we are cross compiling
configure:4529: result: no
configure:4532: checking for suffix of executables
configure:4539: gcc -o conftest    conftest.c  >&5
configure:4543: $? = 0
configure:4565: result: 
configure:4571: checking for suffix of object files
configure:4593: gcc -c   conftest.c >&5
configure:4597: $? = 0
configure:4618: result: o
configure:4622: checking whether we are using the GNU C compiler
configure:4641: gcc -c   conftest.c >&5
configure:4641: $? = 0
configure:4650: result: yes
configure:4659: checking whether gcc accepts -g
configure:4679: gcc -c -g  conftest.c >&5
configure:4679: $? = 0
configure:4720: result: yes
configure:4737: checking for gcc option to accept ISO C89
configure:4801: gcc  -c -g -O2  conftest.c >&5
configure:4801: $? = 0
configure:4814: result: none needed
configure:4892: checking for g++
configure:4908: found /usr/bin/g++
configure:4919: result: g++
configure:4946: checking for C++ compiler version
configure:4955: g++ --version >&5
Apple LLVM version 7.3.0 (clang-703.0.31)
Target: x86_64-apple-darwin15.6.0
Thread model: posix
InstalledDir: /Library/Developer/CommandLineTools/usr/bin
Configured with: --prefix=/Library/Developer/CommandLineTools/usr --with-gxx-include-dir=/usr/include/c++/4.2.1
configure:4966: $? = 0
configure:4955: g++ -v >&5
Configured with: --prefix=/Library/Developer/CommandLineTools/usr --with-gxx-include-dir=/usr/include/c++/4.2.1
Apple LLVM version 7.3.0 (clang-703.0.31)
Target: x86_64-apple-darwin15.6.0
Thread model: posix
InstalledDir: /Library/Developer/CommandLineTools/usr/bin
configure:4966: $? = 0
configure:4955: g++ -V >&5
clang: error: argument to '-V' is missing (expected 1 value)
clang: error: no input files
configure:4966: $? = 1
configure:4955: g++ -qversion >&5
clang: error: unknown argument: '-qversion'
clang: error: no input files
configure:4966: $? = 1
configure:4970: checking whether we are using the GNU C++ compiler
configure:4989: g++ -c   conftest.cpp >&5
configure:4989: $? = 0
configure:4998: result: yes
configure:5007: checking whether g++ accepts -g
configure:5027: g++ -c -g  conftest.cpp >&5
configure:5027: $? = 0
configure:5068: result: yes
configure:5117: checking whether g++ accepts -static-libstdc++ -static-libgcc
configure:5134: g++ -o conftest -g -O2   -static-libstdc++ -static-libgcc conftest.cpp  >&5
clang: error: unsupported option '-static-libgcc'
configure:5134: $? = 1
configure: failed program was:
| /* confdefs.h */
| #define PACKAGE_NAME ""
| #define PACKAGE_TARNAME ""
| #define PACKAGE_VERSION ""
| #define PACKAGE_STRING ""
| #define PACKAGE_BUGREPORT ""
| #define PACKAGE_URL ""
| /* end confdefs.h.  */
| 
| #if (__GNUC__ < 4) || (__GNUC__ == 4 && __GNUC_MINOR__ < 5)
| #error -static-libstdc++ not implemented
| #endif
| int main() {}
configure:5138: result: no
configure:5199: checking for gnatbind
configure:5229: result: no
configure:5291: checking for gnatmake
configure:5321: result: no
configure:5340: checking whether compiler driver understands Ada
configure:5363: result: no
configure:5372: checking how to compare bootstrapped objects
configure:5397: result: cmp --ignore-initial=16 $$f1 $$f2
configure:5457: checking for objdir
configure:5472: result: .libs
configure:6016: checking for isl 0.16, 0.15, or deprecated 0.14
configure:6029: gcc -o conftest -g -O2      -lisl -lmpc -lmpfr -lgmp conftest.c  -lisl -lgmp >&5
configure:6029: $? = 0
configure:6036: result: yes
configure:6044: checking for isl 0.16 or 0.15
configure:6057: gcc -o conftest -g -O2      -lisl -lmpc -lmpfr -lgmp conftest.c  -lisl -lgmp >&5
conftest.c:14:1: warning: implicit declaration of function 'isl_options_set_schedule_serialize_sccs' is invalid in C99 [-Wimplicit-function-declaration]
isl_options_set_schedule_serialize_sccs (NULL, 0);
^
1 warning generated.
Undefined symbols for architecture x86_64:
  "_isl_options_set_schedule_serialize_sccs", referenced from:
      _main in conftest-e8a3f8.o
ld: symbol(s) not found for architecture x86_64
clang: error: linker command failed with exit code 1 (use -v to see invocation)
configure:6057: $? = 1
configure: failed program was:
| /* confdefs.h */
| #define PACKAGE_NAME ""
| #define PACKAGE_TARNAME ""
| #define PACKAGE_VERSION ""
| #define PACKAGE_STRING ""
| #define PACKAGE_BUGREPORT ""
| #define PACKAGE_URL ""
| #define LT_OBJDIR ".libs/"
| /* end confdefs.h.  */
| #include <isl/schedule.h>
| int
| main ()
| {
| isl_options_set_schedule_serialize_sccs (NULL, 0);
|   ;
|   return 0;
| }
configure:6064: result: no
configure:7068: checking for default BUILD_CONFIG
configure:7100: result: 
configure:7105: checking for --enable-vtable-verify
configure:7118: result: no
configure:7714: checking for bison
configure:7730: found /usr/bin/bison
configure:7741: result: bison -y
configure:7761: checking for bison
configure:7777: found /usr/bin/bison
configure:7788: result: bison
configure:7808: checking for gm4
configure:7824: found /usr/bin/gm4
configure:7835: result: gm4
configure:7855: checking for flex
configure:7871: found /usr/bin/flex
configure:7882: result: flex
configure:7903: checking for flex
configure:7919: found /usr/bin/flex
configure:7930: result: flex
configure:7950: checking for makeinfo
configure:7966: found /usr/bin/makeinfo
configure:7977: result: makeinfo
configure:8011: checking for expect
configure:8027: found /usr/bin/expect
configure:8038: result: expect
configure:8060: checking for runtest
configure:8090: result: no
configure:8205: checking for ar
configure:8221: found /usr/bin/ar
configure:8232: result: ar
configure:8346: checking for as
configure:8362: found /usr/bin/as
configure:8373: result: as
configure:8487: checking for dlltool
configure:8517: result: no
configure:8547: checking for ld
configure:8574: result: /Library/Developer/CommandLineTools/usr/bin/ld
configure:8769: checking for lipo
configure:8785: found /usr/bin/lipo
configure:8796: result: lipo
configure:8910: checking for nm
configure:8926: found /usr/bin/nm
configure:8937: result: nm
configure:9051: checking for ranlib
configure:9067: found /usr/bin/ranlib
configure:9078: result: ranlib
configure:9187: checking for strip
configure:9203: found /usr/bin/strip
configure:9214: result: strip
configure:9323: checking for windres
configure:9353: result: no
configure:9464: checking for windmc
configure:9494: result: no
configure:9605: checking for objcopy
configure:9635: result: no
configure:9746: checking for objdump
configure:9776: result: no
configure:9887: checking for readelf
configure:9917: result: no
configure:10028: checking for arm-none-eabi-cc
configure:10058: result: no
configure:10028: checking for arm-none-eabi-gcc
configure:10044: found /usr/local/bin/arm-none-eabi-gcc
configure:10055: result: arm-none-eabi-gcc
configure:10189: checking for arm-none-eabi-c++
configure:10205: found /usr/local/bin/arm-none-eabi-c++
configure:10216: result: arm-none-eabi-c++
configure:10350: checking for arm-none-eabi-gcc
configure:10366: found /usr/local/bin/arm-none-eabi-gcc
configure:10377: result: arm-none-eabi-gcc
configure:10506: checking for arm-none-eabi-gcj
configure:10536: result: no
configure:10667: checking for arm-none-eabi-gfortran
configure:10697: result: no
configure:10828: checking for arm-none-eabi-gccgo
configure:10858: result: no
configure:11069: checking for arm-none-eabi-ar
configure:11085: found /usr/local/bin/arm-none-eabi-ar
configure:11096: result: arm-none-eabi-ar
configure:11299: checking for arm-none-eabi-as
configure:11315: found /usr/local/bin/arm-none-eabi-as
configure:11326: result: arm-none-eabi-as
configure:11529: checking for arm-none-eabi-dlltool
configure:11559: result: no
configure:11759: checking for arm-none-eabi-ld
configure:11775: found /usr/local/bin/arm-none-eabi-ld
configure:11786: result: arm-none-eabi-ld
configure:11989: checking for arm-none-eabi-lipo
configure:12019: result: no
configure:12219: checking for arm-none-eabi-nm
configure:12235: found /usr/local/bin/arm-none-eabi-nm
configure:12246: result: arm-none-eabi-nm
configure:12449: checking for arm-none-eabi-objcopy
configure:12465: found /usr/local/bin/arm-none-eabi-objcopy
configure:12476: result: arm-none-eabi-objcopy
configure:12679: checking for arm-none-eabi-objdump
configure:12695: found /usr/local/bin/arm-none-eabi-objdump
configure:12706: result: arm-none-eabi-objdump
configure:12909: checking for arm-none-eabi-ranlib
configure:12925: found /usr/local/bin/arm-none-eabi-ranlib
configure:12936: result: arm-none-eabi-ranlib
configure:13139: checking for arm-none-eabi-readelf
configure:13155: found /usr/local/bin/arm-none-eabi-readelf
configure:13166: result: arm-none-eabi-readelf
configure:13369: checking for arm-none-eabi-strip
configure:13385: found /usr/local/bin/arm-none-eabi-strip
configure:13396: result: arm-none-eabi-strip
configure:13599: checking for arm-none-eabi-windres
configure:13629: result: no
configure:13829: checking for arm-none-eabi-windmc
configure:13859: result: no
configure:13926: checking where to find the target ar
configure:13963: result: pre-installed
configure:13968: checking where to find the target as
configure:14005: result: pre-installed
configure:14010: checking where to find the target cc
configure:14047: result: pre-installed
configure:14052: checking where to find the target c++
configure:14092: result: pre-installed
configure:14097: checking where to find the target c++ for libstdc++
configure:14137: result: pre-installed
configure:14142: checking where to find the target dlltool
configure:14179: result: pre-installed
configure:14184: checking where to find the target gcc
configure:14221: result: pre-installed
configure:14226: checking where to find the target gcj
configure:14266: result: pre-installed
configure:14271: checking where to find the target gfortran
configure:14311: result: pre-installed
configure:14316: checking where to find the target gccgo
configure:14356: result: pre-installed
configure:14361: checking where to find the target ld
configure:14398: result: pre-installed
configure:14403: checking where to find the target lipo
configure:14429: result: pre-installed
configure:14434: checking where to find the target nm
configure:14471: result: pre-installed
configure:14476: checking where to find the target objcopy
configure:14513: result: pre-installed
configure:14518: checking where to find the target objdump
configure:14555: result: pre-installed
configure:14560: checking where to find the target ranlib
configure:14597: result: pre-installed
configure:14602: checking where to find the target readelf
configure:14639: result: pre-installed
configure:14644: checking where to find the target strip
configure:14681: result: pre-installed
configure:14686: checking where to find the target windres
configure:14723: result: pre-installed
configure:14728: checking where to find the target windmc
configure:14765: result: pre-installed
configure:14798: checking whether to enable maintainer-specific portions of Makefiles
configure:14807: result: no
configure:15065: creating ./config.status

## ---------------------- ##
## Running config.status. ##
## ---------------------- ##

This file was extended by config.status, which was
generated by GNU Autoconf 2.64.  Invocation command line was

  CONFIG_FILES    = 
  CONFIG_HEADERS  = 
  CONFIG_LINKS    = 
  CONFIG_COMMANDS = 
  $ ./config.status 

on Justins-MacBook-Pro.local

config.status:919: creating Makefile

## ---------------- ##
## Cache variables. ##
## ---------------- ##

ac_cv_build=x86_64-apple-darwin15.6.0
ac_cv_c_compiler_gnu=yes
ac_cv_cxx_compiler_gnu=yes
ac_cv_env_AR_FOR_TARGET_set=
ac_cv_env_AR_FOR_TARGET_value=
ac_cv_env_AR_set=
ac_cv_env_AR_value=
ac_cv_env_AS_FOR_TARGET_set=
ac_cv_env_AS_FOR_TARGET_value=
ac_cv_env_AS_set=
ac_cv_env_AS_value=
ac_cv_env_CCC_set=
ac_cv_env_CCC_value=
ac_cv_env_CC_FOR_TARGET_set=
ac_cv_env_CC_FOR_TARGET_value=
ac_cv_env_CC_set=
ac_cv_env_CC_value=
ac_cv_env_CFLAGS_set=
ac_cv_env_CFLAGS_value=
ac_cv_env_CPPFLAGS_set=
ac_cv_env_CPPFLAGS_value=
ac_cv_env_CXXFLAGS_set=
ac_cv_env_CXXFLAGS_value=
ac_cv_env_CXX_FOR_TARGET_set=
ac_cv_env_CXX_FOR_TARGET_value=
ac_cv_env_CXX_set=
ac_cv_env_CXX_value=
ac_cv_env_DLLTOOL_FOR_TARGET_set=
ac_cv_env_DLLTOOL_FOR_TARGET_value=
ac_cv_env_DLLTOOL_set=
ac_cv_env_DLLTOOL_value=
ac_cv_env_GCC_FOR_TARGET_set=
ac_cv_env_GCC_FOR_TARGET_value=
ac_cv_env_GCJ_FOR_TARGET_set=
ac_cv_env_GCJ_FOR_TARGET_value=
ac_cv_env_GFORTRAN_FOR_TARGET_set=
ac_cv_env_GFORTRAN_FOR_TARGET_value=
ac_cv_env_GOC_FOR_TARGET_set=
ac_cv_env_GOC_FOR_TARGET_value=
ac_cv_env_LDFLAGS_set=
ac_cv_env_LDFLAGS_value=
ac_cv_env_LD_FOR_TARGET_set=
ac_cv_env_LD_FOR_TARGET_value=
ac_cv_env_LD_set=
ac_cv_env_LD_value=
ac_cv_env_LIBS_set=
ac_cv_env_LIBS_value=
ac_cv_env_LIPO_FOR_TARGET_set=
ac_cv_env_LIPO_FOR_TARGET_value=
ac_cv_env_LIPO_set=
ac_cv_env_LIPO_value=
ac_cv_env_NM_FOR_TARGET_set=
ac_cv_env_NM_FOR_TARGET_value=
ac_cv_env_NM_set=
ac_cv_env_NM_value=
ac_cv_env_OBJCOPY_FOR_TARGET_set=
ac_cv_env_OBJCOPY_FOR_TARGET_value=
ac_cv_env_OBJCOPY_set=
ac_cv_env_OBJCOPY_value=
ac_cv_env_OBJDUMP_FOR_TARGET_set=
ac_cv_env_OBJDUMP_FOR_TARGET_value=
ac_cv_env_OBJDUMP_set=
ac_cv_env_OBJDUMP_value=
ac_cv_env_RANLIB_FOR_TARGET_set=
ac_cv_env_RANLIB_FOR_TARGET_value=
ac_cv_env_RANLIB_set=
ac_cv_env_RANLIB_value=
ac_cv_env_READELF_FOR_TARGET_set=
ac_cv_env_READELF_FOR_TARGET_value=
ac_cv_env_READELF_set=
ac_cv_env_READELF_value=
ac_cv_env_STRIP_FOR_TARGET_set=
ac_cv_env_STRIP_FOR_TARGET_value=
ac_cv_env_STRIP_set=
ac_cv_env_STRIP_value=
ac_cv_env_WINDMC_FOR_TARGET_set=
ac_cv_env_WINDMC_FOR_TARGET_value=
ac_cv_env_WINDMC_set=
ac_cv_env_WINDMC_value=
ac_cv_env_WINDRES_FOR_TARGET_set=
ac_cv_env_WINDRES_FOR_TARGET_value=
ac_cv_env_WINDRES_set=
ac_cv_env_WINDRES_value=
ac_cv_env_build_alias_set=
ac_cv_env_build_alias_value=
ac_cv_env_build_configargs_set=
ac_cv_env_build_configargs_value=
ac_cv_env_host_alias_set=
ac_cv_env_host_alias_value=
ac_cv_env_host_configargs_set=
ac_cv_env_host_configargs_value=
ac_cv_env_target_alias_set=set
ac_cv_env_target_alias_value=arm-none-eabi
ac_cv_env_target_configargs_set=
ac_cv_env_target_configargs_value=
ac_cv_host=x86_64-apple-darwin15.6.0
ac_cv_objext=o
ac_cv_path_SED=/usr/bin/sed
ac_cv_path_install='/usr/local/bin/ginstall -c'
ac_cv_prog_AR=ar
ac_cv_prog_AR_FOR_TARGET=arm-none-eabi-ar
ac_cv_prog_AS=as
ac_cv_prog_AS_FOR_TARGET=arm-none-eabi-as
ac_cv_prog_AWK=awk
ac_cv_prog_BISON=bison
ac_cv_prog_CC_FOR_TARGET=arm-none-eabi-gcc
ac_cv_prog_CXX_FOR_TARGET=arm-none-eabi-c++
ac_cv_prog_EXPECT=expect
ac_cv_prog_FLEX=flex
ac_cv_prog_GCC_FOR_TARGET=arm-none-eabi-gcc
ac_cv_prog_LD=/Library/Developer/CommandLineTools/usr/bin/ld
ac_cv_prog_LD_FOR_TARGET=arm-none-eabi-ld
ac_cv_prog_LEX=flex
ac_cv_prog_LIPO=lipo
ac_cv_prog_M4=gm4
ac_cv_prog_MAKEINFO=makeinfo
ac_cv_prog_NM=nm
ac_cv_prog_NM_FOR_TARGET=arm-none-eabi-nm
ac_cv_prog_OBJCOPY_FOR_TARGET=arm-none-eabi-objcopy
ac_cv_prog_OBJDUMP_FOR_TARGET=arm-none-eabi-objdump
ac_cv_prog_RANLIB=ranlib
ac_cv_prog_RANLIB_FOR_TARGET=arm-none-eabi-ranlib
ac_cv_prog_READELF_FOR_TARGET=arm-none-eabi-readelf
ac_cv_prog_STRIP=strip
ac_cv_prog_STRIP_FOR_TARGET=arm-none-eabi-strip
ac_cv_prog_YACC='bison -y'
ac_cv_prog_ac_ct_CC=gcc
ac_cv_prog_ac_ct_CXX=g++
ac_cv_prog_cc_c89=
ac_cv_prog_cc_g=yes
ac_cv_prog_cxx_g=yes
ac_cv_target=arm-none-eabi
acx_cv_cc_gcc_supports_ada=no
acx_cv_prog_LN=ln
gcc_cv_isl=yes
gcc_cv_prog_cmp_skip='cmp --ignore-initial=16 $$f1 $$f2'
gcc_cv_tool_dirs=
gcc_cv_tool_prefix=/usr/local
lt_cv_objdir=.libs

## ----------------- ##
## Output variables. ##
## ----------------- ##

AR='ar'
AR_FOR_BUILD='$(AR)'
AR_FOR_TARGET='arm-none-eabi-ar'
AS='as'
AS_FOR_BUILD='$(AS)'
AS_FOR_TARGET='arm-none-eabi-as'
AWK='awk'
BISON='bison'
BUILD_CONFIG=''
CC='gcc'
CC_FOR_BUILD='$(CC)'
CC_FOR_TARGET='arm-none-eabi-gcc'
CFLAGS='-g -O2'
CFLAGS_FOR_BUILD='-g -O2'
CFLAGS_FOR_TARGET='-g -O2'
COMPILER_AS_FOR_TARGET='$(AS_FOR_TARGET)'
COMPILER_LD_FOR_TARGET='$(LD_FOR_TARGET)'
COMPILER_NM_FOR_TARGET='$(NM_FOR_TARGET)'
CONFIGURE_GDB_TK=''
CPPFLAGS=''
CXX='g++'
CXXFLAGS='-g -O2'
CXXFLAGS_FOR_BUILD='-g -O2'
CXXFLAGS_FOR_TARGET='-g -O2'
CXX_FOR_BUILD='$(CXX)'
CXX_FOR_TARGET='arm-none-eabi-c++'
DEBUG_PREFIX_CFLAGS_FOR_TARGET=''
DEFS='-DPACKAGE_NAME=\"\" -DPACKAGE_TARNAME=\"\" -DPACKAGE_VERSION=\"\" -DPACKAGE_STRING=\"\" -DPACKAGE_BUGREPORT=\"\" -DPACKAGE_URL=\"\" -DLT_OBJDIR=\".libs/\"'
DLLTOOL='dlltool'
DLLTOOL_FOR_BUILD='$(DLLTOOL)'
DLLTOOL_FOR_TARGET='arm-none-eabi-dlltool'
ECHO_C='\c'
ECHO_N=''
ECHO_T=''
EXEEXT=''
EXPECT='expect'
EXTRA_CONFIGARGS_LIBJAVA='--disable-static'
FLAGS_FOR_TARGET=' -B$$r/$(TARGET_SUBDIR)/newlib/ -isystem $$r/$(TARGET_SUBDIR)/newlib/targ-include -isystem $$s/newlib/libc/include -B$$r/$(TARGET_SUBDIR)/libgloss/arm -L$$r/$(TARGET_SUBDIR)/libgloss/libnosys -L$$s/libgloss/arm'
FLEX='flex'
GCC_FOR_TARGET='arm-none-eabi-gcc'
GCC_SHLIB_SUBDIR=''
GCJ_FOR_BUILD='$(GCJ)'
GCJ_FOR_TARGET='arm-none-eabi-gcj'
GDB_TK=''
GFORTRAN_FOR_BUILD='$(GFORTRAN)'
GFORTRAN_FOR_TARGET='arm-none-eabi-gfortran'
GNATBIND='no'
GNATMAKE='no'
GOC_FOR_BUILD='$(GOC)'
GOC_FOR_TARGET='arm-none-eabi-gccgo'
INSTALL_DATA='${INSTALL} -m 644'
INSTALL_GDB_TK=''
INSTALL_PROGRAM='${INSTALL}'
INSTALL_SCRIPT='${INSTALL}'
LD='/Library/Developer/CommandLineTools/usr/bin/ld'
LDFLAGS=''
LDFLAGS_FOR_BUILD=''
LDFLAGS_FOR_TARGET=''
LD_FOR_BUILD='$(LD)'
LD_FOR_TARGET='arm-none-eabi-ld'
LEX='flex'
LIBOBJS=''
LIBS=''
LIPO='lipo'
LIPO_FOR_TARGET='arm-none-eabi-lipo'
LN='ln'
LN_S='ln -s'
LTLIBOBJS=''
M4='gm4'
MAINT='#'
MAINTAINER_MODE_FALSE=''
MAINTAINER_MODE_TRUE='#'
MAKEINFO='makeinfo'
NM='nm'
NM_FOR_BUILD='$(NM)'
NM_FOR_TARGET='arm-none-eabi-nm'
OBJCOPY='objcopy'
OBJCOPY_FOR_TARGET='arm-none-eabi-objcopy'
OBJDUMP='objdump'
OBJDUMP_FOR_TARGET='arm-none-eabi-objdump'
OBJEXT='o'
PACKAGE_BUGREPORT=''
PACKAGE_NAME=''
PACKAGE_STRING=''
PACKAGE_TARNAME=''
PACKAGE_URL=''
PACKAGE_VERSION=''
PATH_SEPARATOR=':'
RANLIB='ranlib'
RANLIB_FOR_BUILD='$(RANLIB)'
RANLIB_FOR_TARGET='arm-none-eabi-ranlib'
RAW_CXX_FOR_TARGET='arm-none-eabi-c++'
READELF='readelf'
READELF_FOR_TARGET='arm-none-eabi-readelf'
RPATH_ENVVAR='DYLD_LIBRARY_PATH'
RUNTEST='runtest'
SED='/usr/bin/sed'
SHELL='/bin/sh'
STRIP='strip'
STRIP_FOR_TARGET='arm-none-eabi-strip'
SYSROOT_CFLAGS_FOR_TARGET=''
TOPLEVEL_CONFIGURE_ARGUMENTS='../newlib-cygwin/configure --target=arm-none-eabi --with-cpu=cortex-m4 --with-fpu=fpv4-sp-d16 --with-float=hard --with-mode=thumb --enable-interwork --enable-multilib --with-gnu-as --with-gnu-ld --disable-nls --disable-newlib-supplied-syscalls'
WINDMC='windmc'
WINDMC_FOR_BUILD='$(WINDMC)'
WINDMC_FOR_TARGET='arm-none-eabi-windmc'
WINDRES='windres'
WINDRES_FOR_BUILD='$(WINDRES)'
WINDRES_FOR_TARGET='arm-none-eabi-windres'
YACC='bison -y'
ac_ct_CC='gcc'
ac_ct_CXX='g++'
bindir='${exec_prefix}/bin'
build='x86_64-apple-darwin15.6.0'
build_alias=''
build_configargs=' --cache-file=./config.cache '\''--with-cpu=cortex-m4'\'' '\''--with-fpu=fpv4-sp-d16'\'' '\''--with-float=hard'\'' '\''--with-mode=thumb'\'' '\''--enable-interwork'\'' '\''--enable-multilib'\'' '\''--with-gnu-as'\'' '\''--with-gnu-ld'\'' '\''--disable-nls'\'' '\''--disable-newlib-supplied-syscalls'\'' --program-transform-name='\''s&^&arm-none-eabi-&'\'' --disable-option-checking'
build_configdirs=''
build_cpu='x86_64'
build_libsubdir='build-x86_64-apple-darwin15.6.0'
build_noncanonical='x86_64-apple-darwin15.6.0'
build_os='darwin15.6.0'
build_subdir='build-x86_64-apple-darwin15.6.0'
build_tooldir='${exec_prefix}/arm-none-eabi'
build_vendor='apple'
compare_exclusions='gcc/cc*-checksum$(objext) | gcc/ada/*tools/*'
configdirs=' etc'
datadir='${datarootdir}'
datarootdir='${prefix}/share'
do_compare='cmp --ignore-initial=16 $$f1 $$f2'
docdir='${datarootdir}/doc/${PACKAGE}'
dvidir='${docdir}'
exec_prefix='${prefix}'
extra_host_libiberty_configure_flags=''
extra_host_zlib_configure_flags=''
extra_isl_gmp_configure_flags=''
extra_liboffloadmic_configure_flags=''
extra_linker_plugin_configure_flags=''
extra_linker_plugin_flags=''
extra_mpc_gmp_configure_flags=''
extra_mpc_mpfr_configure_flags=''
extra_mpfr_configure_flags=''
gmpinc=''
gmplibs='-lmpc -lmpfr -lgmp'
host='x86_64-apple-darwin15.6.0'
host_alias=''
host_configargs=' --cache-file=./config.cache  --with-system-zlib --with-newlib '\''--with-cpu=cortex-m4'\'' '\''--with-fpu=fpv4-sp-d16'\'' '\''--with-float=hard'\'' '\''--with-mode=thumb'\'' '\''--enable-interwork'\'' '\''--enable-multilib'\'' '\''--with-gnu-as'\'' '\''--with-gnu-ld'\'' '\''--disable-nls'\'' '\''--disable-newlib-supplied-syscalls'\'' --program-transform-name='\''s&^&arm-none-eabi-&'\'' --disable-option-checking'
host_cpu='x86_64'
host_noncanonical='x86_64-apple-darwin15.6.0'
host_os='darwin15.6.0'
host_shared='no'
host_subdir='.'
host_vendor='apple'
htmldir='${docdir}'
includedir='${prefix}/include'
infodir='${datarootdir}/info'
islinc=''
isllibs=' -lisl'
islver=''
libdir='${exec_prefix}/lib'
libexecdir='${exec_prefix}/libexec'
localedir='${datarootdir}/locale'
localstatedir='${prefix}/var'
mandir='${datarootdir}/man'
oldincludedir='/usr/include'
pdfdir='${docdir}'
poststage1_ldflags='-static-libstdc++ -static-libgcc'
poststage1_libs=''
prefix='/usr/local'
program_transform_name='s&^&arm-none-eabi-&'
psdir='${docdir}'
sbindir='${exec_prefix}/sbin'
sharedstatedir='${prefix}/com'
stage1_cflags='-g'
stage1_checking='--enable-checking=yes,types'
stage1_languages=',c,'
stage1_ldflags=''
stage1_libs=''
stage2_werror_flag=''
sysconfdir='${prefix}/etc'
target='arm-none-eabi'
target_alias='arm-none-eabi'
target_configargs='--cache-file=./config.cache --with-newlib --with-cross-host=x86_64-apple-darwin15.6.0   '\''--with-cpu=cortex-m4'\'' '\''--with-fpu=fpv4-sp-d16'\'' '\''--with-float=hard'\'' '\''--with-mode=thumb'\'' '\''--enable-interwork'\'' '\''--enable-multilib'\'' '\''--with-gnu-as'\'' '\''--with-gnu-ld'\'' '\''--disable-nls'\'' '\''--disable-newlib-supplied-syscalls'\'' --program-transform-name='\''s&^&arm-none-eabi-&'\'' --disable-option-checking'
target_configdirs='libgloss newlib'
target_cpu='arm'
target_noncanonical='arm-none-eabi'
target_os='eabi'
target_subdir='arm-none-eabi'
target_vendor='none'
tooldir='${exec_prefix}/arm-none-eabi'

## ------------------- ##
## File substitutions. ##
## ------------------- ##

alphaieee_frag='/dev/null'
host_makefile_frag='../newlib-cygwin/config/mh-darwin'
ospace_frag='/dev/null'
serialization_dependencies='serdep.tmp'
target_makefile_frag='/dev/null'

## ----------- ##
## confdefs.h. ##
## ----------- ##

/* confdefs.h */
#define PACKAGE_NAME ""
#define PACKAGE_TARNAME ""
#define PACKAGE_VERSION ""
#define PACKAGE_STRING ""
#define PACKAGE_BUGREPORT ""
#define PACKAGE_URL ""
#define LT_OBJDIR ".libs/"

configure: exit 0
