This file contains any messages produced by compilers while
running configure, to aid debugging if configure makes a mistake.

It was created by newlib configure 2.4.0, which was
generated by GNU Autoconf 2.68.  Invocation command line was

  $ ../../../../../../newlib-cygwin/newlib/libc/sys/arm/configure --disable-option-checking --prefix=/usr/local --with-newlib --with-cross-host=x86_64-apple-darwin15.6.0 --with-cpu=cortex-m4 --with-fpu=fpv4-sp-d16 --with-float=hard --with-mode=thumb --enable-interwork --enable-multilib --with-gnu-as --with-gnu-ld --disable-nls --disable-newlib-supplied-syscalls --program-transform-name=s&^&arm-none-eabi-& --with-target-subdir=arm-none-eabi --build=x86_64-apple-darwin15.6.0 --host=arm-none-eabi --target=arm-none-eabi build_alias=x86_64-apple-darwin15.6.0 host_alias=arm-none-eabi target_alias=arm-none-eabi CC=arm-none-eabi-gcc -B/Users/justinng/Documents/Github/roborodentia2017/firmware/newlib_arm-none-eabi/arm-none-eabi/newlib/ -isystem /Users/justinng/Documents/Github/roborodentia2017/firmware/newlib_arm-none-eabi/arm-none-eabi/newlib/targ-include -isystem /Users/justinng/Documents/Github/roborodentia2017/firmware/newlib-cygwin/newlib/libc/include -B/Users/justinng/Documents/Github/roborodentia2017/firmware/newlib_arm-none-eabi/arm-none-eabi/libgloss/arm -L/Users/justinng/Documents/Github/roborodentia2017/firmware/newlib_arm-none-eabi/arm-none-eabi/libgloss/libnosys -L/Users/justinng/Documents/Github/roborodentia2017/firmware/newlib-cygwin/libgloss/arm    CFLAGS=-g -O2 LDFLAGS= CPPFLAGS= --cache-file=../../.././config.cache --srcdir=../../../../../../newlib-cygwin/newlib/libc/sys/arm

## --------- ##
## Platform. ##
## --------- ##

hostname = Justins-MacBook-Pro.local
uname -m = x86_64
uname -r = 15.6.0
uname -s = Darwin
uname -v = Darwin Kernel Version 15.6.0: Wed Nov  2 20:30:56 PDT 2016; root:xnu-3248.60.11.1.2~2/RELEASE_X86_64

/usr/bin/uname -p = i386
/bin/uname -X     = unknown

/bin/arch              = unknown
/usr/bin/arch -k       = unknown
/usr/convex/getsysinfo = unknown
/usr/bin/hostinfo      = Mach kernel version:
	 Darwin Kernel Version 15.6.0: Wed Nov  2 20:30:56 PDT 2016; root:xnu-3248.60.11.1.2~2/RELEASE_X86_64
Kernel configured for up to 4 processors.
2 processors are physically available.
4 processors are logically available.
Processor type: x86_64h (Intel x86-64h Haswell)
Processors active: 0 1 2 3
Primary memory available: 8.00 gigabytes
Default processor set: 260 tasks, 1045 threads, 4 processors
Load average: 2.02, Mach factor: 1.97
/bin/machine           = unknown
/usr/bin/oslevel       = unknown
/bin/universe          = unknown

PATH: /usr/local/bin
PATH: /usr/local/bin
PATH: /usr/bin
PATH: /bin
PATH: /usr/sbin
PATH: /sbin


## ----------- ##
## Core tests. ##
## ----------- ##

configure:1725: loading cache ../../.././config.cache
configure:1843: checking build system type
configure:1857: result: x86_64-apple-darwin15.6.0
configure:1877: checking host system type
configure:1890: result: arm-none-eabi
configure:1926: checking for a BSD-compatible install
configure:1994: result: /usr/local/bin/ginstall -c
configure:2005: checking whether build environment is sane
configure:2055: result: yes
configure:2104: checking for arm-none-eabi-strip
configure:2131: result: arm-none-eabi-strip
configure:2196: checking for a thread-safe mkdir -p
configure:2235: result: /usr/local/bin/gmkdir -p
configure:2248: checking for gawk
configure:2275: result: awk
configure:2286: checking whether /Library/Developer/CommandLineTools/usr/bin/make sets $(MAKE)
configure:2308: result: yes
configure:2338: checking for style of include used by /Library/Developer/CommandLineTools/usr/bin/make
configure:2366: result: GNU
configure:2576: checking for gcc
configure:2603: result: arm-none-eabi-gcc -B/Users/justinng/Documents/Github/roborodentia2017/firmware/newlib_arm-none-eabi/arm-none-eabi/newlib/ -isystem /Users/justinng/Documents/Github/roborodentia2017/firmware/newlib_arm-none-eabi/arm-none-eabi/newlib/targ-include -isystem /Users/justinng/Documents/Github/roborodentia2017/firmware/newlib-cygwin/newlib/libc/include -B/Users/justinng/Documents/Github/roborodentia2017/firmware/newlib_arm-none-eabi/arm-none-eabi/libgloss/arm -L/Users/justinng/Documents/Github/roborodentia2017/firmware/newlib_arm-none-eabi/arm-none-eabi/libgloss/libnosys -L/Users/justinng/Documents/Github/roborodentia2017/firmware/newlib-cygwin/libgloss/arm   
configure:2614: checking dependency style of arm-none-eabi-gcc -B/Users/justinng/Documents/Github/roborodentia2017/firmware/newlib_arm-none-eabi/arm-none-eabi/newlib/ -isystem /Users/justinng/Documents/Github/roborodentia2017/firmware/newlib_arm-none-eabi/arm-none-eabi/newlib/targ-include -isystem /Users/justinng/Documents/Github/roborodentia2017/firmware/newlib-cygwin/newlib/libc/include -B/Users/justinng/Documents/Github/roborodentia2017/firmware/newlib_arm-none-eabi/arm-none-eabi/libgloss/arm -L/Users/justinng/Documents/Github/roborodentia2017/firmware/newlib_arm-none-eabi/arm-none-eabi/libgloss/libnosys -L/Users/justinng/Documents/Github/roborodentia2017/firmware/newlib-cygwin/libgloss/arm   
configure:2725: result: gcc3
configure:2798: checking whether we are using GNU C
configure:2819: result: yes
configure:2828: checking whether arm-none-eabi-gcc -B/Users/justinng/Documents/Github/roborodentia2017/firmware/newlib_arm-none-eabi/arm-none-eabi/newlib/ -isystem /Users/justinng/Documents/Github/roborodentia2017/firmware/newlib_arm-none-eabi/arm-none-eabi/newlib/targ-include -isystem /Users/justinng/Documents/Github/roborodentia2017/firmware/newlib-cygwin/newlib/libc/include -B/Users/justinng/Documents/Github/roborodentia2017/firmware/newlib_arm-none-eabi/arm-none-eabi/libgloss/arm -L/Users/justinng/Documents/Github/roborodentia2017/firmware/newlib_arm-none-eabi/arm-none-eabi/libgloss/libnosys -L/Users/justinng/Documents/Github/roborodentia2017/firmware/newlib-cygwin/libgloss/arm    accepts -g
configure:2889: result: no
configure:2922: checking for arm-none-eabi-as
configure:2949: result: arm-none-eabi-as
configure:3014: checking for arm-none-eabi-ar
configure:3041: result: arm-none-eabi-ar
configure:3106: checking for arm-none-eabi-ranlib
configure:3133: result: arm-none-eabi-ranlib
configure:3198: checking for arm-none-eabi-readelf
configure:3225: result: arm-none-eabi-readelf
configure:3294: checking whether to enable maintainer-specific portions of Makefiles
configure:3303: result: no
configure:3606: creating ./config.status

## ---------------------- ##
## Running config.status. ##
## ---------------------- ##

This file was extended by newlib config.status 2.4.0, which was
generated by GNU Autoconf 2.68.  Invocation command line was

  CONFIG_FILES    = 
  CONFIG_HEADERS  = 
  CONFIG_LINKS    = 
  CONFIG_COMMANDS = 
  $ ./config.status 

on Justins-MacBook-Pro.local

config.status:822: creating Makefile
config.status:979: executing depfiles commands

## ---------------- ##
## Cache variables. ##
## ---------------- ##

ac_cv_build=x86_64-apple-darwin15.6.0
ac_cv_c_compiler_gnu=yes
ac_cv_env_CCASFLAGS_set=
ac_cv_env_CCASFLAGS_value=
ac_cv_env_CCAS_set=
ac_cv_env_CCAS_value=
ac_cv_env_CC_set=set
ac_cv_env_CC_value='arm-none-eabi-gcc -B/Users/justinng/Documents/Github/roborodentia2017/firmware/newlib_arm-none-eabi/arm-none-eabi/newlib/ -isystem /Users/justinng/Documents/Github/roborodentia2017/firmware/newlib_arm-none-eabi/arm-none-eabi/newlib/targ-include -isystem /Users/justinng/Documents/Github/roborodentia2017/firmware/newlib-cygwin/newlib/libc/include -B/Users/justinng/Documents/Github/roborodentia2017/firmware/newlib_arm-none-eabi/arm-none-eabi/libgloss/arm -L/Users/justinng/Documents/Github/roborodentia2017/firmware/newlib_arm-none-eabi/arm-none-eabi/libgloss/libnosys -L/Users/justinng/Documents/Github/roborodentia2017/firmware/newlib-cygwin/libgloss/arm   '
ac_cv_env_CFLAGS_set=set
ac_cv_env_CFLAGS_value='-g -O2'
ac_cv_env_CPPFLAGS_set=set
ac_cv_env_CPPFLAGS_value=
ac_cv_env_CPP_set=
ac_cv_env_CPP_value=
ac_cv_env_LDFLAGS_set=set
ac_cv_env_LDFLAGS_value=
ac_cv_env_LIBS_set=
ac_cv_env_LIBS_value=
ac_cv_env_build_alias_set=set
ac_cv_env_build_alias_value=x86_64-apple-darwin15.6.0
ac_cv_env_host_alias_set=set
ac_cv_env_host_alias_value=arm-none-eabi
ac_cv_env_target_alias_set=set
ac_cv_env_target_alias_value=arm-none-eabi
ac_cv_host=arm-none-eabi
ac_cv_path_SED=/usr/bin/sed
ac_cv_path_mkdir=/usr/local/bin/gmkdir
ac_cv_prog_AR=arm-none-eabi-ar
ac_cv_prog_AS=arm-none-eabi-as
ac_cv_prog_AWK=awk
ac_cv_prog_CC='arm-none-eabi-gcc -B/Users/justinng/Documents/Github/roborodentia2017/firmware/newlib_arm-none-eabi/arm-none-eabi/newlib/ -isystem /Users/justinng/Documents/Github/roborodentia2017/firmware/newlib_arm-none-eabi/arm-none-eabi/newlib/targ-include -isystem /Users/justinng/Documents/Github/roborodentia2017/firmware/newlib-cygwin/newlib/libc/include -B/Users/justinng/Documents/Github/roborodentia2017/firmware/newlib_arm-none-eabi/arm-none-eabi/libgloss/arm -L/Users/justinng/Documents/Github/roborodentia2017/firmware/newlib_arm-none-eabi/arm-none-eabi/libgloss/libnosys -L/Users/justinng/Documents/Github/roborodentia2017/firmware/newlib-cygwin/libgloss/arm   '
ac_cv_prog_RANLIB=arm-none-eabi-ranlib
ac_cv_prog_READELF=arm-none-eabi-readelf
ac_cv_prog_STRIP=arm-none-eabi-strip
ac_cv_prog_cc_g=no
ac_cv_prog_make__Library_Developer_CommandLineTools_usr_bin_make_set=yes
acnewlib_cv_type_long_double=yes
am_cv_CC_dependencies_compiler_type=gcc3
libc_cv_cc_loop_to_function=yes
libc_cv_initfinit_array=yes
newlib_cv_ldbl_eq_dbl=yes

## ----------------- ##
## Output variables. ##
## ----------------- ##

ACLOCAL='${SHELL} /Users/justinng/Documents/Github/roborodentia2017/firmware/newlib-cygwin/missing --run aclocal-1.11'
AMDEPBACKSLASH='\'
AMDEP_FALSE='#'
AMDEP_TRUE=''
AMTAR='$${TAR-tar}'
AR='arm-none-eabi-ar'
AS='arm-none-eabi-as'
AUTOCONF='${SHELL} /Users/justinng/Documents/Github/roborodentia2017/firmware/newlib-cygwin/missing --run autoconf'
AUTOHEADER='${SHELL} /Users/justinng/Documents/Github/roborodentia2017/firmware/newlib-cygwin/missing --run autoheader'
AUTOMAKE='${SHELL} /Users/justinng/Documents/Github/roborodentia2017/firmware/newlib-cygwin/missing --run automake-1.11'
AWK='awk'
CC='arm-none-eabi-gcc -B/Users/justinng/Documents/Github/roborodentia2017/firmware/newlib_arm-none-eabi/arm-none-eabi/newlib/ -isystem /Users/justinng/Documents/Github/roborodentia2017/firmware/newlib_arm-none-eabi/arm-none-eabi/newlib/targ-include -isystem /Users/justinng/Documents/Github/roborodentia2017/firmware/newlib-cygwin/newlib/libc/include -B/Users/justinng/Documents/Github/roborodentia2017/firmware/newlib_arm-none-eabi/arm-none-eabi/libgloss/arm -L/Users/justinng/Documents/Github/roborodentia2017/firmware/newlib_arm-none-eabi/arm-none-eabi/libgloss/libnosys -L/Users/justinng/Documents/Github/roborodentia2017/firmware/newlib-cygwin/libgloss/arm   '
CCAS='arm-none-eabi-gcc -B/Users/justinng/Documents/Github/roborodentia2017/firmware/newlib_arm-none-eabi/arm-none-eabi/newlib/ -isystem /Users/justinng/Documents/Github/roborodentia2017/firmware/newlib_arm-none-eabi/arm-none-eabi/newlib/targ-include -isystem /Users/justinng/Documents/Github/roborodentia2017/firmware/newlib-cygwin/newlib/libc/include -B/Users/justinng/Documents/Github/roborodentia2017/firmware/newlib_arm-none-eabi/arm-none-eabi/libgloss/arm -L/Users/justinng/Documents/Github/roborodentia2017/firmware/newlib_arm-none-eabi/arm-none-eabi/libgloss/libnosys -L/Users/justinng/Documents/Github/roborodentia2017/firmware/newlib-cygwin/libgloss/arm   '
CCASFLAGS='-g -O2'
CCDEPMODE='depmode=gcc3'
CYGPATH_W='echo'
DEFS='-DPACKAGE_NAME=\"newlib\" -DPACKAGE_TARNAME=\"newlib\" -DPACKAGE_VERSION=\"2.4.0\" -DPACKAGE_STRING=\"newlib\ 2.4.0\" -DPACKAGE_BUGREPORT=\"\" -DPACKAGE_URL=\"\"'
DEPDIR='.deps'
ECHO_C='\c'
ECHO_N=''
ECHO_T=''
ELIX_LEVEL_0_FALSE='#'
ELIX_LEVEL_0_TRUE=''
ELIX_LEVEL_1_FALSE=''
ELIX_LEVEL_1_TRUE='#'
ELIX_LEVEL_2_FALSE=''
ELIX_LEVEL_2_TRUE='#'
ELIX_LEVEL_3_FALSE=''
ELIX_LEVEL_3_TRUE='#'
ELIX_LEVEL_4_FALSE=''
ELIX_LEVEL_4_TRUE='#'
INSTALL_DATA='/usr/local/bin/ginstall -c -m 644'
INSTALL_PROGRAM='/usr/local/bin/ginstall -c'
INSTALL_SCRIPT='/usr/local/bin/ginstall -c'
INSTALL_STRIP_PROGRAM='$(install_sh) -c -s'
LDFLAGS=''
LIBOBJS=''
LIBS=''
LTLIBOBJS=''
MAINT='#'
MAINTAINER_MODE_FALSE=''
MAINTAINER_MODE_TRUE='#'
MAKEINFO='makeinfo --split-size=5000000'
MAY_SUPPLY_SYSCALLS_FALSE=''
MAY_SUPPLY_SYSCALLS_TRUE='#'
MKDIR_P='/usr/local/bin/gmkdir -p'
NEWLIB_CFLAGS=' -D__NO_SYSCALLS__ -fno-builtin'
NO_INCLUDE_LIST=' rpc/types.h rpc/xdr.h'
OBJEXT='o'
PACKAGE='newlib'
PACKAGE_BUGREPORT=''
PACKAGE_NAME='newlib'
PACKAGE_STRING='newlib 2.4.0'
PACKAGE_TARNAME='newlib'
PACKAGE_URL=''
PACKAGE_VERSION='2.4.0'
PATH_SEPARATOR=':'
RANLIB='arm-none-eabi-ranlib'
READELF='arm-none-eabi-readelf'
SET_MAKE=''
SHELL='/bin/sh'
STRIP='arm-none-eabi-strip'
USE_LIBTOOL_FALSE=''
USE_LIBTOOL_TRUE='#'
VERSION='2.4.0'
aext='a'
am__fastdepCC_FALSE='#'
am__fastdepCC_TRUE=''
am__include='include'
am__isrc=' -I$(srcdir)'
am__leading_dot='.'
am__nodep='_no'
am__quote=''
am__tar='$${TAR-tar} chof - "$$tardir"'
am__untar='$${TAR-tar} xf -'
bindir='${exec_prefix}/bin'
build='x86_64-apple-darwin15.6.0'
build_alias='x86_64-apple-darwin15.6.0'
build_cpu='x86_64'
build_os='darwin15.6.0'
build_vendor='apple'
datadir='${datarootdir}'
datarootdir='${prefix}/share'
docdir='${datarootdir}/doc/${PACKAGE_TARNAME}'
dvidir='${docdir}'
exec_prefix='${prefix}'
host='arm-none-eabi'
host_alias='arm-none-eabi'
host_cpu='arm'
host_os='eabi'
host_vendor='none'
htmldir='${docdir}'
includedir='${prefix}/include'
infodir='${datarootdir}/info'
install_sh='${SHELL} /Users/justinng/Documents/Github/roborodentia2017/firmware/newlib-cygwin/install-sh'
libdir='${exec_prefix}/lib'
libexecdir='${exec_prefix}/libexec'
libm_machine_dir='arm'
localedir='${datarootdir}/locale'
localstatedir='${prefix}/var'
lpfx='lib_a-'
machine_dir='arm'
mandir='${datarootdir}/man'
mkdir_p='/usr/local/bin/gmkdir -p'
newlib_basedir='../../../../../../newlib-cygwin/newlib/libc/sys/arm/../../..'
oext='o'
oldincludedir='/usr/include'
pdfdir='${docdir}'
prefix='/usr/local'
program_transform_name='s&^&arm-none-eabi-&'
psdir='${docdir}'
sbindir='${exec_prefix}/sbin'
sharedstatedir='${prefix}/com'
sys_dir='arm'
sysconfdir='${prefix}/etc'
target_alias='arm-none-eabi'

## ----------- ##
## confdefs.h. ##
## ----------- ##

/* confdefs.h */
#define PACKAGE_NAME "newlib"
#define PACKAGE_TARNAME "newlib"
#define PACKAGE_VERSION "2.4.0"
#define PACKAGE_STRING "newlib 2.4.0"
#define PACKAGE_BUGREPORT ""
#define PACKAGE_URL ""

configure: exit 0
